Tokens:
LParen	(	0
Digit	0	1
RParen	)	2
Keyword	N	3
Keyword	C	4
Keyword	C	5
Sep	,	6
Digit	2	7
Haf	-	8
Keyword	Me	9
Sep	,	11
Digit	3	12
Haf	-	13
Keyword	=O	14
Sep	,	16
Digit	3	17
Haf	-	18
Keyword	OH	19
Sep	,	21
LParen	(	22
Digit	0	23
RParen	)	24
Semi	;	25
End		26
AST:
CPO #1:
  Interface L:
    Poses: 0
  Core: N C C
  Subs: entry
    Poses: 2
    Sub Core:
      Core: Me
    Next:
      Subs: entry
        Poses: 3
        Sub Core:
          Core: =O
        Next:
          Subs: entry
            Poses: 3
            Sub Core:
              Core: OH
  Interface R:
    Poses: 0
IR:
N(1,2,0,0,0,0,0)
C(2,1,3,4,0,0,0)
C(3,2,5,5,6,0,0)
C(4,2,0,0,0,0,0)
O(5,3,3,0,0,0,0)
O(6,7,3,0,0,0,0)
H(7,6,0,0,0,0,0)
SVG:
<?xml version='1.0' encoding='iso-8859-1'?>
<svg version='1.1' baseProfile='full'
              xmlns='http://www.w3.org/2000/svg'
                      xmlns:rdkit='http://www.rdkit.org/xml'
                      xmlns:xlink='http://www.w3.org/1999/xlink'
                  xml:space='preserve'
width='450px' height='320px' viewBox='0 0 450 320'>
<!-- END OF HEADER -->
<rect style='opacity:1.0;fill:#FFFFFF;stroke:none' width='450.0' height='320.0' x='0.0' y='0.0'> </rect>
<path class='bond-0 atom-0 atom-1' d='M 181.3,43.7 L 181.3,79.9' style='fill:none;fill-rule:evenodd;stroke:#0000FF;stroke-width:2.0px;stroke-linecap:butt;stroke-linejoin:miter;stroke-opacity:1' />
<path class='bond-0 atom-0 atom-1' d='M 181.3,79.9 L 181.3,116.1' style='fill:none;fill-rule:evenodd;stroke:#000000;stroke-width:2.0px;stroke-linecap:butt;stroke-linejoin:miter;stroke-opacity:1' />
<path class='bond-1 atom-1 atom-2' d='M 181.3,116.1 L 257.3,160.0' style='fill:none;fill-rule:evenodd;stroke:#000000;stroke-width:2.0px;stroke-linecap:butt;stroke-linejoin:miter;stroke-opacity:1' />
<path class='bond-2 atom-1 atom-3' d='M 181.3,116.1 L 105.3,160.0' style='fill:none;fill-rule:evenodd;stroke:#000000;stroke-width:2.0px;stroke-linecap:butt;stroke-linejoin:miter;stroke-opacity:1' />
<path class='bond-3 atom-2 atom-4' d='M 257.3,167.6 L 289.8,148.8' style='fill:none;fill-rule:evenodd;stroke:#000000;stroke-width:2.0px;stroke-linecap:butt;stroke-linejoin:miter;stroke-opacity:1' />
<path class='bond-3 atom-2 atom-4' d='M 289.8,148.8 L 322.2,130.1' style='fill:none;fill-rule:evenodd;stroke:#FF0000;stroke-width:2.0px;stroke-linecap:butt;stroke-linejoin:miter;stroke-opacity:1' />
<path class='bond-3 atom-2 atom-4' d='M 250.7,156.2 L 283.2,137.4' style='fill:none;fill-rule:evenodd;stroke:#000000;stroke-width:2.0px;stroke-linecap:butt;stroke-linejoin:miter;stroke-opacity:1' />
<path class='bond-3 atom-2 atom-4' d='M 283.2,137.4 L 315.7,118.7' style='fill:none;fill-rule:evenodd;stroke:#FF0000;stroke-width:2.0px;stroke-linecap:butt;stroke-linejoin:miter;stroke-opacity:1' />
<path class='bond-4 atom-2 atom-5' d='M 257.3,160.0 L 257.3,196.1' style='fill:none;fill-rule:evenodd;stroke:#000000;stroke-width:2.0px;stroke-linecap:butt;stroke-linejoin:miter;stroke-opacity:1' />
<path class='bond-4 atom-2 atom-5' d='M 257.3,196.1 L 257.3,232.3' style='fill:none;fill-rule:evenodd;stroke:#FF0000;stroke-width:2.0px;stroke-linecap:butt;stroke-linejoin:miter;stroke-opacity:1' />
<path class='bond-5 atom-5 atom-6' d='M 271.6,256.0 L 296.1,270.1' style='fill:none;fill-rule:evenodd;stroke:#FF0000;stroke-width:2.0px;stroke-linecap:butt;stroke-linejoin:miter;stroke-opacity:1' />
<path class='bond-5 atom-5 atom-6' d='M 296.1,270.1 L 320.6,284.3' style='fill:none;fill-rule:evenodd;stroke:#000000;stroke-width:2.0px;stroke-linecap:butt;stroke-linejoin:miter;stroke-opacity:1' />
<path d='M 253.5,157.8 L 257.3,160.0 L 257.3,161.8' style='fill:none;stroke:#000000;stroke-width:2.0px;stroke-linecap:butt;stroke-linejoin:miter;stroke-opacity:1;' />
<path class='atom-0' d='M 175.8 16.0
L 184.0 29.2
Q 184.8 30.5, 186.1 32.8
Q 187.4 35.2, 187.4 35.3
L 187.4 16.0
L 190.7 16.0
L 190.7 40.8
L 187.3 40.8
L 178.6 26.5
Q 177.6 24.8, 176.5 22.8
Q 175.4 20.9, 175.1 20.3
L 175.1 40.8
L 171.9 40.8
L 171.9 16.0
L 175.8 16.0
' fill='#0000FF'/>
<path class='atom-4' d='M 321.8 116.2
Q 321.8 110.2, 324.8 106.9
Q 327.7 103.6, 333.2 103.6
Q 338.8 103.6, 341.7 106.9
Q 344.7 110.2, 344.7 116.2
Q 344.7 122.2, 341.7 125.7
Q 338.7 129.1, 333.2 129.1
Q 327.8 129.1, 324.8 125.7
Q 321.8 122.3, 321.8 116.2
M 333.2 126.3
Q 337.0 126.3, 339.1 123.8
Q 341.1 121.2, 341.1 116.2
Q 341.1 111.3, 339.1 108.9
Q 337.0 106.4, 333.2 106.4
Q 329.5 106.4, 327.4 108.8
Q 325.4 111.3, 325.4 116.2
Q 325.4 121.2, 327.4 123.8
Q 329.5 126.3, 333.2 126.3
' fill='#FF0000'/>
<path class='atom-5' d='M 245.9 247.8
Q 245.9 241.8, 248.8 238.5
Q 251.8 235.2, 257.3 235.2
Q 262.8 235.2, 265.7 238.5
Q 268.7 241.8, 268.7 247.8
Q 268.7 253.8, 265.7 257.3
Q 262.7 260.7, 257.3 260.7
Q 251.8 260.7, 248.8 257.3
Q 245.9 253.9, 245.9 247.8
M 257.3 257.9
Q 261.1 257.9, 263.1 255.3
Q 265.2 252.8, 265.2 247.8
Q 265.2 242.9, 263.1 240.5
Q 261.1 238.0, 257.3 238.0
Q 253.5 238.0, 251.4 240.4
Q 249.4 242.9, 249.4 247.8
Q 249.4 252.8, 251.4 255.3
Q 253.5 257.9, 257.3 257.9
' fill='#FF0000'/>
<path class='atom-6' d='M 323.5 279.2
L 326.9 279.2
L 326.9 289.7
L 339.6 289.7
L 339.6 279.2
L 343.0 279.2
L 343.0 304.0
L 339.6 304.0
L 339.6 292.5
L 326.9 292.5
L 326.9 304.0
L 323.5 304.0
L 323.5 279.2
' fill='#000000'/>
</svg>

