Tokens:
LParen	(	0
Digit	0	1
RParen	)	2
Keyword	NH2	3
Keyword	C	6
Keyword	C	7
Sep	,	8
Digit	4	9
Haf	-	10
LStr	[	11
LParen	(	12
Digit	1	13
RParen	)	14
Keyword	C	15
Keyword	C	16
Sep	,	17
Digit	2	18
Haf	-	19
Keyword	=O	20
Sep	,	22
Digit	2	23
Haf	-	24
Keyword	OH	25
Sep	,	27
LParen	(	28
Digit	0	29
RParen	)	30
RStr	]	31
Sep	,	32
Digit	5	33
Haf	-	34
Keyword	=O	35
Sep	,	37
Digit	5	38
Haf	-	39
Keyword	OH	40
Sep	,	42
LParen	(	43
Digit	0	44
RParen	)	45
Semi	;	46
End		47
AST:
CPO #1:
  Interface L (connect):
    Poses: 0
  Core: NH2 C C
  Subs: entry attach
    Poses: 4
    Group:
      Interface L (connect):
        Poses: 1
      Core: C C
      Subs: entry attach
        Poses: 2
        Sub Core:
          Core: =O
        Next:
          Subs: entry attach
            Poses: 2
            Sub Core:
              Core: OH
      Interface R (connect):
        Poses: 0
    Next:
      Subs: entry attach
        Poses: 5
        Sub Core:
          Core: =O
        Next:
          Subs: entry attach
            Poses: 5
            Sub Core:
              Core: OH
  Interface R (connect):
    Poses: 0
IR:
N(1,2,3,4,0,0,0)
H(2,1,0,0,0,0,0)
H(3,1,0,0,0,0,0)
C(4,1,5,6,0,0,0)
C(5,4,11,11,12,0,0)
C(6,7,4,0,0,0,0)
C(7,6,8,8,9,0,0)
O(8,7,7,0,0,0,0)
O(9,10,7,0,0,0,0)
H(10,9,0,0,0,0,0)
O(11,5,5,0,0,0,0)
O(12,13,5,0,0,0,0)
H(13,12,0,0,0,0,0)
SVG:
<?xml version='1.0' encoding='iso-8859-1'?>
<svg version='1.1' baseProfile='full'
              xmlns='http://www.w3.org/2000/svg'
                      xmlns:rdkit='http://www.rdkit.org/xml'
                      xmlns:xlink='http://www.w3.org/1999/xlink'
                  xml:space='preserve'
width='450px' height='320px' viewBox='0 0 450 320'>
<!-- END OF HEADER -->
<rect style='opacity:1.0;fill:#FFFFFF;stroke:none' width='450.0' height='320.0' x='0.0' y='0.0'> </rect>
<path class='bond-0 atom-0 atom-1' d='M 268.7,58.7 L 290.8,45.9' style='fill:none;fill-rule:evenodd;stroke:#0000FF;stroke-width:2.0px;stroke-linecap:butt;stroke-linejoin:miter;stroke-opacity:1' />
<path class='bond-0 atom-0 atom-1' d='M 290.8,45.9 L 312.9,33.1' style='fill:none;fill-rule:evenodd;stroke:#000000;stroke-width:2.0px;stroke-linecap:butt;stroke-linejoin:miter;stroke-opacity:1' />
<path class='bond-1 atom-0 atom-2' d='M 247.3,58.7 L 225.1,45.9' style='fill:none;fill-rule:evenodd;stroke:#0000FF;stroke-width:2.0px;stroke-linecap:butt;stroke-linejoin:miter;stroke-opacity:1' />
<path class='bond-1 atom-0 atom-2' d='M 225.1,45.9 L 203.0,33.1' style='fill:none;fill-rule:evenodd;stroke:#000000;stroke-width:2.0px;stroke-linecap:butt;stroke-linejoin:miter;stroke-opacity:1' />
<path class='bond-2 atom-0 atom-3' d='M 258.0,78.1 L 258.0,109.6' style='fill:none;fill-rule:evenodd;stroke:#0000FF;stroke-width:2.0px;stroke-linecap:butt;stroke-linejoin:miter;stroke-opacity:1' />
<path class='bond-2 atom-0 atom-3' d='M 258.0,109.6 L 258.0,141.0' style='fill:none;fill-rule:evenodd;stroke:#000000;stroke-width:2.0px;stroke-linecap:butt;stroke-linejoin:miter;stroke-opacity:1' />
<path class='bond-3 atom-3 atom-4' d='M 258.0,141.0 L 323.9,179.0' style='fill:none;fill-rule:evenodd;stroke:#000000;stroke-width:2.0px;stroke-linecap:butt;stroke-linejoin:miter;stroke-opacity:1' />
<path class='bond-4 atom-3 atom-5' d='M 258.0,141.0 L 192.0,179.0' style='fill:none;fill-rule:evenodd;stroke:#000000;stroke-width:2.0px;stroke-linecap:butt;stroke-linejoin:miter;stroke-opacity:1' />
<path class='bond-5 atom-4 atom-10' d='M 323.9,185.6 L 352.1,169.4' style='fill:none;fill-rule:evenodd;stroke:#000000;stroke-width:2.0px;stroke-linecap:butt;stroke-linejoin:miter;stroke-opacity:1' />
<path class='bond-5 atom-4 atom-10' d='M 352.1,169.4 L 380.3,153.1' style='fill:none;fill-rule:evenodd;stroke:#FF0000;stroke-width:2.0px;stroke-linecap:butt;stroke-linejoin:miter;stroke-opacity:1' />
<path class='bond-5 atom-4 atom-10' d='M 318.2,175.7 L 346.4,159.5' style='fill:none;fill-rule:evenodd;stroke:#000000;stroke-width:2.0px;stroke-linecap:butt;stroke-linejoin:miter;stroke-opacity:1' />
<path class='bond-5 atom-4 atom-10' d='M 346.4,159.5 L 374.6,143.2' style='fill:none;fill-rule:evenodd;stroke:#FF0000;stroke-width:2.0px;stroke-linecap:butt;stroke-linejoin:miter;stroke-opacity:1' />
<path class='bond-6 atom-4 atom-11' d='M 323.9,179.0 L 323.9,210.4' style='fill:none;fill-rule:evenodd;stroke:#000000;stroke-width:2.0px;stroke-linecap:butt;stroke-linejoin:miter;stroke-opacity:1' />
<path class='bond-6 atom-4 atom-11' d='M 323.9,210.4 L 323.9,241.7' style='fill:none;fill-rule:evenodd;stroke:#FF0000;stroke-width:2.0px;stroke-linecap:butt;stroke-linejoin:miter;stroke-opacity:1' />
<path class='bond-7 atom-5 atom-6' d='M 192.0,179.0 L 126.1,141.0' style='fill:none;fill-rule:evenodd;stroke:#000000;stroke-width:2.0px;stroke-linecap:butt;stroke-linejoin:miter;stroke-opacity:1' />
<path class='bond-8 atom-6 atom-7' d='M 126.1,134.4 L 97.9,150.6' style='fill:none;fill-rule:evenodd;stroke:#000000;stroke-width:2.0px;stroke-linecap:butt;stroke-linejoin:miter;stroke-opacity:1' />
<path class='bond-8 atom-6 atom-7' d='M 97.9,150.6 L 69.7,166.9' style='fill:none;fill-rule:evenodd;stroke:#FF0000;stroke-width:2.0px;stroke-linecap:butt;stroke-linejoin:miter;stroke-opacity:1' />
<path class='bond-8 atom-6 atom-7' d='M 131.8,144.3 L 103.6,160.5' style='fill:none;fill-rule:evenodd;stroke:#000000;stroke-width:2.0px;stroke-linecap:butt;stroke-linejoin:miter;stroke-opacity:1' />
<path class='bond-8 atom-6 atom-7' d='M 103.6,160.5 L 75.4,176.8' style='fill:none;fill-rule:evenodd;stroke:#FF0000;stroke-width:2.0px;stroke-linecap:butt;stroke-linejoin:miter;stroke-opacity:1' />
<path class='bond-9 atom-6 atom-8' d='M 126.1,141.0 L 126.1,109.8' style='fill:none;fill-rule:evenodd;stroke:#000000;stroke-width:2.0px;stroke-linecap:butt;stroke-linejoin:miter;stroke-opacity:1' />
<path class='bond-9 atom-6 atom-8' d='M 126.1,109.8 L 126.1,78.6' style='fill:none;fill-rule:evenodd;stroke:#FF0000;stroke-width:2.0px;stroke-linecap:butt;stroke-linejoin:miter;stroke-opacity:1' />
<path class='bond-10 atom-8 atom-9' d='M 113.7,57.7 L 92.4,45.4' style='fill:none;fill-rule:evenodd;stroke:#FF0000;stroke-width:2.0px;stroke-linecap:butt;stroke-linejoin:miter;stroke-opacity:1' />
<path class='bond-10 atom-8 atom-9' d='M 92.4,45.4 L 71.1,33.1' style='fill:none;fill-rule:evenodd;stroke:#000000;stroke-width:2.0px;stroke-linecap:butt;stroke-linejoin:miter;stroke-opacity:1' />
<path class='bond-11 atom-11 atom-12' d='M 336.3,262.3 L 357.6,274.6' style='fill:none;fill-rule:evenodd;stroke:#FF0000;stroke-width:2.0px;stroke-linecap:butt;stroke-linejoin:miter;stroke-opacity:1' />
<path class='bond-11 atom-11 atom-12' d='M 357.6,274.6 L 378.9,286.9' style='fill:none;fill-rule:evenodd;stroke:#000000;stroke-width:2.0px;stroke-linecap:butt;stroke-linejoin:miter;stroke-opacity:1' />
<path d='M 320.6,177.1 L 323.9,179.0 L 323.9,180.6' style='fill:none;stroke:#000000;stroke-width:2.0px;stroke-linecap:butt;stroke-linejoin:miter;stroke-opacity:1;' />
<path d='M 195.3,177.1 L 192.0,179.0 L 188.7,177.1' style='fill:none;stroke:#000000;stroke-width:2.0px;stroke-linecap:butt;stroke-linejoin:miter;stroke-opacity:1;' />
<path d='M 129.4,142.9 L 126.1,141.0 L 126.1,139.4' style='fill:none;stroke:#000000;stroke-width:2.0px;stroke-linecap:butt;stroke-linejoin:miter;stroke-opacity:1;' />
<path class='atom-0' d='M 253.2 54.1
L 260.3 65.5
Q 261.0 66.6, 262.1 68.6
Q 263.2 70.7, 263.3 70.8
L 263.3 54.1
L 266.1 54.1
L 266.1 75.6
L 263.2 75.6
L 255.6 63.1
Q 254.7 61.7, 253.8 60.0
Q 252.9 58.3, 252.6 57.8
L 252.6 75.6
L 249.8 75.6
L 249.8 54.1
L 253.2 54.1
' fill='#0000FF'/>
<path class='atom-1' d='M 315.5 16.0
L 318.4 16.0
L 318.4 25.2
L 329.4 25.2
L 329.4 16.0
L 332.3 16.0
L 332.3 37.6
L 329.4 37.6
L 329.4 27.6
L 318.4 27.6
L 318.4 37.6
L 315.5 37.6
L 315.5 16.0
' fill='#000000'/>
<path class='atom-2' d='M 183.6 16.0
L 186.5 16.0
L 186.5 25.2
L 197.5 25.2
L 197.5 16.0
L 200.5 16.0
L 200.5 37.6
L 197.5 37.6
L 197.5 27.6
L 186.5 27.6
L 186.5 37.6
L 183.6 37.6
L 183.6 16.0
' fill='#000000'/>
<path class='atom-7' d='M 50.3 179.1
Q 50.3 173.9, 52.8 171.0
Q 55.4 168.1, 60.2 168.1
Q 65.0 168.1, 67.5 171.0
Q 70.1 173.9, 70.1 179.1
Q 70.1 184.3, 67.5 187.3
Q 64.9 190.3, 60.2 190.3
Q 55.4 190.3, 52.8 187.3
Q 50.3 184.4, 50.3 179.1
M 60.2 187.8
Q 63.5 187.8, 65.2 185.6
Q 67.0 183.4, 67.0 179.1
Q 67.0 174.9, 65.2 172.7
Q 63.5 170.6, 60.2 170.6
Q 56.9 170.6, 55.1 172.7
Q 53.3 174.8, 53.3 179.1
Q 53.3 183.4, 55.1 185.6
Q 56.9 187.8, 60.2 187.8
' fill='#FF0000'/>
<path class='atom-8' d='M 116.2 64.9
Q 116.2 59.7, 118.8 56.8
Q 121.3 53.9, 126.1 53.9
Q 130.9 53.9, 133.4 56.8
Q 136.0 59.7, 136.0 64.9
Q 136.0 70.1, 133.4 73.1
Q 130.8 76.1, 126.1 76.1
Q 121.4 76.1, 118.8 73.1
Q 116.2 70.2, 116.2 64.9
M 126.1 73.6
Q 129.4 73.6, 131.2 71.5
Q 133.0 69.2, 133.0 64.9
Q 133.0 60.7, 131.2 58.5
Q 129.4 56.4, 126.1 56.4
Q 122.8 56.4, 121.0 58.5
Q 119.3 60.6, 119.3 64.9
Q 119.3 69.3, 121.0 71.5
Q 122.8 73.6, 126.1 73.6
' fill='#FF0000'/>
<path class='atom-9' d='M 51.7 16.0
L 54.7 16.0
L 54.7 25.2
L 65.7 25.2
L 65.7 16.0
L 68.6 16.0
L 68.6 37.6
L 65.7 37.6
L 65.7 27.6
L 54.7 27.6
L 54.7 37.6
L 51.7 37.6
L 51.7 16.0
' fill='#000000'/>
<path class='atom-10' d='M 379.9 141.0
Q 379.9 135.9, 382.5 133.0
Q 385.0 130.1, 389.8 130.1
Q 394.6 130.1, 397.2 133.0
Q 399.7 135.9, 399.7 141.0
Q 399.7 146.3, 397.1 149.3
Q 394.5 152.2, 389.8 152.2
Q 385.1 152.2, 382.5 149.3
Q 379.9 146.3, 379.9 141.0
M 389.8 149.8
Q 393.1 149.8, 394.9 147.6
Q 396.7 145.4, 396.7 141.0
Q 396.7 136.8, 394.9 134.7
Q 393.1 132.5, 389.8 132.5
Q 386.5 132.5, 384.7 134.6
Q 383.0 136.8, 383.0 141.0
Q 383.0 145.4, 384.7 147.6
Q 386.5 149.8, 389.8 149.8
' fill='#FF0000'/>
<path class='atom-11' d='M 314.0 255.2
Q 314.0 250.0, 316.6 247.1
Q 319.1 244.3, 323.9 244.3
Q 328.7 244.3, 331.2 247.1
Q 333.8 250.0, 333.8 255.2
Q 333.8 260.5, 331.2 263.4
Q 328.6 266.4, 323.9 266.4
Q 319.1 266.4, 316.6 263.4
Q 314.0 260.5, 314.0 255.2
M 323.9 264.0
Q 327.2 264.0, 328.9 261.8
Q 330.7 259.5, 330.7 255.2
Q 330.7 251.0, 328.9 248.9
Q 327.2 246.7, 323.9 246.7
Q 320.6 246.7, 318.8 248.8
Q 317.0 251.0, 317.0 255.2
Q 317.0 259.6, 318.8 261.8
Q 320.6 264.0, 323.9 264.0
' fill='#FF0000'/>
<path class='atom-12' d='M 381.4 282.4
L 384.3 282.4
L 384.3 291.6
L 395.3 291.6
L 395.3 282.4
L 398.3 282.4
L 398.3 304.0
L 395.3 304.0
L 395.3 294.0
L 384.3 294.0
L 384.3 304.0
L 381.4 304.0
L 381.4 282.4
' fill='#000000'/>
</svg>

