Tokens:
LParen	(	0
Digit	0	1
RParen	)	2
Keyword	NH2	3
Keyword	C	6
Keyword	C	7
Sep	,	8
Digit	4	9
Haf	-	10
LStr	[	11
LParen	(	12
Digit	1	13
RParen	)	14
Keyword	C	15
Keyword	Ph	16
Sep	,	18
LParen	(	19
Digit	0	20
RParen	)	21
RStr	]	22
Sep	,	23
Digit	5	24
Haf	-	25
Keyword	=O	26
Sep	,	28
Digit	5	29
Haf	-	30
Keyword	OH	31
Sep	,	33
LParen	(	34
Digit	0	35
RParen	)	36
Semi	;	37
End		38
AST:
CPO #1:
  Interface L:
    Poses: 0
  Core: NH2 C C
  Subs: entry attach
    Poses: 4
    Group:
      Interface L:
        Poses: 1
      Core: C Ph
      Subs: empty
      Interface R:
        Poses: 0
    Next:
      Subs: entry attach
        Poses: 5
        Sub Core:
          Core: =O
        Next:
          Subs: entry attach
            Poses: 5
            Sub Core:
              Core: OH
  Interface R:
    Poses: 0
IR:
N(1,2,3,4,0,0,0)
H(2,1,0,0,0,0,0)
H(3,1,0,0,0,0,0)
C(4,1,5,6,0,0,0)
C(5,4,13,13,14,0,0)
C(6,7,4,0,0,0,0)
C(7,8,8,12,6,0,0)
C(8,9,7,7,0,0,0)
C(9,10,10,8,0,0,0)
C(10,11,9,9,0,0,0)
C(11,12,12,10,0,0,0)
C(12,7,11,0,0,0,0)
O(13,5,5,0,0,0,0)
O(14,15,5,0,0,0,0)
H(15,14,0,0,0,0,0)
SVG:
<?xml version='1.0' encoding='iso-8859-1'?>
<svg version='1.1' baseProfile='full'
              xmlns='http://www.w3.org/2000/svg'
                      xmlns:rdkit='http://www.rdkit.org/xml'
                      xmlns:xlink='http://www.w3.org/1999/xlink'
                  xml:space='preserve'
width='450px' height='320px' viewBox='0 0 450 320'>
<!-- END OF HEADER -->
<rect style='opacity:1.0;fill:#FFFFFF;stroke:none' width='450.0' height='320.0' x='0.0' y='0.0'> </rect>
<path class='bond-0 atom-0 atom-1' d='M 228.0,224.3 L 237.9,241.4' style='fill:none;fill-rule:evenodd;stroke:#0000FF;stroke-width:2.0px;stroke-linecap:butt;stroke-linejoin:miter;stroke-opacity:1' />
<path class='bond-0 atom-0 atom-1' d='M 237.9,241.4 L 247.8,258.5' style='fill:none;fill-rule:evenodd;stroke:#000000;stroke-width:2.0px;stroke-linecap:butt;stroke-linejoin:miter;stroke-opacity:1' />
<path class='bond-1 atom-0 atom-2' d='M 212.0,212.7 L 188.3,212.7' style='fill:none;fill-rule:evenodd;stroke:#0000FF;stroke-width:2.0px;stroke-linecap:butt;stroke-linejoin:miter;stroke-opacity:1' />
<path class='bond-1 atom-0 atom-2' d='M 188.3,212.7 L 164.6,212.7' style='fill:none;fill-rule:evenodd;stroke:#000000;stroke-width:2.0px;stroke-linecap:butt;stroke-linejoin:miter;stroke-opacity:1' />
<path class='bond-2 atom-0 atom-3' d='M 228.0,201.1 L 241.2,178.2' style='fill:none;fill-rule:evenodd;stroke:#0000FF;stroke-width:2.0px;stroke-linecap:butt;stroke-linejoin:miter;stroke-opacity:1' />
<path class='bond-2 atom-0 atom-3' d='M 241.2,178.2 L 254.5,155.3' style='fill:none;fill-rule:evenodd;stroke:#000000;stroke-width:2.0px;stroke-linecap:butt;stroke-linejoin:miter;stroke-opacity:1' />
<path class='bond-3 atom-3 atom-4' d='M 254.5,155.3 L 320.7,155.3' style='fill:none;fill-rule:evenodd;stroke:#000000;stroke-width:2.0px;stroke-linecap:butt;stroke-linejoin:miter;stroke-opacity:1' />
<path class='bond-4 atom-3 atom-5' d='M 254.5,155.3 L 221.3,97.9' style='fill:none;fill-rule:evenodd;stroke:#000000;stroke-width:2.0px;stroke-linecap:butt;stroke-linejoin:miter;stroke-opacity:1' />
<path class='bond-5 atom-4 atom-12' d='M 315.0,155.3 L 328.9,179.4' style='fill:none;fill-rule:evenodd;stroke:#000000;stroke-width:2.0px;stroke-linecap:butt;stroke-linejoin:miter;stroke-opacity:1' />
<path class='bond-5 atom-4 atom-12' d='M 328.9,179.4 L 342.8,203.5' style='fill:none;fill-rule:evenodd;stroke:#FF0000;stroke-width:2.0px;stroke-linecap:butt;stroke-linejoin:miter;stroke-opacity:1' />
<path class='bond-5 atom-4 atom-12' d='M 323.6,150.3 L 337.5,174.4' style='fill:none;fill-rule:evenodd;stroke:#000000;stroke-width:2.0px;stroke-linecap:butt;stroke-linejoin:miter;stroke-opacity:1' />
<path class='bond-5 atom-4 atom-12' d='M 337.5,174.4 L 351.4,198.5' style='fill:none;fill-rule:evenodd;stroke:#FF0000;stroke-width:2.0px;stroke-linecap:butt;stroke-linejoin:miter;stroke-opacity:1' />
<path class='bond-6 atom-4 atom-13' d='M 320.7,155.3 L 333.9,132.6' style='fill:none;fill-rule:evenodd;stroke:#000000;stroke-width:2.0px;stroke-linecap:butt;stroke-linejoin:miter;stroke-opacity:1' />
<path class='bond-6 atom-4 atom-13' d='M 333.9,132.6 L 347.0,109.9' style='fill:none;fill-rule:evenodd;stroke:#FF0000;stroke-width:2.0px;stroke-linecap:butt;stroke-linejoin:miter;stroke-opacity:1' />
<path class='bond-7 atom-5 atom-6' d='M 221.3,97.9 L 155.1,97.9' style='fill:none;fill-rule:evenodd;stroke:#000000;stroke-width:2.0px;stroke-linecap:butt;stroke-linejoin:miter;stroke-opacity:1' />
<path class='bond-8 atom-6 atom-7' d='M 155.1,97.9 L 121.9,155.3' style='fill:none;fill-rule:evenodd;stroke:#000000;stroke-width:2.0px;stroke-linecap:butt;stroke-linejoin:miter;stroke-opacity:1' />
<path class='bond-8 atom-6 atom-7' d='M 143.6,97.9 L 116.2,145.4' style='fill:none;fill-rule:evenodd;stroke:#000000;stroke-width:2.0px;stroke-linecap:butt;stroke-linejoin:miter;stroke-opacity:1' />
<path class='bond-9 atom-6 atom-11' d='M 155.1,97.9 L 121.9,40.5' style='fill:none;fill-rule:evenodd;stroke:#000000;stroke-width:2.0px;stroke-linecap:butt;stroke-linejoin:miter;stroke-opacity:1' />
<path class='bond-10 atom-7 atom-8' d='M 121.9,155.3 L 55.6,155.3' style='fill:none;fill-rule:evenodd;stroke:#000000;stroke-width:2.0px;stroke-linecap:butt;stroke-linejoin:miter;stroke-opacity:1' />
<path class='bond-11 atom-8 atom-9' d='M 55.6,155.3 L 22.5,97.9' style='fill:none;fill-rule:evenodd;stroke:#000000;stroke-width:2.0px;stroke-linecap:butt;stroke-linejoin:miter;stroke-opacity:1' />
<path class='bond-11 atom-8 atom-9' d='M 61.4,145.4 L 34.0,97.9' style='fill:none;fill-rule:evenodd;stroke:#000000;stroke-width:2.0px;stroke-linecap:butt;stroke-linejoin:miter;stroke-opacity:1' />
<path class='bond-12 atom-9 atom-10' d='M 22.5,97.9 L 55.6,40.5' style='fill:none;fill-rule:evenodd;stroke:#000000;stroke-width:2.0px;stroke-linecap:butt;stroke-linejoin:miter;stroke-opacity:1' />
<path class='bond-13 atom-10 atom-11' d='M 55.6,40.5 L 121.9,40.5' style='fill:none;fill-rule:evenodd;stroke:#000000;stroke-width:2.0px;stroke-linecap:butt;stroke-linejoin:miter;stroke-opacity:1' />
<path class='bond-13 atom-10 atom-11' d='M 61.4,50.5 L 116.2,50.5' style='fill:none;fill-rule:evenodd;stroke:#000000;stroke-width:2.0px;stroke-linecap:butt;stroke-linejoin:miter;stroke-opacity:1' />
<path class='bond-14 atom-13 atom-14' d='M 364.7,97.9 L 387.7,97.9' style='fill:none;fill-rule:evenodd;stroke:#FF0000;stroke-width:2.0px;stroke-linecap:butt;stroke-linejoin:miter;stroke-opacity:1' />
<path class='bond-14 atom-13 atom-14' d='M 387.7,97.9 L 410.6,97.9' style='fill:none;fill-rule:evenodd;stroke:#000000;stroke-width:2.0px;stroke-linecap:butt;stroke-linejoin:miter;stroke-opacity:1' />
<path d='M 317.4,155.3 L 320.7,155.3 L 321.4,154.2' style='fill:none;stroke:#000000;stroke-width:2.0px;stroke-linecap:butt;stroke-linejoin:miter;stroke-opacity:1;' />
<path d='M 223.0,100.8 L 221.3,97.9 L 218.0,97.9' style='fill:none;stroke:#000000;stroke-width:2.0px;stroke-linecap:butt;stroke-linejoin:miter;stroke-opacity:1;' />
<path d='M 123.6,152.4 L 121.9,155.3 L 118.6,155.3' style='fill:none;stroke:#000000;stroke-width:2.0px;stroke-linecap:butt;stroke-linejoin:miter;stroke-opacity:1;' />
<path d='M 59.0,155.3 L 55.6,155.3 L 54.0,152.4' style='fill:none;stroke:#000000;stroke-width:2.0px;stroke-linecap:butt;stroke-linejoin:miter;stroke-opacity:1;' />
<path d='M 24.2,100.8 L 22.5,97.9 L 24.2,95.0' style='fill:none;stroke:#000000;stroke-width:2.0px;stroke-linecap:butt;stroke-linejoin:miter;stroke-opacity:1;' />
<path d='M 54.0,43.4 L 55.6,40.5 L 59.0,40.5' style='fill:none;stroke:#000000;stroke-width:2.0px;stroke-linecap:butt;stroke-linejoin:miter;stroke-opacity:1;' />
<path d='M 123.6,43.4 L 121.9,40.5 L 118.6,40.5' style='fill:none;stroke:#000000;stroke-width:2.0px;stroke-linecap:butt;stroke-linejoin:miter;stroke-opacity:1;' />
<path class='atom-0' d='M 217.2 203.3
L 223.3 213.3
Q 223.9 214.2, 224.9 216.0
Q 225.9 217.8, 226.0 217.9
L 226.0 203.3
L 228.4 203.3
L 228.4 222.1
L 225.9 222.1
L 219.3 211.2
Q 218.5 209.9, 217.7 208.5
Q 216.9 207.0, 216.6 206.6
L 216.6 222.1
L 214.2 222.1
L 214.2 203.3
L 217.2 203.3
' fill='#0000FF'/>
<path class='atom-1' d='M 247.1 260.7
L 249.7 260.7
L 249.7 268.7
L 259.3 268.7
L 259.3 260.7
L 261.8 260.7
L 261.8 279.5
L 259.3 279.5
L 259.3 270.8
L 249.7 270.8
L 249.7 279.5
L 247.1 279.5
L 247.1 260.7
' fill='#000000'/>
<path class='atom-2' d='M 147.7 203.3
L 150.3 203.3
L 150.3 211.3
L 159.9 211.3
L 159.9 203.3
L 162.4 203.3
L 162.4 222.1
L 159.9 222.1
L 159.9 213.4
L 150.3 213.4
L 150.3 222.1
L 147.7 222.1
L 147.7 203.3
' fill='#000000'/>
<path class='atom-12' d='M 345.3 212.8
Q 345.3 208.3, 347.5 205.7
Q 349.7 203.2, 353.9 203.2
Q 358.0 203.2, 360.3 205.7
Q 362.5 208.3, 362.5 212.8
Q 362.5 217.3, 360.2 219.9
Q 358.0 222.5, 353.9 222.5
Q 349.7 222.5, 347.5 219.9
Q 345.3 217.3, 345.3 212.8
M 353.9 220.4
Q 356.7 220.4, 358.3 218.5
Q 359.8 216.5, 359.8 212.8
Q 359.8 209.1, 358.3 207.2
Q 356.7 205.3, 353.9 205.3
Q 351.0 205.3, 349.5 207.2
Q 347.9 209.0, 347.9 212.8
Q 347.9 216.5, 349.5 218.5
Q 351.0 220.4, 353.9 220.4
' fill='#FF0000'/>
<path class='atom-13' d='M 345.3 98.0
Q 345.3 93.5, 347.5 90.9
Q 349.7 88.4, 353.9 88.4
Q 358.0 88.4, 360.3 90.9
Q 362.5 93.5, 362.5 98.0
Q 362.5 102.5, 360.2 105.1
Q 358.0 107.7, 353.9 107.7
Q 349.7 107.7, 347.5 105.1
Q 345.3 102.6, 345.3 98.0
M 353.9 105.6
Q 356.7 105.6, 358.3 103.7
Q 359.8 101.7, 359.8 98.0
Q 359.8 94.3, 358.3 92.4
Q 356.7 90.5, 353.9 90.5
Q 351.0 90.5, 349.5 92.4
Q 347.9 94.3, 347.9 98.0
Q 347.9 101.8, 349.5 103.7
Q 351.0 105.6, 353.9 105.6
' fill='#FF0000'/>
<path class='atom-14' d='M 412.8 88.5
L 415.4 88.5
L 415.4 96.5
L 425.0 96.5
L 425.0 88.5
L 427.5 88.5
L 427.5 107.3
L 425.0 107.3
L 425.0 98.6
L 415.4 98.6
L 415.4 107.3
L 412.8 107.3
L 412.8 88.5
' fill='#000000'/>
</svg>

