Tokens:
LParen	(	0
Digit	0	1
RParen	)	2
Keyword	NH2	3
Keyword	C	6
Keyword	C	7
Sep	,	8
Digit	5	9
Haf	-	10
Keyword	=O	11
Sep	,	13
Digit	5	14
Haf	-	15
Keyword	OH	16
Sep	,	18
LParen	(	19
Digit	0	20
RParen	)	21
Semi	;	22
End		23
AST:
CPO #1:
  Interface L:
    Poses: 0
  Core: NH2 C C
  Subs: entry
    Poses: 5
    Sub Core:
      Core: =O
    Next:
      Subs: entry
        Poses: 5
        Sub Core:
          Core: OH
  Interface R:
    Poses: 0
IR:
N(1,2,3,4,0,0,0)
H(2,1,0,0,0,0,0)
H(3,1,0,0,0,0,0)
C(4,1,5,0,0,0,0)
C(5,4,6,6,7,0,0)
O(6,5,5,0,0,0,0)
O(7,8,5,0,0,0,0)
H(8,7,0,0,0,0,0)
SVG:
<?xml version='1.0' encoding='iso-8859-1'?>
<svg version='1.1' baseProfile='full'
              xmlns='http://www.w3.org/2000/svg'
                      xmlns:rdkit='http://www.rdkit.org/xml'
                      xmlns:xlink='http://www.w3.org/1999/xlink'
                  xml:space='preserve'
width='450px' height='320px' viewBox='0 0 450 320'>
<!-- END OF HEADER -->
<rect style='opacity:1.0;fill:#FFFFFF;stroke:none' width='450.0' height='320.0' x='0.0' y='0.0'> </rect>
<path class='bond-0 atom-0 atom-1' d='M 115.0,222.6 L 82.2,241.6' style='fill:none;fill-rule:evenodd;stroke:#0000FF;stroke-width:2.0px;stroke-linecap:butt;stroke-linejoin:miter;stroke-opacity:1' />
<path class='bond-0 atom-0 atom-1' d='M 82.2,241.6 L 49.4,260.5' style='fill:none;fill-rule:evenodd;stroke:#000000;stroke-width:2.0px;stroke-linecap:butt;stroke-linejoin:miter;stroke-opacity:1' />
<path class='bond-1 atom-0 atom-2' d='M 129.4,196.6 L 129.4,159.7' style='fill:none;fill-rule:evenodd;stroke:#0000FF;stroke-width:2.0px;stroke-linecap:butt;stroke-linejoin:miter;stroke-opacity:1' />
<path class='bond-1 atom-0 atom-2' d='M 129.4,159.7 L 129.4,122.8' style='fill:none;fill-rule:evenodd;stroke:#000000;stroke-width:2.0px;stroke-linecap:butt;stroke-linejoin:miter;stroke-opacity:1' />
<path class='bond-2 atom-0 atom-3' d='M 143.7,222.6 L 183.9,245.8' style='fill:none;fill-rule:evenodd;stroke:#0000FF;stroke-width:2.0px;stroke-linecap:butt;stroke-linejoin:miter;stroke-opacity:1' />
<path class='bond-2 atom-0 atom-3' d='M 183.9,245.8 L 224.0,269.0' style='fill:none;fill-rule:evenodd;stroke:#000000;stroke-width:2.0px;stroke-linecap:butt;stroke-linejoin:miter;stroke-opacity:1' />
<path class='bond-3 atom-3 atom-4' d='M 224.0,269.0 L 318.7,214.4' style='fill:none;fill-rule:evenodd;stroke:#000000;stroke-width:2.0px;stroke-linecap:butt;stroke-linejoin:miter;stroke-opacity:1' />
<path class='bond-4 atom-4 atom-5' d='M 310.5,219.1 L 351.6,242.8' style='fill:none;fill-rule:evenodd;stroke:#000000;stroke-width:2.0px;stroke-linecap:butt;stroke-linejoin:miter;stroke-opacity:1' />
<path class='bond-4 atom-4 atom-5' d='M 351.6,242.8 L 392.7,266.5' style='fill:none;fill-rule:evenodd;stroke:#FF0000;stroke-width:2.0px;stroke-linecap:butt;stroke-linejoin:miter;stroke-opacity:1' />
<path class='bond-4 atom-4 atom-5' d='M 318.7,204.9 L 359.8,228.6' style='fill:none;fill-rule:evenodd;stroke:#000000;stroke-width:2.0px;stroke-linecap:butt;stroke-linejoin:miter;stroke-opacity:1' />
<path class='bond-4 atom-4 atom-5' d='M 359.8,228.6 L 400.9,252.3' style='fill:none;fill-rule:evenodd;stroke:#FF0000;stroke-width:2.0px;stroke-linecap:butt;stroke-linejoin:miter;stroke-opacity:1' />
<path class='bond-5 atom-4 atom-6' d='M 318.7,214.4 L 318.7,168.9' style='fill:none;fill-rule:evenodd;stroke:#000000;stroke-width:2.0px;stroke-linecap:butt;stroke-linejoin:miter;stroke-opacity:1' />
<path class='bond-5 atom-4 atom-6' d='M 318.7,168.9 L 318.7,123.4' style='fill:none;fill-rule:evenodd;stroke:#FF0000;stroke-width:2.0px;stroke-linecap:butt;stroke-linejoin:miter;stroke-opacity:1' />
<path class='bond-6 atom-6 atom-7' d='M 335.3,95.5 L 367.0,77.2' style='fill:none;fill-rule:evenodd;stroke:#FF0000;stroke-width:2.0px;stroke-linecap:butt;stroke-linejoin:miter;stroke-opacity:1' />
<path class='bond-6 atom-6 atom-7' d='M 367.0,77.2 L 398.7,58.9' style='fill:none;fill-rule:evenodd;stroke:#000000;stroke-width:2.0px;stroke-linecap:butt;stroke-linejoin:miter;stroke-opacity:1' />
<path d='M 222.0,267.9 L 224.0,269.0 L 228.8,266.3' style='fill:none;stroke:#000000;stroke-width:2.0px;stroke-linecap:butt;stroke-linejoin:miter;stroke-opacity:1;' />
<path d='M 314.0,217.1 L 318.7,214.4 L 318.7,212.1' style='fill:none;stroke:#000000;stroke-width:2.0px;stroke-linecap:butt;stroke-linejoin:miter;stroke-opacity:1;' />
<path class='atom-0' d='M 123.1 200.2
L 132.4 215.2
Q 133.3 216.7, 134.8 219.4
Q 136.3 222.0, 136.4 222.2
L 136.4 200.2
L 140.1 200.2
L 140.1 228.5
L 136.2 228.5
L 126.3 212.1
Q 125.1 210.2, 123.9 208.0
Q 122.7 205.8, 122.3 205.1
L 122.3 228.5
L 118.6 228.5
L 118.6 200.2
L 123.1 200.2
' fill='#0000FF'/>
<path class='atom-1' d='M 23.6 254.9
L 27.5 254.9
L 27.5 266.9
L 41.9 266.9
L 41.9 254.9
L 45.8 254.9
L 45.8 283.2
L 41.9 283.2
L 41.9 270.1
L 27.5 270.1
L 27.5 283.2
L 23.6 283.2
L 23.6 254.9
' fill='#000000'/>
<path class='atom-2' d='M 118.3 90.9
L 122.1 90.9
L 122.1 102.9
L 136.6 102.9
L 136.6 90.9
L 140.5 90.9
L 140.5 119.2
L 136.6 119.2
L 136.6 106.1
L 122.1 106.1
L 122.1 119.2
L 118.3 119.2
L 118.3 90.9
' fill='#000000'/>
<path class='atom-5' d='M 400.4 269.1
Q 400.4 262.3, 403.7 258.5
Q 407.1 254.7, 413.4 254.7
Q 419.7 254.7, 423.0 258.5
Q 426.4 262.3, 426.4 269.1
Q 426.4 276.0, 423.0 279.9
Q 419.6 283.8, 413.4 283.8
Q 407.1 283.8, 403.7 279.9
Q 400.4 276.0, 400.4 269.1
M 413.4 280.6
Q 417.7 280.6, 420.0 277.7
Q 422.4 274.8, 422.4 269.1
Q 422.4 263.5, 420.0 260.7
Q 417.7 257.9, 413.4 257.9
Q 409.1 257.9, 406.7 260.7
Q 404.4 263.5, 404.4 269.1
Q 404.4 274.8, 406.7 277.7
Q 409.1 280.6, 413.4 280.6
' fill='#FF0000'/>
<path class='atom-6' d='M 305.7 105.1
Q 305.7 98.3, 309.1 94.5
Q 312.4 90.7, 318.7 90.7
Q 325.0 90.7, 328.3 94.5
Q 331.7 98.3, 331.7 105.1
Q 331.7 112.0, 328.3 115.9
Q 324.9 119.8, 318.7 119.8
Q 312.5 119.8, 309.1 115.9
Q 305.7 112.0, 305.7 105.1
M 318.7 116.6
Q 323.0 116.6, 325.3 113.7
Q 327.7 110.8, 327.7 105.1
Q 327.7 99.6, 325.3 96.8
Q 323.0 93.9, 318.7 93.9
Q 314.4 93.9, 312.0 96.7
Q 309.7 99.5, 309.7 105.1
Q 309.7 110.8, 312.0 113.7
Q 314.4 116.6, 318.7 116.6
' fill='#FF0000'/>
<path class='atom-7' d='M 402.3 36.2
L 406.1 36.2
L 406.1 48.3
L 420.6 48.3
L 420.6 36.2
L 424.5 36.2
L 424.5 64.5
L 420.6 64.5
L 420.6 51.5
L 406.1 51.5
L 406.1 64.5
L 402.3 64.5
L 402.3 36.2
' fill='#000000'/>
</svg>

