Tokens:
LParen	(	0
Digit	0	1
RParen	)	2
Keyword	N	3
Keyword	C	4
Keyword	C	5
Sep	,	6
Digit	2	7
Haf	-	8
LStr	[	9
LParen	(	10
Digit	1	11
RParen	)	12
Keyword	C	13
Keyword	C	14
Keyword	C	15
Sep	,	16
Digit	1	17
Haf	-	18
Keyword	Me	19
Sep	,	21
LParen	(	22
Digit	0	23
RParen	)	24
RStr	]	25
Sep	,	26
Digit	3	27
Haf	-	28
Keyword	=O	29
Sep	,	31
Digit	3	32
Haf	-	33
Keyword	OH	34
Sep	,	36
LParen	(	37
Digit	0	38
RParen	)	39
Semi	;	40
End		41
AST:
CPO #1:
  Interface L:
    Poses: 0
  Core: N C C
  Subs: entry
    Poses: 2
    Group:
      Interface L:
        Poses: 1
      Core: C C C
      Subs: entry
        Poses: 1
        Sub Core:
          Core: Me
      Interface R:
        Poses: 0
    Next:
      Subs: entry
        Poses: 3
        Sub Core:
          Core: =O
        Next:
          Subs: entry
            Poses: 3
            Sub Core:
              Core: OH
  Interface R:
    Poses: 0
IR:
N(1,2,0,0,0,0,0)
C(2,1,3,4,0,0,0)
C(3,2,8,8,9,0,0)
C(4,5,7,2,0,0,0)
C(5,4,6,0,0,0,0)
C(6,5,0,0,0,0,0)
C(7,4,0,0,0,0,0)
O(8,3,3,0,0,0,0)
O(9,10,3,0,0,0,0)
H(10,9,0,0,0,0,0)
SVG:
<?xml version='1.0' encoding='iso-8859-1'?>
<svg version='1.1' baseProfile='full'
              xmlns='http://www.w3.org/2000/svg'
                      xmlns:rdkit='http://www.rdkit.org/xml'
                      xmlns:xlink='http://www.w3.org/1999/xlink'
                  xml:space='preserve'
width='450px' height='320px' viewBox='0 0 450 320'>
<!-- END OF HEADER -->
<rect style='opacity:1.0;fill:#FFFFFF;stroke:none' width='450.0' height='320.0' x='0.0' y='0.0'> </rect>
<path class='bond-0 atom-0 atom-1' d='M 114.3,191.5 L 147.4,172.4' style='fill:none;fill-rule:evenodd;stroke:#0000FF;stroke-width:2.0px;stroke-linecap:butt;stroke-linejoin:miter;stroke-opacity:1' />
<path class='bond-0 atom-0 atom-1' d='M 147.4,172.4 L 180.5,153.3' style='fill:none;fill-rule:evenodd;stroke:#000000;stroke-width:2.0px;stroke-linecap:butt;stroke-linejoin:miter;stroke-opacity:1' />
<path class='bond-1 atom-1 atom-2' d='M 180.5,153.3 L 259.4,198.9' style='fill:none;fill-rule:evenodd;stroke:#000000;stroke-width:2.0px;stroke-linecap:butt;stroke-linejoin:miter;stroke-opacity:1' />
<path class='bond-2 atom-1 atom-3' d='M 180.5,153.3 L 180.5,62.1' style='fill:none;fill-rule:evenodd;stroke:#000000;stroke-width:2.0px;stroke-linecap:butt;stroke-linejoin:miter;stroke-opacity:1' />
<path class='bond-3 atom-2 atom-7' d='M 252.6,194.9 L 252.6,234.5' style='fill:none;fill-rule:evenodd;stroke:#000000;stroke-width:2.0px;stroke-linecap:butt;stroke-linejoin:miter;stroke-opacity:1' />
<path class='bond-3 atom-2 atom-7' d='M 252.6,234.5 L 252.6,274.0' style='fill:none;fill-rule:evenodd;stroke:#FF0000;stroke-width:2.0px;stroke-linecap:butt;stroke-linejoin:miter;stroke-opacity:1' />
<path class='bond-3 atom-2 atom-7' d='M 266.3,194.9 L 266.3,234.5' style='fill:none;fill-rule:evenodd;stroke:#000000;stroke-width:2.0px;stroke-linecap:butt;stroke-linejoin:miter;stroke-opacity:1' />
<path class='bond-3 atom-2 atom-7' d='M 266.3,234.5 L 266.3,274.0' style='fill:none;fill-rule:evenodd;stroke:#FF0000;stroke-width:2.0px;stroke-linecap:butt;stroke-linejoin:miter;stroke-opacity:1' />
<path class='bond-4 atom-2 atom-8' d='M 259.4,198.9 L 291.5,180.4' style='fill:none;fill-rule:evenodd;stroke:#000000;stroke-width:2.0px;stroke-linecap:butt;stroke-linejoin:miter;stroke-opacity:1' />
<path class='bond-4 atom-2 atom-8' d='M 291.5,180.4 L 323.6,161.9' style='fill:none;fill-rule:evenodd;stroke:#FF0000;stroke-width:2.0px;stroke-linecap:butt;stroke-linejoin:miter;stroke-opacity:1' />
<path class='bond-5 atom-3 atom-4' d='M 180.5,62.1 L 101.5,16.5' style='fill:none;fill-rule:evenodd;stroke:#000000;stroke-width:2.0px;stroke-linecap:butt;stroke-linejoin:miter;stroke-opacity:1' />
<path class='bond-6 atom-3 atom-6' d='M 180.5,62.1 L 259.4,16.5' style='fill:none;fill-rule:evenodd;stroke:#000000;stroke-width:2.0px;stroke-linecap:butt;stroke-linejoin:miter;stroke-opacity:1' />
<path class='bond-7 atom-4 atom-5' d='M 101.5,16.5 L 22.5,62.1' style='fill:none;fill-rule:evenodd;stroke:#000000;stroke-width:2.0px;stroke-linecap:butt;stroke-linejoin:miter;stroke-opacity:1' />
<path class='bond-8 atom-8 atom-9' d='M 353.3,161.9 L 378.8,176.6' style='fill:none;fill-rule:evenodd;stroke:#FF0000;stroke-width:2.0px;stroke-linecap:butt;stroke-linejoin:miter;stroke-opacity:1' />
<path class='bond-8 atom-8 atom-9' d='M 378.8,176.6 L 404.3,191.3' style='fill:none;fill-rule:evenodd;stroke:#000000;stroke-width:2.0px;stroke-linecap:butt;stroke-linejoin:miter;stroke-opacity:1' />
<path d='M 255.5,196.6 L 259.4,198.9 L 261.0,197.9' style='fill:none;stroke:#000000;stroke-width:2.0px;stroke-linecap:butt;stroke-linejoin:miter;stroke-opacity:1;' />
<path d='M 105.4,18.8 L 101.5,16.5 L 97.5,18.8' style='fill:none;stroke:#000000;stroke-width:2.0px;stroke-linecap:butt;stroke-linejoin:miter;stroke-opacity:1;' />
<path class='atom-0' d='M 95.8 186.0
L 104.2 199.6
Q 105.1 201.0, 106.4 203.4
Q 107.8 205.9, 107.8 206.0
L 107.8 186.0
L 111.3 186.0
L 111.3 211.8
L 107.7 211.8
L 98.7 196.8
Q 97.6 195.1, 96.5 193.1
Q 95.4 191.1, 95.0 190.4
L 95.0 211.8
L 91.7 211.8
L 91.7 186.0
L 95.8 186.0
' fill='#0000FF'/>
<path class='atom-7' d='M 247.6 290.1
Q 247.6 283.9, 250.6 280.5
Q 253.7 277.0, 259.4 277.0
Q 265.2 277.0, 268.2 280.5
Q 271.3 283.9, 271.3 290.1
Q 271.3 296.4, 268.2 300.0
Q 265.1 303.5, 259.4 303.5
Q 253.7 303.5, 250.6 300.0
Q 247.6 296.4, 247.6 290.1
M 259.4 300.6
Q 263.4 300.6, 265.5 298.0
Q 267.6 295.3, 267.6 290.1
Q 267.6 285.1, 265.5 282.5
Q 263.4 279.9, 259.4 279.9
Q 255.5 279.9, 253.3 282.5
Q 251.2 285.0, 251.2 290.1
Q 251.2 295.4, 253.3 298.0
Q 255.5 300.6, 259.4 300.6
' fill='#FF0000'/>
<path class='atom-8' d='M 326.6 153.3
Q 326.6 147.1, 329.6 143.7
Q 332.7 140.2, 338.4 140.2
Q 344.1 140.2, 347.2 143.7
Q 350.3 147.1, 350.3 153.3
Q 350.3 159.6, 347.2 163.2
Q 344.1 166.7, 338.4 166.7
Q 332.7 166.7, 329.6 163.2
Q 326.6 159.7, 326.6 153.3
M 338.4 163.8
Q 342.4 163.8, 344.5 161.2
Q 346.6 158.5, 346.6 153.3
Q 346.6 148.3, 344.5 145.7
Q 342.4 143.1, 338.4 143.1
Q 334.5 143.1, 332.3 145.7
Q 330.2 148.2, 330.2 153.3
Q 330.2 158.6, 332.3 161.2
Q 334.5 163.8, 338.4 163.8
' fill='#FF0000'/>
<path class='atom-9' d='M 407.3 186.0
L 410.8 186.0
L 410.8 196.9
L 424.0 196.9
L 424.0 186.0
L 427.5 186.0
L 427.5 211.8
L 424.0 211.8
L 424.0 199.9
L 410.8 199.9
L 410.8 211.8
L 407.3 211.8
L 407.3 186.0
' fill='#000000'/>
</svg>

