Tokens:
LParen	(	0
Digit	0	1
RParen	)	2
Keyword	N	3
Keyword	C	4
Keyword	C	5
Sep	,	6
Digit	2	7
Haf	-	8
LStr	[	9
LParen	(	10
Digit	1	11
RParen	)	12
Keyword	C	13
Keyword	C	14
Keyword	C	15
Keyword	C	16
Keyword	N	17
Sep	,	18
LParen	(	19
Digit	0	20
RParen	)	21
RStr	]	22
Sep	,	23
Digit	3	24
Haf	-	25
Keyword	=O	26
Sep	,	28
Digit	3	29
Haf	-	30
Keyword	OH	31
Sep	,	33
LParen	(	34
Digit	0	35
RParen	)	36
Semi	;	37
End		38
AST:
CPO #1:
  Interface L:
    Poses: 0
  Core: N C C
  Subs: entry
    Poses: 2
    Group:
      Interface L:
        Poses: 1
      Core: C C C C N
      Subs: empty
      Interface R:
        Poses: 0
    Next:
      Subs: entry
        Poses: 3
        Sub Core:
          Core: =O
        Next:
          Subs: entry
            Poses: 3
            Sub Core:
              Core: OH
  Interface R:
    Poses: 0
IR:
N(1,2,0,0,0,0,0)
C(2,1,3,4,0,0,0)
C(3,2,9,9,10,0,0)
C(4,5,2,0,0,0,0)
C(5,4,6,0,0,0,0)
C(6,5,7,0,0,0,0)
C(7,6,8,0,0,0,0)
N(8,7,0,0,0,0,0)
O(9,3,3,0,0,0,0)
O(10,11,3,0,0,0,0)
H(11,10,0,0,0,0,0)
SVG:
<?xml version='1.0' encoding='iso-8859-1'?>
<svg version='1.1' baseProfile='full'
              xmlns='http://www.w3.org/2000/svg'
                      xmlns:rdkit='http://www.rdkit.org/xml'
                      xmlns:xlink='http://www.w3.org/1999/xlink'
                  xml:space='preserve'
width='450px' height='320px' viewBox='0 0 450 320'>
<!-- END OF HEADER -->
<rect style='opacity:1.0;fill:#FFFFFF;stroke:none' width='450.0' height='320.0' x='0.0' y='0.0'> </rect>
<path class='bond-0 atom-0 atom-1' d='M 142.2,74.8 L 142.2,101.3' style='fill:none;fill-rule:evenodd;stroke:#0000FF;stroke-width:2.0px;stroke-linecap:butt;stroke-linejoin:miter;stroke-opacity:1' />
<path class='bond-0 atom-0 atom-1' d='M 142.2,101.3 L 142.2,127.9' style='fill:none;fill-rule:evenodd;stroke:#000000;stroke-width:2.0px;stroke-linecap:butt;stroke-linejoin:miter;stroke-opacity:1' />
<path class='bond-1 atom-1 atom-2' d='M 142.2,127.9 L 86.5,160.0' style='fill:none;fill-rule:evenodd;stroke:#000000;stroke-width:2.0px;stroke-linecap:butt;stroke-linejoin:miter;stroke-opacity:1' />
<path class='bond-2 atom-1 atom-3' d='M 142.2,127.9 L 197.9,160.0' style='fill:none;fill-rule:evenodd;stroke:#000000;stroke-width:2.0px;stroke-linecap:butt;stroke-linejoin:miter;stroke-opacity:1' />
<path class='bond-3 atom-2 atom-8' d='M 91.4,157.2 L 67.6,143.5' style='fill:none;fill-rule:evenodd;stroke:#000000;stroke-width:2.0px;stroke-linecap:butt;stroke-linejoin:miter;stroke-opacity:1' />
<path class='bond-3 atom-2 atom-8' d='M 67.6,143.5 L 43.7,129.7' style='fill:none;fill-rule:evenodd;stroke:#FF0000;stroke-width:2.0px;stroke-linecap:butt;stroke-linejoin:miter;stroke-opacity:1' />
<path class='bond-3 atom-2 atom-8' d='M 86.5,165.6 L 62.7,151.8' style='fill:none;fill-rule:evenodd;stroke:#000000;stroke-width:2.0px;stroke-linecap:butt;stroke-linejoin:miter;stroke-opacity:1' />
<path class='bond-3 atom-2 atom-8' d='M 62.7,151.8 L 38.9,138.1' style='fill:none;fill-rule:evenodd;stroke:#FF0000;stroke-width:2.0px;stroke-linecap:butt;stroke-linejoin:miter;stroke-opacity:1' />
<path class='bond-4 atom-2 atom-9' d='M 86.5,160.0 L 86.5,186.5' style='fill:none;fill-rule:evenodd;stroke:#000000;stroke-width:2.0px;stroke-linecap:butt;stroke-linejoin:miter;stroke-opacity:1' />
<path class='bond-4 atom-2 atom-9' d='M 86.5,186.5 L 86.5,213.0' style='fill:none;fill-rule:evenodd;stroke:#FF0000;stroke-width:2.0px;stroke-linecap:butt;stroke-linejoin:miter;stroke-opacity:1' />
<path class='bond-5 atom-3 atom-4' d='M 197.9,160.0 L 253.6,127.9' style='fill:none;fill-rule:evenodd;stroke:#000000;stroke-width:2.0px;stroke-linecap:butt;stroke-linejoin:miter;stroke-opacity:1' />
<path class='bond-6 atom-4 atom-5' d='M 253.6,127.9 L 309.2,160.0' style='fill:none;fill-rule:evenodd;stroke:#000000;stroke-width:2.0px;stroke-linecap:butt;stroke-linejoin:miter;stroke-opacity:1' />
<path class='bond-7 atom-5 atom-6' d='M 309.2,160.0 L 364.9,127.9' style='fill:none;fill-rule:evenodd;stroke:#000000;stroke-width:2.0px;stroke-linecap:butt;stroke-linejoin:miter;stroke-opacity:1' />
<path class='bond-8 atom-6 atom-7' d='M 364.9,127.9 L 388.2,141.3' style='fill:none;fill-rule:evenodd;stroke:#000000;stroke-width:2.0px;stroke-linecap:butt;stroke-linejoin:miter;stroke-opacity:1' />
<path class='bond-8 atom-6 atom-7' d='M 388.2,141.3 L 411.6,154.8' style='fill:none;fill-rule:evenodd;stroke:#0000FF;stroke-width:2.0px;stroke-linecap:butt;stroke-linejoin:miter;stroke-opacity:1' />
<path class='bond-9 atom-9 atom-10' d='M 76.1,230.3 L 58.1,240.7' style='fill:none;fill-rule:evenodd;stroke:#FF0000;stroke-width:2.0px;stroke-linecap:butt;stroke-linejoin:miter;stroke-opacity:1' />
<path class='bond-9 atom-9 atom-10' d='M 58.1,240.7 L 40.1,251.1' style='fill:none;fill-rule:evenodd;stroke:#000000;stroke-width:2.0px;stroke-linecap:butt;stroke-linejoin:miter;stroke-opacity:1' />
<path d='M 89.3,158.4 L 86.5,160.0 L 86.5,161.3' style='fill:none;stroke:#000000;stroke-width:2.0px;stroke-linecap:butt;stroke-linejoin:miter;stroke-opacity:1;' />
<path d='M 195.1,158.4 L 197.9,160.0 L 200.7,158.4' style='fill:none;stroke:#000000;stroke-width:2.0px;stroke-linecap:butt;stroke-linejoin:miter;stroke-opacity:1;' />
<path d='M 250.8,129.5 L 253.6,127.9 L 256.3,129.5' style='fill:none;stroke:#000000;stroke-width:2.0px;stroke-linecap:butt;stroke-linejoin:miter;stroke-opacity:1;' />
<path d='M 306.5,158.4 L 309.2,160.0 L 312.0,158.4' style='fill:none;stroke:#000000;stroke-width:2.0px;stroke-linecap:butt;stroke-linejoin:miter;stroke-opacity:1;' />
<path d='M 362.1,129.5 L 364.9,127.9 L 366.1,128.5' style='fill:none;stroke:#000000;stroke-width:2.0px;stroke-linecap:butt;stroke-linejoin:miter;stroke-opacity:1;' />
<path class='atom-0' d='M 138.2 54.5
L 144.2 64.1
Q 144.7 65.1, 145.7 66.8
Q 146.6 68.5, 146.7 68.6
L 146.7 54.5
L 149.1 54.5
L 149.1 72.7
L 146.6 72.7
L 140.2 62.1
Q 139.5 60.9, 138.7 59.5
Q 137.9 58.1, 137.7 57.6
L 137.7 72.7
L 135.3 72.7
L 135.3 54.5
L 138.2 54.5
' fill='#0000FF'/>
<path class='atom-7' d='M 416.6 150.9
L 422.5 160.5
Q 423.1 161.5, 424.1 163.2
Q 425.0 164.9, 425.1 165.0
L 425.1 150.9
L 427.5 150.9
L 427.5 169.1
L 425.0 169.1
L 418.6 158.6
Q 417.9 157.3, 417.1 155.9
Q 416.3 154.5, 416.1 154.1
L 416.1 169.1
L 413.7 169.1
L 413.7 150.9
L 416.6 150.9
' fill='#0000FF'/>
<path class='atom-8' d='M 22.5 127.9
Q 22.5 123.5, 24.7 121.1
Q 26.8 118.6, 30.9 118.6
Q 34.9 118.6, 37.1 121.1
Q 39.2 123.5, 39.2 127.9
Q 39.2 132.3, 37.0 134.8
Q 34.8 137.3, 30.9 137.3
Q 26.8 137.3, 24.7 134.8
Q 22.5 132.4, 22.5 127.9
M 30.9 135.3
Q 33.6 135.3, 35.1 133.4
Q 36.6 131.6, 36.6 127.9
Q 36.6 124.3, 35.1 122.5
Q 33.6 120.7, 30.9 120.7
Q 28.1 120.7, 26.6 122.5
Q 25.1 124.3, 25.1 127.9
Q 25.1 131.6, 26.6 133.4
Q 28.1 135.3, 30.9 135.3
' fill='#FF0000'/>
<path class='atom-9' d='M 78.2 224.3
Q 78.2 220.0, 80.3 217.5
Q 82.5 215.1, 86.5 215.1
Q 90.6 215.1, 92.7 217.5
Q 94.9 220.0, 94.9 224.3
Q 94.9 228.8, 92.7 231.3
Q 90.5 233.8, 86.5 233.8
Q 82.5 233.8, 80.3 231.3
Q 78.2 228.8, 78.2 224.3
M 86.5 231.7
Q 89.3 231.7, 90.8 229.9
Q 92.3 228.0, 92.3 224.3
Q 92.3 220.8, 90.8 219.0
Q 89.3 217.1, 86.5 217.1
Q 83.8 217.1, 82.2 218.9
Q 80.7 220.7, 80.7 224.3
Q 80.7 228.0, 82.2 229.9
Q 83.8 231.7, 86.5 231.7
' fill='#FF0000'/>
<path class='atom-10' d='M 23.7 247.3
L 26.2 247.3
L 26.2 255.1
L 35.5 255.1
L 35.5 247.3
L 38.0 247.3
L 38.0 265.5
L 35.5 265.5
L 35.5 257.1
L 26.2 257.1
L 26.2 265.5
L 23.7 265.5
L 23.7 247.3
' fill='#000000'/>
</svg>

