Tokens:
LParen	(	0
Digit	0	1
RParen	)	2
Keyword	N	3
Keyword	C	4
Keyword	C	5
Sep	,	6
Digit	2	7
Haf	-	8
LStr	[	9
LParen	(	10
Digit	1	11
RParen	)	12
Keyword	C	13
Keyword	C	14
Sep	,	15
Digit	2	16
Haf	-	17
Keyword	Me	18
Sep	,	20
Digit	2	21
Haf	-	22
Keyword	Me	23
Sep	,	25
LParen	(	26
Digit	0	27
RParen	)	28
RStr	]	29
Sep	,	30
Digit	3	31
Haf	-	32
Keyword	=O	33
Sep	,	35
Digit	3	36
Haf	-	37
Keyword	OH	38
Sep	,	40
LParen	(	41
Digit	0	42
RParen	)	43
Semi	;	44
End		45
AST:
CPO #1:
  Interface L:
    Poses: 0
  Core: N C C
  Subs: entry
    Poses: 2
    Group:
      Interface L:
        Poses: 1
      Core: C C
      Subs: entry
        Poses: 2
        Sub Core:
          Core: Me
        Next:
          Subs: entry
            Poses: 2
            Sub Core:
              Core: Me
      Interface R:
        Poses: 0
    Next:
      Subs: entry
        Poses: 3
        Sub Core:
          Core: =O
        Next:
          Subs: entry
            Poses: 3
            Sub Core:
              Core: OH
  Interface R:
    Poses: 0
IR:
N(1,2,0,0,0,0,0)
C(2,1,3,4,0,0,0)
C(3,2,8,8,9,0,0)
C(4,5,2,0,0,0,0)
C(5,4,6,7,0,0,0)
C(6,5,0,0,0,0,0)
C(7,5,0,0,0,0,0)
O(8,3,3,0,0,0,0)
O(9,10,3,0,0,0,0)
H(10,9,0,0,0,0,0)
SVG:
<?xml version='1.0' encoding='iso-8859-1'?>
<svg version='1.1' baseProfile='full'
              xmlns='http://www.w3.org/2000/svg'
                      xmlns:rdkit='http://www.rdkit.org/xml'
                      xmlns:xlink='http://www.w3.org/1999/xlink'
                  xml:space='preserve'
width='450px' height='320px' viewBox='0 0 450 320'>
<!-- END OF HEADER -->
<rect style='opacity:1.0;fill:#FFFFFF;stroke:none' width='450.0' height='320.0' x='0.0' y='0.0'> </rect>
<path class='bond-0 atom-0 atom-1' d='M 292.9,205.9 L 270.3,192.9' style='fill:none;fill-rule:evenodd;stroke:#0000FF;stroke-width:2.0px;stroke-linecap:butt;stroke-linejoin:miter;stroke-opacity:1' />
<path class='bond-0 atom-0 atom-1' d='M 270.3,192.9 L 247.8,179.9' style='fill:none;fill-rule:evenodd;stroke:#000000;stroke-width:2.0px;stroke-linecap:butt;stroke-linejoin:miter;stroke-opacity:1' />
<path class='bond-1 atom-1 atom-2' d='M 247.8,179.9 L 247.8,117.9' style='fill:none;fill-rule:evenodd;stroke:#000000;stroke-width:2.0px;stroke-linecap:butt;stroke-linejoin:miter;stroke-opacity:1' />
<path class='bond-2 atom-1 atom-3' d='M 247.8,179.9 L 194.1,210.9' style='fill:none;fill-rule:evenodd;stroke:#000000;stroke-width:2.0px;stroke-linecap:butt;stroke-linejoin:miter;stroke-opacity:1' />
<path class='bond-3 atom-2 atom-7' d='M 247.8,123.2 L 270.8,110.0' style='fill:none;fill-rule:evenodd;stroke:#000000;stroke-width:2.0px;stroke-linecap:butt;stroke-linejoin:miter;stroke-opacity:1' />
<path class='bond-3 atom-2 atom-7' d='M 270.8,110.0 L 293.8,96.7' style='fill:none;fill-rule:evenodd;stroke:#FF0000;stroke-width:2.0px;stroke-linecap:butt;stroke-linejoin:miter;stroke-opacity:1' />
<path class='bond-3 atom-2 atom-7' d='M 243.2,115.2 L 266.2,101.9' style='fill:none;fill-rule:evenodd;stroke:#000000;stroke-width:2.0px;stroke-linecap:butt;stroke-linejoin:miter;stroke-opacity:1' />
<path class='bond-3 atom-2 atom-7' d='M 266.2,101.9 L 289.1,88.6' style='fill:none;fill-rule:evenodd;stroke:#FF0000;stroke-width:2.0px;stroke-linecap:butt;stroke-linejoin:miter;stroke-opacity:1' />
<path class='bond-4 atom-2 atom-8' d='M 247.8,117.9 L 226.0,105.3' style='fill:none;fill-rule:evenodd;stroke:#000000;stroke-width:2.0px;stroke-linecap:butt;stroke-linejoin:miter;stroke-opacity:1' />
<path class='bond-4 atom-2 atom-8' d='M 226.0,105.3 L 204.2,92.7' style='fill:none;fill-rule:evenodd;stroke:#FF0000;stroke-width:2.0px;stroke-linecap:butt;stroke-linejoin:miter;stroke-opacity:1' />
<path class='bond-5 atom-3 atom-4' d='M 194.1,210.9 L 194.1,273.0' style='fill:none;fill-rule:evenodd;stroke:#000000;stroke-width:2.0px;stroke-linecap:butt;stroke-linejoin:miter;stroke-opacity:1' />
<path class='bond-6 atom-4 atom-5' d='M 194.1,273.0 L 140.4,304.0' style='fill:none;fill-rule:evenodd;stroke:#000000;stroke-width:2.0px;stroke-linecap:butt;stroke-linejoin:miter;stroke-opacity:1' />
<path class='bond-7 atom-4 atom-6' d='M 194.1,273.0 L 247.8,304.0' style='fill:none;fill-rule:evenodd;stroke:#000000;stroke-width:2.0px;stroke-linecap:butt;stroke-linejoin:miter;stroke-opacity:1' />
<path class='bond-8 atom-8 atom-9' d='M 194.1,75.9 L 194.1,55.8' style='fill:none;fill-rule:evenodd;stroke:#FF0000;stroke-width:2.0px;stroke-linecap:butt;stroke-linejoin:miter;stroke-opacity:1' />
<path class='bond-8 atom-8 atom-9' d='M 194.1,55.8 L 194.1,35.6' style='fill:none;fill-rule:evenodd;stroke:#000000;stroke-width:2.0px;stroke-linecap:butt;stroke-linejoin:miter;stroke-opacity:1' />
<path d='M 247.8,121.0 L 247.8,117.9 L 246.7,117.2' style='fill:none;stroke:#000000;stroke-width:2.0px;stroke-linecap:butt;stroke-linejoin:miter;stroke-opacity:1;' />
<path d='M 196.8,209.4 L 194.1,210.9 L 194.1,214.0' style='fill:none;stroke:#000000;stroke-width:2.0px;stroke-linecap:butt;stroke-linejoin:miter;stroke-opacity:1;' />
<path class='atom-0' d='M 297.7 202.1
L 303.4 211.4
Q 304.0 212.4, 304.9 214.0
Q 305.9 215.7, 305.9 215.8
L 305.9 202.1
L 308.2 202.1
L 308.2 219.7
L 305.8 219.7
L 299.6 209.5
Q 298.9 208.3, 298.2 207.0
Q 297.4 205.6, 297.2 205.2
L 297.2 219.7
L 294.9 219.7
L 294.9 202.1
L 297.7 202.1
' fill='#0000FF'/>
<path class='atom-7' d='M 293.5 86.9
Q 293.5 82.7, 295.6 80.3
Q 297.7 77.9, 301.6 77.9
Q 305.5 77.9, 307.6 80.3
Q 309.6 82.7, 309.6 86.9
Q 309.6 91.2, 307.5 93.6
Q 305.4 96.0, 301.6 96.0
Q 297.7 96.0, 295.6 93.6
Q 293.5 91.2, 293.5 86.9
M 301.6 94.0
Q 304.2 94.0, 305.7 92.2
Q 307.2 90.4, 307.2 86.9
Q 307.2 83.4, 305.7 81.7
Q 304.2 79.9, 301.6 79.9
Q 298.9 79.9, 297.4 81.7
Q 296.0 83.4, 296.0 86.9
Q 296.0 90.4, 297.4 92.2
Q 298.9 94.0, 301.6 94.0
' fill='#FF0000'/>
<path class='atom-8' d='M 186.0 86.9
Q 186.0 82.7, 188.1 80.3
Q 190.2 77.9, 194.1 77.9
Q 198.0 77.9, 200.1 80.3
Q 202.2 82.7, 202.2 86.9
Q 202.2 91.2, 200.1 93.6
Q 197.9 96.0, 194.1 96.0
Q 190.2 96.0, 188.1 93.6
Q 186.0 91.2, 186.0 86.9
M 194.1 94.0
Q 196.8 94.0, 198.2 92.2
Q 199.7 90.4, 199.7 86.9
Q 199.7 83.4, 198.2 81.7
Q 196.8 79.9, 194.1 79.9
Q 191.4 79.9, 190.0 81.7
Q 188.5 83.4, 188.5 86.9
Q 188.5 90.4, 190.0 92.2
Q 191.4 94.0, 194.1 94.0
' fill='#FF0000'/>
<path class='atom-9' d='M 187.2 16.0
L 189.6 16.0
L 189.6 23.5
L 198.6 23.5
L 198.6 16.0
L 201.0 16.0
L 201.0 33.6
L 198.6 33.6
L 198.6 25.5
L 189.6 25.5
L 189.6 33.6
L 187.2 33.6
L 187.2 16.0
' fill='#000000'/>
</svg>

