Tokens:
LParen	(	0
Digit	0	1
RParen	)	2
Keyword	NH2	3
Keyword	C	6
Keyword	C	7
Sep	,	8
Digit	4	9
Haf	-	10
LStr	[	11
LParen	(	12
Digit	1	13
RParen	)	14
Keyword	C	15
Keyword	C	16
Keyword	S	17
Keyword	Me	18
Sep	,	20
LParen	(	21
Digit	0	22
RParen	)	23
RStr	]	24
Sep	,	25
Digit	5	26
Haf	-	27
Keyword	=O	28
Sep	,	30
Digit	5	31
Haf	-	32
Keyword	OH	33
Sep	,	35
LParen	(	36
Digit	0	37
RParen	)	38
Semi	;	39
End		40
AST:
CPO #1:
  Interface L:
    Poses: 0
  Core: NH2 C C
  Subs: entry attach
    Poses: 4
    Group:
      Interface L:
        Poses: 1
      Core: C C S Me
      Subs: empty
      Interface R:
        Poses: 0
    Next:
      Subs: entry attach
        Poses: 5
        Sub Core:
          Core: =O
        Next:
          Subs: entry attach
            Poses: 5
            Sub Core:
              Core: OH
  Interface R:
    Poses: 0
IR:
N(1,2,3,4,0,0,0)
H(2,1,0,0,0,0,0)
H(3,1,0,0,0,0,0)
C(4,1,5,6,0,0,0)
C(5,4,10,10,11,0,0)
C(6,7,4,0,0,0,0)
C(7,6,8,0,0,0,0)
S(8,7,9,0,0,0,0)
C(9,8,0,0,0,0,0)
O(10,5,5,0,0,0,0)
O(11,12,5,0,0,0,0)
H(12,11,0,0,0,0,0)
SVG:
<?xml version='1.0' encoding='iso-8859-1'?>
<svg version='1.1' baseProfile='full'
              xmlns='http://www.w3.org/2000/svg'
                      xmlns:rdkit='http://www.rdkit.org/xml'
                      xmlns:xlink='http://www.w3.org/1999/xlink'
                  xml:space='preserve'
width='450px' height='320px' viewBox='0 0 450 320'>
<!-- END OF HEADER -->
<rect style='opacity:1.0;fill:#FFFFFF;stroke:none' width='450.0' height='320.0' x='0.0' y='0.0'> </rect>
<path class='bond-0 atom-0 atom-1' d='M 296.6,261.2 L 318.7,274.0' style='fill:none;fill-rule:evenodd;stroke:#0000FF;stroke-width:2.0px;stroke-linecap:butt;stroke-linejoin:miter;stroke-opacity:1' />
<path class='bond-0 atom-0 atom-1' d='M 318.7,274.0 L 340.8,286.8' style='fill:none;fill-rule:evenodd;stroke:#000000;stroke-width:2.0px;stroke-linecap:butt;stroke-linejoin:miter;stroke-opacity:1' />
<path class='bond-1 atom-0 atom-2' d='M 275.2,261.2 L 253.1,274.0' style='fill:none;fill-rule:evenodd;stroke:#0000FF;stroke-width:2.0px;stroke-linecap:butt;stroke-linejoin:miter;stroke-opacity:1' />
<path class='bond-1 atom-0 atom-2' d='M 253.1,274.0 L 231.0,286.8' style='fill:none;fill-rule:evenodd;stroke:#000000;stroke-width:2.0px;stroke-linecap:butt;stroke-linejoin:miter;stroke-opacity:1' />
<path class='bond-2 atom-0 atom-3' d='M 285.9,241.8 L 285.9,210.4' style='fill:none;fill-rule:evenodd;stroke:#0000FF;stroke-width:2.0px;stroke-linecap:butt;stroke-linejoin:miter;stroke-opacity:1' />
<path class='bond-2 atom-0 atom-3' d='M 285.9,210.4 L 285.9,179.0' style='fill:none;fill-rule:evenodd;stroke:#000000;stroke-width:2.0px;stroke-linecap:butt;stroke-linejoin:miter;stroke-opacity:1' />
<path class='bond-3 atom-3 atom-4' d='M 285.9,179.0 L 351.8,141.0' style='fill:none;fill-rule:evenodd;stroke:#000000;stroke-width:2.0px;stroke-linecap:butt;stroke-linejoin:miter;stroke-opacity:1' />
<path class='bond-4 atom-3 atom-5' d='M 285.9,179.0 L 220.1,141.0' style='fill:none;fill-rule:evenodd;stroke:#000000;stroke-width:2.0px;stroke-linecap:butt;stroke-linejoin:miter;stroke-opacity:1' />
<path class='bond-5 atom-4 atom-9' d='M 346.1,144.3 L 374.2,160.5' style='fill:none;fill-rule:evenodd;stroke:#000000;stroke-width:2.0px;stroke-linecap:butt;stroke-linejoin:miter;stroke-opacity:1' />
<path class='bond-5 atom-4 atom-9' d='M 374.2,160.5 L 402.4,176.8' style='fill:none;fill-rule:evenodd;stroke:#FF0000;stroke-width:2.0px;stroke-linecap:butt;stroke-linejoin:miter;stroke-opacity:1' />
<path class='bond-5 atom-4 atom-9' d='M 351.8,134.4 L 379.9,150.7' style='fill:none;fill-rule:evenodd;stroke:#000000;stroke-width:2.0px;stroke-linecap:butt;stroke-linejoin:miter;stroke-opacity:1' />
<path class='bond-5 atom-4 atom-9' d='M 379.9,150.7 L 408.1,166.9' style='fill:none;fill-rule:evenodd;stroke:#FF0000;stroke-width:2.0px;stroke-linecap:butt;stroke-linejoin:miter;stroke-opacity:1' />
<path class='bond-6 atom-4 atom-10' d='M 351.8,141.0 L 351.8,109.8' style='fill:none;fill-rule:evenodd;stroke:#000000;stroke-width:2.0px;stroke-linecap:butt;stroke-linejoin:miter;stroke-opacity:1' />
<path class='bond-6 atom-4 atom-10' d='M 351.8,109.8 L 351.8,78.7' style='fill:none;fill-rule:evenodd;stroke:#FF0000;stroke-width:2.0px;stroke-linecap:butt;stroke-linejoin:miter;stroke-opacity:1' />
<path class='bond-7 atom-5 atom-6' d='M 220.1,141.0 L 154.2,179.0' style='fill:none;fill-rule:evenodd;stroke:#000000;stroke-width:2.0px;stroke-linecap:butt;stroke-linejoin:miter;stroke-opacity:1' />
<path class='bond-8 atom-6 atom-7' d='M 154.2,179.0 L 126.0,162.7' style='fill:none;fill-rule:evenodd;stroke:#000000;stroke-width:2.0px;stroke-linecap:butt;stroke-linejoin:miter;stroke-opacity:1' />
<path class='bond-8 atom-6 atom-7' d='M 126.0,162.7 L 97.8,146.4' style='fill:none;fill-rule:evenodd;stroke:#CCCC00;stroke-width:2.0px;stroke-linecap:butt;stroke-linejoin:miter;stroke-opacity:1' />
<path class='bond-9 atom-7 atom-8' d='M 78.9,146.4 L 50.7,162.7' style='fill:none;fill-rule:evenodd;stroke:#CCCC00;stroke-width:2.0px;stroke-linecap:butt;stroke-linejoin:miter;stroke-opacity:1' />
<path class='bond-9 atom-7 atom-8' d='M 50.7,162.7 L 22.5,179.0' style='fill:none;fill-rule:evenodd;stroke:#000000;stroke-width:2.0px;stroke-linecap:butt;stroke-linejoin:miter;stroke-opacity:1' />
<path class='bond-10 atom-10 atom-11' d='M 364.2,57.8 L 385.4,45.5' style='fill:none;fill-rule:evenodd;stroke:#FF0000;stroke-width:2.0px;stroke-linecap:butt;stroke-linejoin:miter;stroke-opacity:1' />
<path class='bond-10 atom-10 atom-11' d='M 385.4,45.5 L 406.7,33.2' style='fill:none;fill-rule:evenodd;stroke:#000000;stroke-width:2.0px;stroke-linecap:butt;stroke-linejoin:miter;stroke-opacity:1' />
<path d='M 348.5,142.9 L 351.8,141.0 L 351.8,139.4' style='fill:none;stroke:#000000;stroke-width:2.0px;stroke-linecap:butt;stroke-linejoin:miter;stroke-opacity:1;' />
<path d='M 223.4,142.9 L 220.1,141.0 L 216.8,142.9' style='fill:none;stroke:#000000;stroke-width:2.0px;stroke-linecap:butt;stroke-linejoin:miter;stroke-opacity:1;' />
<path d='M 157.5,177.1 L 154.2,179.0 L 152.8,178.2' style='fill:none;stroke:#000000;stroke-width:2.0px;stroke-linecap:butt;stroke-linejoin:miter;stroke-opacity:1;' />
<path class='atom-0' d='M 281.1 244.3
L 288.2 255.7
Q 288.9 256.8, 290.0 258.9
Q 291.2 260.9, 291.2 261.0
L 291.2 244.3
L 294.1 244.3
L 294.1 265.8
L 291.1 265.8
L 283.6 253.3
Q 282.7 251.9, 281.7 250.2
Q 280.8 248.5, 280.5 248.0
L 280.5 265.8
L 277.7 265.8
L 277.7 244.3
L 281.1 244.3
' fill='#0000FF'/>
<path class='atom-1' d='M 343.3 282.3
L 346.3 282.3
L 346.3 291.5
L 357.3 291.5
L 357.3 282.3
L 360.2 282.3
L 360.2 303.8
L 357.3 303.8
L 357.3 293.9
L 346.3 293.9
L 346.3 303.8
L 343.3 303.8
L 343.3 282.3
' fill='#000000'/>
<path class='atom-2' d='M 211.6 282.3
L 214.6 282.3
L 214.6 291.5
L 225.6 291.5
L 225.6 282.3
L 228.5 282.3
L 228.5 303.8
L 225.6 303.8
L 225.6 293.9
L 214.6 293.9
L 214.6 303.8
L 211.6 303.8
L 211.6 282.3
' fill='#000000'/>
<path class='atom-7' d='M 82.3 148.4
Q 82.5 148.5, 83.5 148.9
Q 84.5 149.3, 85.6 149.6
Q 86.7 149.8, 87.8 149.8
Q 89.9 149.8, 91.1 148.9
Q 92.2 147.9, 92.2 146.1
Q 92.2 144.9, 91.6 144.2
Q 91.1 143.5, 90.1 143.1
Q 89.2 142.7, 87.7 142.2
Q 85.8 141.7, 84.6 141.1
Q 83.5 140.6, 82.7 139.4
Q 81.9 138.3, 81.9 136.3
Q 81.9 133.6, 83.7 131.9
Q 85.6 130.3, 89.2 130.3
Q 91.7 130.3, 94.6 131.4
L 93.9 133.8
Q 91.3 132.7, 89.3 132.7
Q 87.2 132.7, 86.1 133.6
Q 84.9 134.5, 84.9 135.9
Q 84.9 137.1, 85.5 137.8
Q 86.1 138.5, 87.0 138.9
Q 87.9 139.3, 89.3 139.7
Q 91.3 140.4, 92.4 141.0
Q 93.6 141.6, 94.4 142.8
Q 95.3 144.0, 95.3 146.1
Q 95.3 149.1, 93.2 150.7
Q 91.3 152.3, 88.0 152.3
Q 86.0 152.3, 84.6 151.9
Q 83.2 151.5, 81.4 150.8
L 82.3 148.4
' fill='#CCCC00'/>
<path class='atom-9' d='M 407.7 179.1
Q 407.7 173.9, 410.3 171.0
Q 412.8 168.1, 417.6 168.1
Q 422.4 168.1, 424.9 171.0
Q 427.5 173.9, 427.5 179.1
Q 427.5 184.3, 424.9 187.3
Q 422.3 190.2, 417.6 190.2
Q 412.9 190.2, 410.3 187.3
Q 407.7 184.3, 407.7 179.1
M 417.6 187.8
Q 420.9 187.8, 422.7 185.6
Q 424.5 183.4, 424.5 179.1
Q 424.5 174.8, 422.7 172.7
Q 420.9 170.6, 417.6 170.6
Q 414.3 170.6, 412.5 172.7
Q 410.8 174.8, 410.8 179.1
Q 410.8 183.4, 412.5 185.6
Q 414.3 187.8, 417.6 187.8
' fill='#FF0000'/>
<path class='atom-10' d='M 341.9 65.0
Q 341.9 59.8, 344.4 57.0
Q 347.0 54.1, 351.8 54.1
Q 356.5 54.1, 359.1 57.0
Q 361.6 59.8, 361.6 65.0
Q 361.6 70.2, 359.1 73.2
Q 356.5 76.2, 351.8 76.2
Q 347.0 76.2, 344.4 73.2
Q 341.9 70.3, 341.9 65.0
M 351.8 73.7
Q 355.0 73.7, 356.8 71.6
Q 358.6 69.3, 358.6 65.0
Q 358.6 60.8, 356.8 58.7
Q 355.0 56.5, 351.8 56.5
Q 348.5 56.5, 346.7 58.6
Q 344.9 60.8, 344.9 65.0
Q 344.9 69.4, 346.7 71.6
Q 348.5 73.7, 351.8 73.7
' fill='#FF0000'/>
<path class='atom-11' d='M 409.2 16.2
L 412.1 16.2
L 412.1 25.3
L 423.1 25.3
L 423.1 16.2
L 426.0 16.2
L 426.0 37.7
L 423.1 37.7
L 423.1 27.8
L 412.1 27.8
L 412.1 37.7
L 409.2 37.7
L 409.2 16.2
' fill='#000000'/>
</svg>

