Tokens:
LParen	(	0
Digit	0	1
RParen	)	2
Keyword	N	3
Keyword	C	4
Keyword	C	5
Sep	,	6
Digit	2	7
Haf	-	8
LStr	[	9
LParen	(	10
Digit	1	11
RParen	)	12
Keyword	C	13
Keyword	C	14
Keyword	N	15
Sep	,	16
Digit	2	17
Haf	-	18
Keyword	=O	19
Sep	,	21
LParen	(	22
Digit	0	23
RParen	)	24
RStr	]	25
Sep	,	26
Digit	3	27
Haf	-	28
Keyword	=O	29
Sep	,	31
Digit	3	32
Haf	-	33
Keyword	OH	34
Sep	,	36
LParen	(	37
Digit	0	38
RParen	)	39
Semi	;	40
End		41
AST:
CPO #1:
  Interface L:
    Poses: 0
  Core: N C C
  Subs: entry
    Poses: 2
    Group:
      Interface L:
        Poses: 1
      Core: C C N
      Subs: entry
        Poses: 2
        Sub Core:
          Core: =O
      Interface R:
        Poses: 0
    Next:
      Subs: entry
        Poses: 3
        Sub Core:
          Core: =O
        Next:
          Subs: entry
            Poses: 3
            Sub Core:
              Core: OH
  Interface R:
    Poses: 0
IR:
N(1,2,0,0,0,0,0)
C(2,1,3,4,0,0,0)
C(3,2,8,8,9,0,0)
C(4,5,2,0,0,0,0)
C(5,4,6,7,7,0,0)
N(6,5,0,0,0,0,0)
O(7,5,5,0,0,0,0)
O(8,3,3,0,0,0,0)
O(9,10,3,0,0,0,0)
H(10,9,0,0,0,0,0)
SVG:
<?xml version='1.0' encoding='iso-8859-1'?>
<svg version='1.1' baseProfile='full'
              xmlns='http://www.w3.org/2000/svg'
                      xmlns:rdkit='http://www.rdkit.org/xml'
                      xmlns:xlink='http://www.w3.org/1999/xlink'
                  xml:space='preserve'
width='450px' height='320px' viewBox='0 0 450 320'>
<!-- END OF HEADER -->
<rect style='opacity:1.0;fill:#FFFFFF;stroke:none' width='450.0' height='320.0' x='0.0' y='0.0'> </rect>
<path class='bond-0 atom-0 atom-1' d='M 262.0,43.9 L 262.0,80.0' style='fill:none;fill-rule:evenodd;stroke:#0000FF;stroke-width:2.0px;stroke-linecap:butt;stroke-linejoin:miter;stroke-opacity:1' />
<path class='bond-0 atom-0 atom-1' d='M 262.0,80.0 L 262.0,116.2' style='fill:none;fill-rule:evenodd;stroke:#000000;stroke-width:2.0px;stroke-linecap:butt;stroke-linejoin:miter;stroke-opacity:1' />
<path class='bond-1 atom-1 atom-2' d='M 262.0,116.2 L 337.9,160.1' style='fill:none;fill-rule:evenodd;stroke:#000000;stroke-width:2.0px;stroke-linecap:butt;stroke-linejoin:miter;stroke-opacity:1' />
<path class='bond-2 atom-1 atom-3' d='M 262.0,116.2 L 186.0,160.1' style='fill:none;fill-rule:evenodd;stroke:#000000;stroke-width:2.0px;stroke-linecap:butt;stroke-linejoin:miter;stroke-opacity:1' />
<path class='bond-3 atom-2 atom-7' d='M 337.9,167.7 L 370.4,148.9' style='fill:none;fill-rule:evenodd;stroke:#000000;stroke-width:2.0px;stroke-linecap:butt;stroke-linejoin:miter;stroke-opacity:1' />
<path class='bond-3 atom-2 atom-7' d='M 370.4,148.9 L 402.8,130.2' style='fill:none;fill-rule:evenodd;stroke:#FF0000;stroke-width:2.0px;stroke-linecap:butt;stroke-linejoin:miter;stroke-opacity:1' />
<path class='bond-3 atom-2 atom-7' d='M 331.3,156.3 L 363.8,137.5' style='fill:none;fill-rule:evenodd;stroke:#000000;stroke-width:2.0px;stroke-linecap:butt;stroke-linejoin:miter;stroke-opacity:1' />
<path class='bond-3 atom-2 atom-7' d='M 363.8,137.5 L 396.3,118.8' style='fill:none;fill-rule:evenodd;stroke:#FF0000;stroke-width:2.0px;stroke-linecap:butt;stroke-linejoin:miter;stroke-opacity:1' />
<path class='bond-4 atom-2 atom-8' d='M 337.9,160.1 L 337.9,196.2' style='fill:none;fill-rule:evenodd;stroke:#000000;stroke-width:2.0px;stroke-linecap:butt;stroke-linejoin:miter;stroke-opacity:1' />
<path class='bond-4 atom-2 atom-8' d='M 337.9,196.2 L 337.9,232.3' style='fill:none;fill-rule:evenodd;stroke:#FF0000;stroke-width:2.0px;stroke-linecap:butt;stroke-linejoin:miter;stroke-opacity:1' />
<path class='bond-5 atom-3 atom-4' d='M 186.0,160.1 L 110.1,116.2' style='fill:none;fill-rule:evenodd;stroke:#000000;stroke-width:2.0px;stroke-linecap:butt;stroke-linejoin:miter;stroke-opacity:1' />
<path class='bond-6 atom-4 atom-5' d='M 110.1,116.2 L 78.3,134.6' style='fill:none;fill-rule:evenodd;stroke:#000000;stroke-width:2.0px;stroke-linecap:butt;stroke-linejoin:miter;stroke-opacity:1' />
<path class='bond-6 atom-4 atom-5' d='M 78.3,134.6 L 46.5,153.0' style='fill:none;fill-rule:evenodd;stroke:#0000FF;stroke-width:2.0px;stroke-linecap:butt;stroke-linejoin:miter;stroke-opacity:1' />
<path class='bond-7 atom-4 atom-6' d='M 116.7,120.0 L 116.7,82.2' style='fill:none;fill-rule:evenodd;stroke:#000000;stroke-width:2.0px;stroke-linecap:butt;stroke-linejoin:miter;stroke-opacity:1' />
<path class='bond-7 atom-4 atom-6' d='M 116.7,82.2 L 116.7,44.4' style='fill:none;fill-rule:evenodd;stroke:#FF0000;stroke-width:2.0px;stroke-linecap:butt;stroke-linejoin:miter;stroke-opacity:1' />
<path class='bond-7 atom-4 atom-6' d='M 103.5,120.0 L 103.5,82.2' style='fill:none;fill-rule:evenodd;stroke:#000000;stroke-width:2.0px;stroke-linecap:butt;stroke-linejoin:miter;stroke-opacity:1' />
<path class='bond-7 atom-4 atom-6' d='M 103.5,82.2 L 103.5,44.4' style='fill:none;fill-rule:evenodd;stroke:#FF0000;stroke-width:2.0px;stroke-linecap:butt;stroke-linejoin:miter;stroke-opacity:1' />
<path class='bond-8 atom-8 atom-9' d='M 352.2,256.0 L 376.7,270.2' style='fill:none;fill-rule:evenodd;stroke:#FF0000;stroke-width:2.0px;stroke-linecap:butt;stroke-linejoin:miter;stroke-opacity:1' />
<path class='bond-8 atom-8 atom-9' d='M 376.7,270.2 L 401.2,284.3' style='fill:none;fill-rule:evenodd;stroke:#000000;stroke-width:2.0px;stroke-linecap:butt;stroke-linejoin:miter;stroke-opacity:1' />
<path d='M 334.1,157.9 L 337.9,160.1 L 337.9,161.9' style='fill:none;stroke:#000000;stroke-width:2.0px;stroke-linecap:butt;stroke-linejoin:miter;stroke-opacity:1;' />
<path d='M 189.8,157.9 L 186.0,160.1 L 182.2,157.9' style='fill:none;stroke:#000000;stroke-width:2.0px;stroke-linecap:butt;stroke-linejoin:miter;stroke-opacity:1;' />
<path d='M 113.9,118.4 L 110.1,116.2 L 108.5,117.2' style='fill:none;stroke:#000000;stroke-width:2.0px;stroke-linecap:butt;stroke-linejoin:miter;stroke-opacity:1;' />
<path class='atom-0' d='M 256.5 16.1
L 264.6 29.3
Q 265.4 30.6, 266.7 32.9
Q 268.0 35.3, 268.1 35.4
L 268.1 16.1
L 271.4 16.1
L 271.4 41.0
L 268.0 41.0
L 259.3 26.6
Q 258.2 24.9, 257.2 23.0
Q 256.1 21.1, 255.8 20.5
L 255.8 41.0
L 252.6 41.0
L 252.6 16.1
L 256.5 16.1
' fill='#0000FF'/>
<path class='atom-5' d='M 28.7 147.7
L 36.8 160.8
Q 37.6 162.1, 38.9 164.5
Q 40.2 166.8, 40.3 166.9
L 40.3 147.7
L 43.6 147.7
L 43.6 172.5
L 40.2 172.5
L 31.5 158.1
Q 30.4 156.4, 29.4 154.5
Q 28.3 152.6, 28.0 152.0
L 28.0 172.5
L 24.8 172.5
L 24.8 147.7
L 28.7 147.7
' fill='#0000FF'/>
<path class='atom-6' d='M 98.7 28.6
Q 98.7 22.7, 101.7 19.3
Q 104.6 16.0, 110.1 16.0
Q 115.6 16.0, 118.6 19.3
Q 121.5 22.7, 121.5 28.6
Q 121.5 34.7, 118.5 38.1
Q 115.5 41.5, 110.1 41.5
Q 104.6 41.5, 101.7 38.1
Q 98.7 34.7, 98.7 28.6
M 110.1 38.7
Q 113.9 38.7, 115.9 36.2
Q 118.0 33.6, 118.0 28.6
Q 118.0 23.8, 115.9 21.3
Q 113.9 18.8, 110.1 18.8
Q 106.3 18.8, 104.3 21.3
Q 102.2 23.7, 102.2 28.6
Q 102.2 33.6, 104.3 36.2
Q 106.3 38.7, 110.1 38.7
' fill='#FF0000'/>
<path class='atom-7' d='M 402.4 116.3
Q 402.4 110.3, 405.4 107.0
Q 408.3 103.7, 413.8 103.7
Q 419.3 103.7, 422.3 107.0
Q 425.2 110.3, 425.2 116.3
Q 425.2 122.3, 422.3 125.8
Q 419.3 129.2, 413.8 129.2
Q 408.4 129.2, 405.4 125.8
Q 402.4 122.4, 402.4 116.3
M 413.8 126.4
Q 417.6 126.4, 419.7 123.8
Q 421.7 121.3, 421.7 116.3
Q 421.7 111.4, 419.7 109.0
Q 417.6 106.5, 413.8 106.5
Q 410.0 106.5, 408.0 108.9
Q 405.9 111.4, 405.9 116.3
Q 405.9 121.3, 408.0 123.8
Q 410.0 126.4, 413.8 126.4
' fill='#FF0000'/>
<path class='atom-8' d='M 326.5 247.8
Q 326.5 241.9, 329.5 238.5
Q 332.4 235.2, 337.9 235.2
Q 343.4 235.2, 346.4 238.5
Q 349.3 241.9, 349.3 247.8
Q 349.3 253.8, 346.3 257.3
Q 343.3 260.7, 337.9 260.7
Q 332.4 260.7, 329.5 257.3
Q 326.5 253.9, 326.5 247.8
M 337.9 257.9
Q 341.7 257.9, 343.7 255.4
Q 345.8 252.8, 345.8 247.8
Q 345.8 242.9, 343.7 240.5
Q 341.7 238.0, 337.9 238.0
Q 334.1 238.0, 332.0 240.5
Q 330.0 242.9, 330.0 247.8
Q 330.0 252.8, 332.0 255.4
Q 334.1 257.9, 337.9 257.9
' fill='#FF0000'/>
<path class='atom-9' d='M 404.1 279.2
L 407.5 279.2
L 407.5 289.7
L 420.2 289.7
L 420.2 279.2
L 423.5 279.2
L 423.5 304.0
L 420.2 304.0
L 420.2 292.5
L 407.5 292.5
L 407.5 304.0
L 404.1 304.0
L 404.1 279.2
' fill='#000000'/>
</svg>

