Tokens:
LParen	(	0
Digit	0	1
RParen	)	2
Keyword	NH2	3
Keyword	C	6
Keyword	C	7
Sep	,	8
Digit	4	9
Haf	-	10
LStr	[	11
LParen	(	12
Digit	1	13
RParen	)	14
Keyword	C	15
Keyword	C	16
Keyword	C	17
Keyword	NH2	18
Sep	,	21
Digit	3	22
Haf	-	23
Keyword	=O	24
Sep	,	26
LParen	(	27
Digit	0	28
RParen	)	29
RStr	]	30
Sep	,	31
Digit	5	32
Haf	-	33
Keyword	=O	34
Sep	,	36
Digit	5	37
Haf	-	38
Keyword	OH	39
Sep	,	41
LParen	(	42
Digit	0	43
RParen	)	44
Semi	;	45
End		46
AST:
CPO #1:
  Interface L:
    Poses: 0
  Core: NH2 C C
  Subs: entry attach
    Poses: 4
    Group:
      Interface L:
        Poses: 1
      Core: C C C NH2
      Subs: entry attach
        Poses: 3
        Sub Core:
          Core: =O
      Interface R:
        Poses: 0
    Next:
      Subs: entry attach
        Poses: 5
        Sub Core:
          Core: =O
        Next:
          Subs: entry attach
            Poses: 5
            Sub Core:
              Core: OH
  Interface R:
    Poses: 0
IR:
N(1,2,3,4,0,0,0)
H(2,1,0,0,0,0,0)
H(3,1,0,0,0,0,0)
C(4,1,5,6,0,0,0)
C(5,4,13,13,14,0,0)
C(6,7,4,0,0,0,0)
C(7,6,8,0,0,0,0)
C(8,7,9,12,12,0,0)
N(9,10,11,8,0,0,0)
H(10,9,0,0,0,0,0)
H(11,9,0,0,0,0,0)
O(12,8,8,0,0,0,0)
O(13,5,5,0,0,0,0)
O(14,15,5,0,0,0,0)
H(15,14,0,0,0,0,0)
SVG:
<?xml version='1.0' encoding='iso-8859-1'?>
<svg version='1.1' baseProfile='full'
              xmlns='http://www.w3.org/2000/svg'
                      xmlns:rdkit='http://www.rdkit.org/xml'
                      xmlns:xlink='http://www.w3.org/1999/xlink'
                  xml:space='preserve'
width='450px' height='320px' viewBox='0 0 450 320'>
<!-- END OF HEADER -->
<rect style='opacity:1.0;fill:#FFFFFF;stroke:none' width='450.0' height='320.0' x='0.0' y='0.0'> </rect>
<path class='bond-0 atom-0 atom-1' d='M 133.1,74.5 L 114.4,63.7' style='fill:none;fill-rule:evenodd;stroke:#0000FF;stroke-width:2.0px;stroke-linecap:butt;stroke-linejoin:miter;stroke-opacity:1' />
<path class='bond-0 atom-0 atom-1' d='M 114.4,63.7 L 95.7,52.9' style='fill:none;fill-rule:evenodd;stroke:#000000;stroke-width:2.0px;stroke-linecap:butt;stroke-linejoin:miter;stroke-opacity:1' />
<path class='bond-1 atom-0 atom-2' d='M 151.2,74.5 L 169.9,63.7' style='fill:none;fill-rule:evenodd;stroke:#0000FF;stroke-width:2.0px;stroke-linecap:butt;stroke-linejoin:miter;stroke-opacity:1' />
<path class='bond-1 atom-0 atom-2' d='M 169.9,63.7 L 188.6,52.9' style='fill:none;fill-rule:evenodd;stroke:#000000;stroke-width:2.0px;stroke-linecap:butt;stroke-linejoin:miter;stroke-opacity:1' />
<path class='bond-2 atom-0 atom-3' d='M 142.1,90.9 L 142.1,117.4' style='fill:none;fill-rule:evenodd;stroke:#0000FF;stroke-width:2.0px;stroke-linecap:butt;stroke-linejoin:miter;stroke-opacity:1' />
<path class='bond-2 atom-0 atom-3' d='M 142.1,117.4 L 142.1,143.9' style='fill:none;fill-rule:evenodd;stroke:#000000;stroke-width:2.0px;stroke-linecap:butt;stroke-linejoin:miter;stroke-opacity:1' />
<path class='bond-3 atom-3 atom-4' d='M 142.1,143.9 L 86.5,176.1' style='fill:none;fill-rule:evenodd;stroke:#000000;stroke-width:2.0px;stroke-linecap:butt;stroke-linejoin:miter;stroke-opacity:1' />
<path class='bond-4 atom-3 atom-5' d='M 142.1,143.9 L 197.8,176.1' style='fill:none;fill-rule:evenodd;stroke:#000000;stroke-width:2.0px;stroke-linecap:butt;stroke-linejoin:miter;stroke-opacity:1' />
<path class='bond-5 atom-4 atom-12' d='M 91.3,173.3 L 67.5,159.5' style='fill:none;fill-rule:evenodd;stroke:#000000;stroke-width:2.0px;stroke-linecap:butt;stroke-linejoin:miter;stroke-opacity:1' />
<path class='bond-5 atom-4 atom-12' d='M 67.5,159.5 L 43.7,145.8' style='fill:none;fill-rule:evenodd;stroke:#FF0000;stroke-width:2.0px;stroke-linecap:butt;stroke-linejoin:miter;stroke-opacity:1' />
<path class='bond-5 atom-4 atom-12' d='M 86.5,181.6 L 62.7,167.9' style='fill:none;fill-rule:evenodd;stroke:#000000;stroke-width:2.0px;stroke-linecap:butt;stroke-linejoin:miter;stroke-opacity:1' />
<path class='bond-5 atom-4 atom-12' d='M 62.7,167.9 L 38.9,154.2' style='fill:none;fill-rule:evenodd;stroke:#FF0000;stroke-width:2.0px;stroke-linecap:butt;stroke-linejoin:miter;stroke-opacity:1' />
<path class='bond-6 atom-4 atom-13' d='M 86.5,176.1 L 86.5,202.5' style='fill:none;fill-rule:evenodd;stroke:#000000;stroke-width:2.0px;stroke-linecap:butt;stroke-linejoin:miter;stroke-opacity:1' />
<path class='bond-6 atom-4 atom-13' d='M 86.5,202.5 L 86.5,229.0' style='fill:none;fill-rule:evenodd;stroke:#FF0000;stroke-width:2.0px;stroke-linecap:butt;stroke-linejoin:miter;stroke-opacity:1' />
<path class='bond-7 atom-5 atom-6' d='M 197.8,176.1 L 253.4,143.9' style='fill:none;fill-rule:evenodd;stroke:#000000;stroke-width:2.0px;stroke-linecap:butt;stroke-linejoin:miter;stroke-opacity:1' />
<path class='bond-8 atom-6 atom-7' d='M 253.4,143.9 L 309.1,176.1' style='fill:none;fill-rule:evenodd;stroke:#000000;stroke-width:2.0px;stroke-linecap:butt;stroke-linejoin:miter;stroke-opacity:1' />
<path class='bond-9 atom-7 atom-8' d='M 309.1,176.1 L 332.4,162.6' style='fill:none;fill-rule:evenodd;stroke:#000000;stroke-width:2.0px;stroke-linecap:butt;stroke-linejoin:miter;stroke-opacity:1' />
<path class='bond-9 atom-7 atom-8' d='M 332.4,162.6 L 355.7,149.1' style='fill:none;fill-rule:evenodd;stroke:#0000FF;stroke-width:2.0px;stroke-linecap:butt;stroke-linejoin:miter;stroke-opacity:1' />
<path class='bond-10 atom-7 atom-11' d='M 304.3,173.3 L 304.3,201.1' style='fill:none;fill-rule:evenodd;stroke:#000000;stroke-width:2.0px;stroke-linecap:butt;stroke-linejoin:miter;stroke-opacity:1' />
<path class='bond-10 atom-7 atom-11' d='M 304.3,201.1 L 304.3,229.0' style='fill:none;fill-rule:evenodd;stroke:#FF0000;stroke-width:2.0px;stroke-linecap:butt;stroke-linejoin:miter;stroke-opacity:1' />
<path class='bond-10 atom-7 atom-11' d='M 313.9,173.3 L 313.9,201.1' style='fill:none;fill-rule:evenodd;stroke:#000000;stroke-width:2.0px;stroke-linecap:butt;stroke-linejoin:miter;stroke-opacity:1' />
<path class='bond-10 atom-7 atom-11' d='M 313.9,201.1 L 313.9,229.0' style='fill:none;fill-rule:evenodd;stroke:#FF0000;stroke-width:2.0px;stroke-linecap:butt;stroke-linejoin:miter;stroke-opacity:1' />
<path class='bond-11 atom-8 atom-9' d='M 373.8,149.1 L 392.4,159.9' style='fill:none;fill-rule:evenodd;stroke:#0000FF;stroke-width:2.0px;stroke-linecap:butt;stroke-linejoin:miter;stroke-opacity:1' />
<path class='bond-11 atom-8 atom-9' d='M 392.4,159.9 L 411.1,170.7' style='fill:none;fill-rule:evenodd;stroke:#000000;stroke-width:2.0px;stroke-linecap:butt;stroke-linejoin:miter;stroke-opacity:1' />
<path class='bond-12 atom-8 atom-10' d='M 364.7,132.7 L 364.7,111.8' style='fill:none;fill-rule:evenodd;stroke:#0000FF;stroke-width:2.0px;stroke-linecap:butt;stroke-linejoin:miter;stroke-opacity:1' />
<path class='bond-12 atom-8 atom-10' d='M 364.7,111.8 L 364.7,90.9' style='fill:none;fill-rule:evenodd;stroke:#000000;stroke-width:2.0px;stroke-linecap:butt;stroke-linejoin:miter;stroke-opacity:1' />
<path class='bond-13 atom-13 atom-14' d='M 76.0,246.4 L 58.1,256.7' style='fill:none;fill-rule:evenodd;stroke:#FF0000;stroke-width:2.0px;stroke-linecap:butt;stroke-linejoin:miter;stroke-opacity:1' />
<path class='bond-13 atom-13 atom-14' d='M 58.1,256.7 L 40.1,267.1' style='fill:none;fill-rule:evenodd;stroke:#000000;stroke-width:2.0px;stroke-linecap:butt;stroke-linejoin:miter;stroke-opacity:1' />
<path d='M 89.3,174.5 L 86.5,176.1 L 86.5,177.4' style='fill:none;stroke:#000000;stroke-width:2.0px;stroke-linecap:butt;stroke-linejoin:miter;stroke-opacity:1;' />
<path d='M 195.0,174.5 L 197.8,176.1 L 200.6,174.5' style='fill:none;stroke:#000000;stroke-width:2.0px;stroke-linecap:butt;stroke-linejoin:miter;stroke-opacity:1;' />
<path d='M 250.7,145.5 L 253.4,143.9 L 256.2,145.5' style='fill:none;stroke:#000000;stroke-width:2.0px;stroke-linecap:butt;stroke-linejoin:miter;stroke-opacity:1;' />
<path d='M 306.3,174.5 L 309.1,176.1 L 310.3,175.4' style='fill:none;stroke:#000000;stroke-width:2.0px;stroke-linecap:butt;stroke-linejoin:miter;stroke-opacity:1;' />
<path class='atom-0' d='M 138.1 70.6
L 144.1 80.2
Q 144.7 81.2, 145.6 82.9
Q 146.6 84.6, 146.6 84.7
L 146.6 70.6
L 149.0 70.6
L 149.0 88.8
L 146.6 88.8
L 140.2 78.2
Q 139.4 77.0, 138.6 75.6
Q 137.8 74.2, 137.6 73.7
L 137.6 88.8
L 135.2 88.8
L 135.2 70.6
L 138.1 70.6
' fill='#0000FF'/>
<path class='atom-1' d='M 79.4 38.5
L 81.8 38.5
L 81.8 46.2
L 91.2 46.2
L 91.2 38.5
L 93.6 38.5
L 93.6 56.7
L 91.2 56.7
L 91.2 48.2
L 81.8 48.2
L 81.8 56.7
L 79.4 56.7
L 79.4 38.5
' fill='#000000'/>
<path class='atom-2' d='M 190.7 38.5
L 193.1 38.5
L 193.1 46.2
L 202.4 46.2
L 202.4 38.5
L 204.9 38.5
L 204.9 56.7
L 202.4 56.7
L 202.4 48.2
L 193.1 48.2
L 193.1 56.7
L 190.7 56.7
L 190.7 38.5
' fill='#000000'/>
<path class='atom-8' d='M 360.7 134.8
L 366.7 144.5
Q 367.3 145.4, 368.2 147.1
Q 369.2 148.9, 369.2 149.0
L 369.2 134.8
L 371.6 134.8
L 371.6 153.0
L 369.1 153.0
L 362.7 142.5
Q 362.0 141.3, 361.2 139.8
Q 360.4 138.4, 360.2 138.0
L 360.2 153.0
L 357.8 153.0
L 357.8 134.8
L 360.7 134.8
' fill='#0000FF'/>
<path class='atom-9' d='M 413.3 167.0
L 415.7 167.0
L 415.7 174.7
L 425.0 174.7
L 425.0 167.0
L 427.5 167.0
L 427.5 185.2
L 425.0 185.2
L 425.0 176.8
L 415.7 176.8
L 415.7 185.2
L 413.3 185.2
L 413.3 167.0
' fill='#000000'/>
<path class='atom-10' d='M 357.6 70.6
L 360.1 70.6
L 360.1 78.3
L 369.4 78.3
L 369.4 70.6
L 371.9 70.6
L 371.9 88.8
L 369.4 88.8
L 369.4 80.4
L 360.1 80.4
L 360.1 88.8
L 357.6 88.8
L 357.6 70.6
' fill='#000000'/>
<path class='atom-11' d='M 300.7 240.4
Q 300.7 236.0, 302.9 233.6
Q 305.1 231.1, 309.1 231.1
Q 313.1 231.1, 315.3 233.6
Q 317.4 236.0, 317.4 240.4
Q 317.4 244.8, 315.3 247.3
Q 313.1 249.8, 309.1 249.8
Q 305.1 249.8, 302.9 247.3
Q 300.7 244.8, 300.7 240.4
M 309.1 247.7
Q 311.9 247.7, 313.4 245.9
Q 314.9 244.0, 314.9 240.4
Q 314.9 236.8, 313.4 235.0
Q 311.9 233.2, 309.1 233.2
Q 306.3 233.2, 304.8 235.0
Q 303.3 236.8, 303.3 240.4
Q 303.3 244.0, 304.8 245.9
Q 306.3 247.7, 309.1 247.7
' fill='#FF0000'/>
<path class='atom-12' d='M 22.5 144.0
Q 22.5 139.6, 24.7 137.2
Q 26.8 134.7, 30.9 134.7
Q 34.9 134.7, 37.0 137.2
Q 39.2 139.6, 39.2 144.0
Q 39.2 148.4, 37.0 150.9
Q 34.8 153.4, 30.9 153.4
Q 26.8 153.4, 24.7 150.9
Q 22.5 148.4, 22.5 144.0
M 30.9 151.4
Q 33.6 151.4, 35.1 149.5
Q 36.6 147.6, 36.6 144.0
Q 36.6 140.4, 35.1 138.6
Q 33.6 136.8, 30.9 136.8
Q 28.1 136.8, 26.6 138.6
Q 25.1 140.4, 25.1 144.0
Q 25.1 147.7, 26.6 149.5
Q 28.1 151.4, 30.9 151.4
' fill='#FF0000'/>
<path class='atom-13' d='M 78.1 240.4
Q 78.1 236.0, 80.3 233.6
Q 82.5 231.1, 86.5 231.1
Q 90.5 231.1, 92.7 233.6
Q 94.9 236.0, 94.9 240.4
Q 94.9 244.8, 92.7 247.3
Q 90.5 249.8, 86.5 249.8
Q 82.5 249.8, 80.3 247.3
Q 78.1 244.8, 78.1 240.4
M 86.5 247.7
Q 89.3 247.7, 90.8 245.9
Q 92.3 244.0, 92.3 240.4
Q 92.3 236.8, 90.8 235.0
Q 89.3 233.2, 86.5 233.2
Q 83.7 233.2, 82.2 235.0
Q 80.7 236.8, 80.7 240.4
Q 80.7 244.0, 82.2 245.9
Q 83.7 247.7, 86.5 247.7
' fill='#FF0000'/>
<path class='atom-14' d='M 23.7 263.3
L 26.2 263.3
L 26.2 271.1
L 35.5 271.1
L 35.5 263.3
L 38.0 263.3
L 38.0 281.5
L 35.5 281.5
L 35.5 273.1
L 26.2 273.1
L 26.2 281.5
L 23.7 281.5
L 23.7 263.3
' fill='#000000'/>
</svg>

