Tokens:
LParen	(	0
Digit	0	1
RParen	)	2
Keyword	N	3
Keyword	C	4
Keyword	C	5
Sep	,	6
Digit	2	7
Haf	-	8
LStr	[	9
LParen	(	10
Digit	1	11
RParen	)	12
Keyword	C	13
Keyword	C	14
Keyword	C	15
Keyword	N	16
Keyword	C	17
Keyword	N	18
Sep	,	19
Digit	5	20
Haf	-	21
Keyword	=	22
Keyword	N	23
Sep	,	24
LParen	(	25
Digit	0	26
RParen	)	27
RStr	]	28
Sep	,	29
Digit	3	30
Haf	-	31
Keyword	=O	32
Sep	,	34
Digit	3	35
Haf	-	36
Keyword	OH	37
Sep	,	39
LParen	(	40
Digit	0	41
RParen	)	42
Semi	;	43
End		44
AST:
CPO #1:
  Interface L:
    Poses: 0
  Core: N C C
  Subs: entry
    Poses: 2
    Group:
      Interface L:
        Poses: 1
      Core: C C C N C N
      Subs: entry
        Poses: 5
        Sub Core:
          Core: = N
      Interface R:
        Poses: 0
    Next:
      Subs: entry
        Poses: 3
        Sub Core:
          Core: =O
        Next:
          Subs: entry
            Poses: 3
            Sub Core:
              Core: OH
  Interface R:
    Poses: 0
IR:
N(1,2,0,0,0,0,0)
C(2,1,3,4,0,0,0)
C(3,2,11,11,12,0,0)
C(4,5,2,0,0,0,0)
C(5,4,6,0,0,0,0)
C(6,5,7,0,0,0,0)
N(7,6,8,0,0,0,0)
C(8,7,9,10,10,0,0)
N(9,8,0,0,0,0,0)
N(10,8,8,0,0,0,0)
O(11,3,3,0,0,0,0)
O(12,13,3,0,0,0,0)
H(13,12,0,0,0,0,0)
SVG:
<?xml version='1.0' encoding='iso-8859-1'?>
<svg version='1.1' baseProfile='full'
              xmlns='http://www.w3.org/2000/svg'
                      xmlns:rdkit='http://www.rdkit.org/xml'
                      xmlns:xlink='http://www.w3.org/1999/xlink'
                  xml:space='preserve'
width='450px' height='320px' viewBox='0 0 450 320'>
<!-- END OF HEADER -->
<rect style='opacity:1.0;fill:#FFFFFF;stroke:none' width='450.0' height='320.0' x='0.0' y='0.0'> </rect>
<path class='bond-0 atom-0 atom-1' d='M 127.7,85.1 L 127.7,108.4' style='fill:none;fill-rule:evenodd;stroke:#0000FF;stroke-width:2.0px;stroke-linecap:butt;stroke-linejoin:miter;stroke-opacity:1' />
<path class='bond-0 atom-0 atom-1' d='M 127.7,108.4 L 127.7,131.7' style='fill:none;fill-rule:evenodd;stroke:#000000;stroke-width:2.0px;stroke-linecap:butt;stroke-linejoin:miter;stroke-opacity:1' />
<path class='bond-1 atom-1 atom-2' d='M 127.7,131.7 L 78.8,160.0' style='fill:none;fill-rule:evenodd;stroke:#000000;stroke-width:2.0px;stroke-linecap:butt;stroke-linejoin:miter;stroke-opacity:1' />
<path class='bond-2 atom-1 atom-3' d='M 127.7,131.7 L 176.7,160.0' style='fill:none;fill-rule:evenodd;stroke:#000000;stroke-width:2.0px;stroke-linecap:butt;stroke-linejoin:miter;stroke-opacity:1' />
<path class='bond-3 atom-2 atom-10' d='M 83.0,157.6 L 62.1,145.5' style='fill:none;fill-rule:evenodd;stroke:#000000;stroke-width:2.0px;stroke-linecap:butt;stroke-linejoin:miter;stroke-opacity:1' />
<path class='bond-3 atom-2 atom-10' d='M 62.1,145.5 L 41.2,133.4' style='fill:none;fill-rule:evenodd;stroke:#FF0000;stroke-width:2.0px;stroke-linecap:butt;stroke-linejoin:miter;stroke-opacity:1' />
<path class='bond-3 atom-2 atom-10' d='M 78.8,164.9 L 57.9,152.8' style='fill:none;fill-rule:evenodd;stroke:#000000;stroke-width:2.0px;stroke-linecap:butt;stroke-linejoin:miter;stroke-opacity:1' />
<path class='bond-3 atom-2 atom-10' d='M 57.9,152.8 L 36.9,140.7' style='fill:none;fill-rule:evenodd;stroke:#FF0000;stroke-width:2.0px;stroke-linecap:butt;stroke-linejoin:miter;stroke-opacity:1' />
<path class='bond-4 atom-2 atom-11' d='M 78.8,160.0 L 78.8,183.3' style='fill:none;fill-rule:evenodd;stroke:#000000;stroke-width:2.0px;stroke-linecap:butt;stroke-linejoin:miter;stroke-opacity:1' />
<path class='bond-4 atom-2 atom-11' d='M 78.8,183.3 L 78.8,206.6' style='fill:none;fill-rule:evenodd;stroke:#FF0000;stroke-width:2.0px;stroke-linecap:butt;stroke-linejoin:miter;stroke-opacity:1' />
<path class='bond-5 atom-3 atom-4' d='M 176.7,160.0 L 225.6,131.7' style='fill:none;fill-rule:evenodd;stroke:#000000;stroke-width:2.0px;stroke-linecap:butt;stroke-linejoin:miter;stroke-opacity:1' />
<path class='bond-6 atom-4 atom-5' d='M 225.6,131.7 L 274.6,160.0' style='fill:none;fill-rule:evenodd;stroke:#000000;stroke-width:2.0px;stroke-linecap:butt;stroke-linejoin:miter;stroke-opacity:1' />
<path class='bond-7 atom-5 atom-6' d='M 274.6,160.0 L 295.1,148.2' style='fill:none;fill-rule:evenodd;stroke:#000000;stroke-width:2.0px;stroke-linecap:butt;stroke-linejoin:miter;stroke-opacity:1' />
<path class='bond-7 atom-5 atom-6' d='M 295.1,148.2 L 315.6,136.3' style='fill:none;fill-rule:evenodd;stroke:#0000FF;stroke-width:2.0px;stroke-linecap:butt;stroke-linejoin:miter;stroke-opacity:1' />
<path class='bond-8 atom-6 atom-7' d='M 331.5,136.3 L 352.0,148.2' style='fill:none;fill-rule:evenodd;stroke:#0000FF;stroke-width:2.0px;stroke-linecap:butt;stroke-linejoin:miter;stroke-opacity:1' />
<path class='bond-8 atom-6 atom-7' d='M 352.0,148.2 L 372.5,160.0' style='fill:none;fill-rule:evenodd;stroke:#000000;stroke-width:2.0px;stroke-linecap:butt;stroke-linejoin:miter;stroke-opacity:1' />
<path class='bond-9 atom-7 atom-8' d='M 372.5,160.0 L 393.0,148.2' style='fill:none;fill-rule:evenodd;stroke:#000000;stroke-width:2.0px;stroke-linecap:butt;stroke-linejoin:miter;stroke-opacity:1' />
<path class='bond-9 atom-7 atom-8' d='M 393.0,148.2 L 413.5,136.3' style='fill:none;fill-rule:evenodd;stroke:#0000FF;stroke-width:2.0px;stroke-linecap:butt;stroke-linejoin:miter;stroke-opacity:1' />
<path class='bond-10 atom-7 atom-9' d='M 368.2,157.6 L 368.2,182.1' style='fill:none;fill-rule:evenodd;stroke:#000000;stroke-width:2.0px;stroke-linecap:butt;stroke-linejoin:miter;stroke-opacity:1' />
<path class='bond-10 atom-7 atom-9' d='M 368.2,182.1 L 368.2,206.7' style='fill:none;fill-rule:evenodd;stroke:#0000FF;stroke-width:2.0px;stroke-linecap:butt;stroke-linejoin:miter;stroke-opacity:1' />
<path class='bond-10 atom-7 atom-9' d='M 376.7,157.6 L 376.7,182.1' style='fill:none;fill-rule:evenodd;stroke:#000000;stroke-width:2.0px;stroke-linecap:butt;stroke-linejoin:miter;stroke-opacity:1' />
<path class='bond-10 atom-7 atom-9' d='M 376.7,182.1 L 376.7,206.7' style='fill:none;fill-rule:evenodd;stroke:#0000FF;stroke-width:2.0px;stroke-linecap:butt;stroke-linejoin:miter;stroke-opacity:1' />
<path class='bond-11 atom-11 atom-12' d='M 69.6,221.8 L 53.8,231.0' style='fill:none;fill-rule:evenodd;stroke:#FF0000;stroke-width:2.0px;stroke-linecap:butt;stroke-linejoin:miter;stroke-opacity:1' />
<path class='bond-11 atom-11 atom-12' d='M 53.8,231.0 L 38.0,240.1' style='fill:none;fill-rule:evenodd;stroke:#000000;stroke-width:2.0px;stroke-linecap:butt;stroke-linejoin:miter;stroke-opacity:1' />
<path d='M 81.2,158.6 L 78.8,160.0 L 78.8,161.2' style='fill:none;stroke:#000000;stroke-width:2.0px;stroke-linecap:butt;stroke-linejoin:miter;stroke-opacity:1;' />
<path d='M 174.2,158.6 L 176.7,160.0 L 179.1,158.6' style='fill:none;stroke:#000000;stroke-width:2.0px;stroke-linecap:butt;stroke-linejoin:miter;stroke-opacity:1;' />
<path d='M 223.2,133.2 L 225.6,131.7 L 228.1,133.2' style='fill:none;stroke:#000000;stroke-width:2.0px;stroke-linecap:butt;stroke-linejoin:miter;stroke-opacity:1;' />
<path d='M 272.1,158.6 L 274.6,160.0 L 275.6,159.4' style='fill:none;stroke:#000000;stroke-width:2.0px;stroke-linecap:butt;stroke-linejoin:miter;stroke-opacity:1;' />
<path d='M 371.5,159.4 L 372.5,160.0 L 373.5,159.4' style='fill:none;stroke:#000000;stroke-width:2.0px;stroke-linecap:butt;stroke-linejoin:miter;stroke-opacity:1;' />
<path class='atom-0' d='M 124.2 67.2
L 129.5 75.7
Q 130.0 76.5, 130.8 78.0
Q 131.6 79.6, 131.7 79.7
L 131.7 67.2
L 133.8 67.2
L 133.8 83.2
L 131.6 83.2
L 126.0 74.0
Q 125.3 72.9, 124.6 71.6
Q 124.0 70.4, 123.8 70.0
L 123.8 83.2
L 121.7 83.2
L 121.7 67.2
L 124.2 67.2
' fill='#0000FF'/>
<path class='atom-6' d='M 320.0 123.7
L 325.2 132.2
Q 325.8 133.1, 326.6 134.6
Q 327.4 136.1, 327.5 136.2
L 327.5 123.7
L 329.6 123.7
L 329.6 139.7
L 327.4 139.7
L 321.8 130.5
Q 321.1 129.4, 320.4 128.1
Q 319.7 126.9, 319.5 126.5
L 319.5 139.7
L 317.5 139.7
L 317.5 123.7
L 320.0 123.7
' fill='#0000FF'/>
<path class='atom-8' d='M 417.9 123.7
L 423.1 132.2
Q 423.7 133.1, 424.5 134.6
Q 425.3 136.1, 425.4 136.2
L 425.4 123.7
L 427.5 123.7
L 427.5 139.7
L 425.3 139.7
L 419.7 130.5
Q 419.0 129.4, 418.3 128.1
Q 417.6 126.9, 417.4 126.5
L 417.4 139.7
L 415.4 139.7
L 415.4 123.7
L 417.9 123.7
' fill='#0000FF'/>
<path class='atom-9' d='M 368.9 208.5
L 374.2 217.0
Q 374.7 217.8, 375.5 219.3
Q 376.4 220.9, 376.4 221.0
L 376.4 208.5
L 378.6 208.5
L 378.6 224.5
L 376.4 224.5
L 370.7 215.3
Q 370.1 214.2, 369.4 212.9
Q 368.7 211.7, 368.5 211.3
L 368.5 224.5
L 366.4 224.5
L 366.4 208.5
L 368.9 208.5
' fill='#0000FF'/>
<path class='atom-10' d='M 22.5 131.8
Q 22.5 127.9, 24.4 125.8
Q 26.3 123.6, 29.8 123.6
Q 33.4 123.6, 35.3 125.8
Q 37.2 127.9, 37.2 131.8
Q 37.2 135.7, 35.3 137.9
Q 33.4 140.1, 29.8 140.1
Q 26.3 140.1, 24.4 137.9
Q 22.5 135.7, 22.5 131.8
M 29.8 138.3
Q 32.3 138.3, 33.6 136.6
Q 34.9 135.0, 34.9 131.8
Q 34.9 128.6, 33.6 127.1
Q 32.3 125.5, 29.8 125.5
Q 27.4 125.5, 26.1 127.0
Q 24.8 128.6, 24.8 131.8
Q 24.8 135.0, 26.1 136.6
Q 27.4 138.3, 29.8 138.3
' fill='#FF0000'/>
<path class='atom-11' d='M 71.4 216.6
Q 71.4 212.7, 73.3 210.6
Q 75.2 208.4, 78.8 208.4
Q 82.3 208.4, 84.2 210.6
Q 86.1 212.7, 86.1 216.6
Q 86.1 220.5, 84.2 222.7
Q 82.3 224.9, 78.8 224.9
Q 75.3 224.9, 73.3 222.7
Q 71.4 220.5, 71.4 216.6
M 78.8 223.1
Q 81.2 223.1, 82.5 221.4
Q 83.9 219.8, 83.9 216.6
Q 83.9 213.4, 82.5 211.8
Q 81.2 210.2, 78.8 210.2
Q 76.4 210.2, 75.0 211.8
Q 73.7 213.4, 73.7 216.6
Q 73.7 219.8, 75.0 221.4
Q 76.4 223.1, 78.8 223.1
' fill='#FF0000'/>
<path class='atom-12' d='M 23.6 236.8
L 25.8 236.8
L 25.8 243.6
L 33.9 243.6
L 33.9 236.8
L 36.1 236.8
L 36.1 252.8
L 33.9 252.8
L 33.9 245.4
L 25.8 245.4
L 25.8 252.8
L 23.6 252.8
L 23.6 236.8
' fill='#000000'/>
</svg>

