Tokens:
LParen	(	0
Digit	0	1
RParen	)	2
Keyword	N	3
Keyword	C	4
Keyword	C	5
Sep	,	6
Digit	2	7
Haf	-	8
LStr	[	9
LParen	(	10
Digit	1	11
RParen	)	12
Keyword	C	13
Keyword	OH	14
Sep	,	16
LParen	(	17
Digit	0	18
RParen	)	19
RStr	]	20
Sep	,	21
Digit	3	22
Haf	-	23
Keyword	=O	24
Sep	,	26
Digit	3	27
Haf	-	28
Keyword	OH	29
Sep	,	31
LParen	(	32
Digit	0	33
RParen	)	34
Semi	;	35
End		36
AST:
CPO #1:
  Interface L:
    Poses: 0
  Core: N C C
  Subs: entry
    Poses: 2
    Group:
      Interface L:
        Poses: 1
      Core: C OH
      Subs: empty
      Interface R:
        Poses: 0
    Next:
      Subs: entry
        Poses: 3
        Sub Core:
          Core: =O
        Next:
          Subs: entry
            Poses: 3
            Sub Core:
              Core: OH
  Interface R:
    Poses: 0
IR:
N(1,2,0,0,0,0,0)
C(2,1,3,4,0,0,0)
C(3,2,7,7,8,0,0)
C(4,5,2,0,0,0,0)
O(5,6,4,0,0,0,0)
H(6,5,0,0,0,0,0)
O(7,3,3,0,0,0,0)
O(8,9,3,0,0,0,0)
H(9,8,0,0,0,0,0)
SVG:
<?xml version='1.0' encoding='iso-8859-1'?>
<svg version='1.1' baseProfile='full'
              xmlns='http://www.w3.org/2000/svg'
                      xmlns:rdkit='http://www.rdkit.org/xml'
                      xmlns:xlink='http://www.w3.org/1999/xlink'
                  xml:space='preserve'
width='450px' height='320px' viewBox='0 0 450 320'>
<!-- END OF HEADER -->
<rect style='opacity:1.0;fill:#FFFFFF;stroke:none' width='450.0' height='320.0' x='0.0' y='0.0'> </rect>
<path class='bond-0 atom-0 atom-1' d='M 262.1,43.7 L 262.1,79.9' style='fill:none;fill-rule:evenodd;stroke:#0000FF;stroke-width:2.0px;stroke-linecap:butt;stroke-linejoin:miter;stroke-opacity:1' />
<path class='bond-0 atom-0 atom-1' d='M 262.1,79.9 L 262.1,116.1' style='fill:none;fill-rule:evenodd;stroke:#000000;stroke-width:2.0px;stroke-linecap:butt;stroke-linejoin:miter;stroke-opacity:1' />
<path class='bond-1 atom-1 atom-2' d='M 262.1,116.1 L 338.1,160.0' style='fill:none;fill-rule:evenodd;stroke:#000000;stroke-width:2.0px;stroke-linecap:butt;stroke-linejoin:miter;stroke-opacity:1' />
<path class='bond-2 atom-1 atom-3' d='M 262.1,116.1 L 186.2,160.0' style='fill:none;fill-rule:evenodd;stroke:#000000;stroke-width:2.0px;stroke-linecap:butt;stroke-linejoin:miter;stroke-opacity:1' />
<path class='bond-3 atom-2 atom-6' d='M 338.1,167.6 L 370.6,148.8' style='fill:none;fill-rule:evenodd;stroke:#000000;stroke-width:2.0px;stroke-linecap:butt;stroke-linejoin:miter;stroke-opacity:1' />
<path class='bond-3 atom-2 atom-6' d='M 370.6,148.8 L 403.1,130.1' style='fill:none;fill-rule:evenodd;stroke:#FF0000;stroke-width:2.0px;stroke-linecap:butt;stroke-linejoin:miter;stroke-opacity:1' />
<path class='bond-3 atom-2 atom-6' d='M 331.5,156.2 L 364.0,137.4' style='fill:none;fill-rule:evenodd;stroke:#000000;stroke-width:2.0px;stroke-linecap:butt;stroke-linejoin:miter;stroke-opacity:1' />
<path class='bond-3 atom-2 atom-6' d='M 364.0,137.4 L 396.5,118.7' style='fill:none;fill-rule:evenodd;stroke:#FF0000;stroke-width:2.0px;stroke-linecap:butt;stroke-linejoin:miter;stroke-opacity:1' />
<path class='bond-4 atom-2 atom-7' d='M 338.1,160.0 L 338.1,196.1' style='fill:none;fill-rule:evenodd;stroke:#000000;stroke-width:2.0px;stroke-linecap:butt;stroke-linejoin:miter;stroke-opacity:1' />
<path class='bond-4 atom-2 atom-7' d='M 338.1,196.1 L 338.1,232.3' style='fill:none;fill-rule:evenodd;stroke:#FF0000;stroke-width:2.0px;stroke-linecap:butt;stroke-linejoin:miter;stroke-opacity:1' />
<path class='bond-5 atom-3 atom-4' d='M 186.2,160.0 L 155.3,142.2' style='fill:none;fill-rule:evenodd;stroke:#000000;stroke-width:2.0px;stroke-linecap:butt;stroke-linejoin:miter;stroke-opacity:1' />
<path class='bond-5 atom-3 atom-4' d='M 155.3,142.2 L 124.5,124.4' style='fill:none;fill-rule:evenodd;stroke:#FF0000;stroke-width:2.0px;stroke-linecap:butt;stroke-linejoin:miter;stroke-opacity:1' />
<path class='bond-6 atom-4 atom-5' d='M 95.9,124.4 L 71.4,138.6' style='fill:none;fill-rule:evenodd;stroke:#FF0000;stroke-width:2.0px;stroke-linecap:butt;stroke-linejoin:miter;stroke-opacity:1' />
<path class='bond-6 atom-4 atom-5' d='M 71.4,138.6 L 46.9,152.7' style='fill:none;fill-rule:evenodd;stroke:#000000;stroke-width:2.0px;stroke-linecap:butt;stroke-linejoin:miter;stroke-opacity:1' />
<path class='bond-7 atom-7 atom-8' d='M 352.4,256.0 L 376.9,270.1' style='fill:none;fill-rule:evenodd;stroke:#FF0000;stroke-width:2.0px;stroke-linecap:butt;stroke-linejoin:miter;stroke-opacity:1' />
<path class='bond-7 atom-7 atom-8' d='M 376.9,270.1 L 401.5,284.3' style='fill:none;fill-rule:evenodd;stroke:#000000;stroke-width:2.0px;stroke-linecap:butt;stroke-linejoin:miter;stroke-opacity:1' />
<path d='M 334.3,157.8 L 338.1,160.0 L 338.1,161.8' style='fill:none;stroke:#000000;stroke-width:2.0px;stroke-linecap:butt;stroke-linejoin:miter;stroke-opacity:1;' />
<path d='M 190.0,157.8 L 186.2,160.0 L 184.6,159.1' style='fill:none;stroke:#000000;stroke-width:2.0px;stroke-linecap:butt;stroke-linejoin:miter;stroke-opacity:1;' />
<path class='atom-0' d='M 256.7 16.0
L 264.8 29.2
Q 265.6 30.5, 266.9 32.8
Q 268.2 35.2, 268.3 35.3
L 268.3 16.0
L 271.6 16.0
L 271.6 40.8
L 268.2 40.8
L 259.4 26.5
Q 258.4 24.8, 257.3 22.8
Q 256.3 20.9, 255.9 20.3
L 255.9 40.8
L 252.7 40.8
L 252.7 16.0
L 256.7 16.0
' fill='#0000FF'/>
<path class='atom-4' d='M 98.8 116.2
Q 98.8 110.2, 101.8 106.9
Q 104.7 103.6, 110.2 103.6
Q 115.7 103.6, 118.7 106.9
Q 121.6 110.2, 121.6 116.2
Q 121.6 122.2, 118.6 125.7
Q 115.6 129.1, 110.2 129.1
Q 104.7 129.1, 101.8 125.7
Q 98.8 122.3, 98.8 116.2
M 110.2 126.3
Q 114.0 126.3, 116.0 123.8
Q 118.1 121.2, 118.1 116.2
Q 118.1 111.3, 116.0 108.9
Q 114.0 106.4, 110.2 106.4
Q 106.4 106.4, 104.3 108.8
Q 102.3 111.3, 102.3 116.2
Q 102.3 121.2, 104.3 123.8
Q 106.4 126.3, 110.2 126.3
' fill='#FF0000'/>
<path class='atom-5' d='M 24.5 147.6
L 27.9 147.6
L 27.9 158.1
L 40.6 158.1
L 40.6 147.6
L 44.0 147.6
L 44.0 172.4
L 40.6 172.4
L 40.6 160.9
L 27.9 160.9
L 27.9 172.4
L 24.5 172.4
L 24.5 147.6
' fill='#000000'/>
<path class='atom-6' d='M 402.7 116.2
Q 402.7 110.2, 405.6 106.9
Q 408.6 103.6, 414.1 103.6
Q 419.6 103.6, 422.5 106.9
Q 425.5 110.2, 425.5 116.2
Q 425.5 122.2, 422.5 125.7
Q 419.5 129.1, 414.1 129.1
Q 408.6 129.1, 405.6 125.7
Q 402.7 122.3, 402.7 116.2
M 414.1 126.3
Q 417.9 126.3, 419.9 123.8
Q 422.0 121.2, 422.0 116.2
Q 422.0 111.3, 419.9 108.9
Q 417.9 106.4, 414.1 106.4
Q 410.3 106.4, 408.2 108.8
Q 406.2 111.3, 406.2 116.2
Q 406.2 121.2, 408.2 123.8
Q 410.3 126.3, 414.1 126.3
' fill='#FF0000'/>
<path class='atom-7' d='M 326.7 247.8
Q 326.7 241.8, 329.7 238.5
Q 332.6 235.2, 338.1 235.2
Q 343.6 235.2, 346.6 238.5
Q 349.5 241.8, 349.5 247.8
Q 349.5 253.8, 346.5 257.3
Q 343.5 260.7, 338.1 260.7
Q 332.6 260.7, 329.7 257.3
Q 326.7 253.9, 326.7 247.8
M 338.1 257.9
Q 341.9 257.9, 343.9 255.3
Q 346.0 252.8, 346.0 247.8
Q 346.0 242.9, 343.9 240.5
Q 341.9 238.0, 338.1 238.0
Q 334.3 238.0, 332.2 240.4
Q 330.2 242.9, 330.2 247.8
Q 330.2 252.8, 332.2 255.3
Q 334.3 257.9, 338.1 257.9
' fill='#FF0000'/>
<path class='atom-8' d='M 404.4 279.2
L 407.7 279.2
L 407.7 289.7
L 420.4 289.7
L 420.4 279.2
L 423.8 279.2
L 423.8 304.0
L 420.4 304.0
L 420.4 292.5
L 407.7 292.5
L 407.7 304.0
L 404.4 304.0
L 404.4 279.2
' fill='#000000'/>
</svg>

