Tokens:
LParen	(	0
Digit	0	1
RParen	)	2
Keyword	NH2	3
Keyword	C	6
Keyword	C	7
Sep	,	8
Digit	4	9
Haf	-	10
LStr	[	11
LParen	(	12
Digit	1	13
RParen	)	14
Keyword	C	15
Sep	,	16
Digit	1	17
Haf	-	18
Keyword	OH	19
Sep	,	21
Digit	1	22
Haf	-	23
Keyword	Me	24
Sep	,	26
LParen	(	27
Digit	0	28
RParen	)	29
RStr	]	30
Sep	,	31
Digit	5	32
Haf	-	33
Keyword	=O	34
Sep	,	36
Digit	5	37
Haf	-	38
Keyword	OH	39
Sep	,	41
LParen	(	42
Digit	0	43
RParen	)	44
Semi	;	45
End		46
AST:
CPO #1:
  Interface L:
    Poses: 0
  Core: NH2 C C
  Subs: entry
    Poses: 4
    Group:
      Interface L:
        Poses: 1
      Core: C
      Subs: entry
        Poses: 1
        Sub Core:
          Core: OH
        Next:
          Subs: entry
            Poses: 1
            Sub Core:
              Core: Me
      Interface R:
        Poses: 0
    Next:
      Subs: entry
        Poses: 5
        Sub Core:
          Core: =O
        Next:
          Subs: entry
            Poses: 5
            Sub Core:
              Core: OH
  Interface R:
    Poses: 0
IR:
N(1,2,3,4,0,0,0)
H(2,1,0,0,0,0,0)
H(3,1,0,0,0,0,0)
C(4,1,5,6,0,0,0)
C(5,4,10,10,11,0,0)
C(6,7,9,4,0,0,0)
O(7,8,6,0,0,0,0)
H(8,7,0,0,0,0,0)
C(9,6,0,0,0,0,0)
O(10,5,5,0,0,0,0)
O(11,12,5,0,0,0,0)
H(12,11,0,0,0,0,0)
SVG:
<?xml version='1.0' encoding='iso-8859-1'?>
<svg version='1.1' baseProfile='full'
              xmlns='http://www.w3.org/2000/svg'
                      xmlns:rdkit='http://www.rdkit.org/xml'
                      xmlns:xlink='http://www.w3.org/1999/xlink'
                  xml:space='preserve'
width='450px' height='320px' viewBox='0 0 450 320'>
<!-- END OF HEADER -->
<rect style='opacity:1.0;fill:#FFFFFF;stroke:none' width='450.0' height='320.0' x='0.0' y='0.0'> </rect>
<path class='bond-0 atom-0 atom-1' d='M 230.7,261.3 L 252.9,274.1' style='fill:none;fill-rule:evenodd;stroke:#0000FF;stroke-width:2.0px;stroke-linecap:butt;stroke-linejoin:miter;stroke-opacity:1' />
<path class='bond-0 atom-0 atom-1' d='M 252.9,274.1 L 275.0,286.9' style='fill:none;fill-rule:evenodd;stroke:#000000;stroke-width:2.0px;stroke-linecap:butt;stroke-linejoin:miter;stroke-opacity:1' />
<path class='bond-1 atom-0 atom-2' d='M 209.4,261.3 L 187.2,274.1' style='fill:none;fill-rule:evenodd;stroke:#0000FF;stroke-width:2.0px;stroke-linecap:butt;stroke-linejoin:miter;stroke-opacity:1' />
<path class='bond-1 atom-0 atom-2' d='M 187.2,274.1 L 165.1,286.9' style='fill:none;fill-rule:evenodd;stroke:#000000;stroke-width:2.0px;stroke-linecap:butt;stroke-linejoin:miter;stroke-opacity:1' />
<path class='bond-2 atom-0 atom-3' d='M 220.1,241.9 L 220.1,210.4' style='fill:none;fill-rule:evenodd;stroke:#0000FF;stroke-width:2.0px;stroke-linecap:butt;stroke-linejoin:miter;stroke-opacity:1' />
<path class='bond-2 atom-0 atom-3' d='M 220.1,210.4 L 220.1,179.0' style='fill:none;fill-rule:evenodd;stroke:#000000;stroke-width:2.0px;stroke-linecap:butt;stroke-linejoin:miter;stroke-opacity:1' />
<path class='bond-3 atom-3 atom-4' d='M 220.1,179.0 L 286.0,141.0' style='fill:none;fill-rule:evenodd;stroke:#000000;stroke-width:2.0px;stroke-linecap:butt;stroke-linejoin:miter;stroke-opacity:1' />
<path class='bond-4 atom-3 atom-5' d='M 220.1,179.0 L 154.1,141.0' style='fill:none;fill-rule:evenodd;stroke:#000000;stroke-width:2.0px;stroke-linecap:butt;stroke-linejoin:miter;stroke-opacity:1' />
<path class='bond-5 atom-4 atom-9' d='M 280.3,144.3 L 308.5,160.5' style='fill:none;fill-rule:evenodd;stroke:#000000;stroke-width:2.0px;stroke-linecap:butt;stroke-linejoin:miter;stroke-opacity:1' />
<path class='bond-5 atom-4 atom-9' d='M 308.5,160.5 L 336.6,176.8' style='fill:none;fill-rule:evenodd;stroke:#FF0000;stroke-width:2.0px;stroke-linecap:butt;stroke-linejoin:miter;stroke-opacity:1' />
<path class='bond-5 atom-4 atom-9' d='M 286.0,134.4 L 314.2,150.6' style='fill:none;fill-rule:evenodd;stroke:#000000;stroke-width:2.0px;stroke-linecap:butt;stroke-linejoin:miter;stroke-opacity:1' />
<path class='bond-5 atom-4 atom-9' d='M 314.2,150.6 L 342.4,166.9' style='fill:none;fill-rule:evenodd;stroke:#FF0000;stroke-width:2.0px;stroke-linecap:butt;stroke-linejoin:miter;stroke-opacity:1' />
<path class='bond-6 atom-4 atom-10' d='M 286.0,141.0 L 286.0,109.8' style='fill:none;fill-rule:evenodd;stroke:#000000;stroke-width:2.0px;stroke-linecap:butt;stroke-linejoin:miter;stroke-opacity:1' />
<path class='bond-6 atom-4 atom-10' d='M 286.0,109.8 L 286.0,78.6' style='fill:none;fill-rule:evenodd;stroke:#FF0000;stroke-width:2.0px;stroke-linecap:butt;stroke-linejoin:miter;stroke-opacity:1' />
<path class='bond-7 atom-5 atom-6' d='M 154.1,141.0 L 154.1,109.8' style='fill:none;fill-rule:evenodd;stroke:#000000;stroke-width:2.0px;stroke-linecap:butt;stroke-linejoin:miter;stroke-opacity:1' />
<path class='bond-7 atom-5 atom-6' d='M 154.1,109.8 L 154.1,78.6' style='fill:none;fill-rule:evenodd;stroke:#FF0000;stroke-width:2.0px;stroke-linecap:butt;stroke-linejoin:miter;stroke-opacity:1' />
<path class='bond-8 atom-5 atom-8' d='M 154.1,141.0 L 88.2,179.0' style='fill:none;fill-rule:evenodd;stroke:#000000;stroke-width:2.0px;stroke-linecap:butt;stroke-linejoin:miter;stroke-opacity:1' />
<path class='bond-9 atom-6 atom-7' d='M 166.5,57.7 L 187.8,45.4' style='fill:none;fill-rule:evenodd;stroke:#FF0000;stroke-width:2.0px;stroke-linecap:butt;stroke-linejoin:miter;stroke-opacity:1' />
<path class='bond-9 atom-6 atom-7' d='M 187.8,45.4 L 209.1,33.1' style='fill:none;fill-rule:evenodd;stroke:#000000;stroke-width:2.0px;stroke-linecap:butt;stroke-linejoin:miter;stroke-opacity:1' />
<path class='bond-10 atom-10 atom-11' d='M 298.4,57.7 L 319.7,45.4' style='fill:none;fill-rule:evenodd;stroke:#FF0000;stroke-width:2.0px;stroke-linecap:butt;stroke-linejoin:miter;stroke-opacity:1' />
<path class='bond-10 atom-10 atom-11' d='M 319.7,45.4 L 341.0,33.1' style='fill:none;fill-rule:evenodd;stroke:#000000;stroke-width:2.0px;stroke-linecap:butt;stroke-linejoin:miter;stroke-opacity:1' />
<path d='M 282.7,142.9 L 286.0,141.0 L 286.0,139.4' style='fill:none;stroke:#000000;stroke-width:2.0px;stroke-linecap:butt;stroke-linejoin:miter;stroke-opacity:1;' />
<path class='atom-0' d='M 215.3 244.4
L 222.4 255.8
Q 223.1 256.9, 224.2 259.0
Q 225.3 261.0, 225.4 261.1
L 225.4 244.4
L 228.2 244.4
L 228.2 265.9
L 225.3 265.9
L 217.7 253.5
Q 216.8 252.0, 215.9 250.3
Q 215.0 248.6, 214.7 248.1
L 214.7 265.9
L 211.9 265.9
L 211.9 244.4
L 215.3 244.4
' fill='#0000FF'/>
<path class='atom-1' d='M 277.5 282.4
L 280.5 282.4
L 280.5 291.6
L 291.5 291.6
L 291.5 282.4
L 294.4 282.4
L 294.4 304.0
L 291.5 304.0
L 291.5 294.0
L 280.5 294.0
L 280.5 304.0
L 277.5 304.0
L 277.5 282.4
' fill='#000000'/>
<path class='atom-2' d='M 145.7 282.4
L 148.6 282.4
L 148.6 291.6
L 159.6 291.6
L 159.6 282.4
L 162.6 282.4
L 162.6 304.0
L 159.6 304.0
L 159.6 294.0
L 148.6 294.0
L 148.6 304.0
L 145.7 304.0
L 145.7 282.4
' fill='#000000'/>
<path class='atom-6' d='M 144.2 64.9
Q 144.2 59.7, 146.8 56.8
Q 149.3 53.9, 154.1 53.9
Q 158.9 53.9, 161.5 56.8
Q 164.0 59.7, 164.0 64.9
Q 164.0 70.1, 161.4 73.1
Q 158.8 76.1, 154.1 76.1
Q 149.4 76.1, 146.8 73.1
Q 144.2 70.2, 144.2 64.9
M 154.1 73.6
Q 157.4 73.6, 159.2 71.5
Q 161.0 69.2, 161.0 64.9
Q 161.0 60.7, 159.2 58.5
Q 157.4 56.4, 154.1 56.4
Q 150.8 56.4, 149.0 58.5
Q 147.3 60.6, 147.3 64.9
Q 147.3 69.3, 149.0 71.5
Q 150.8 73.6, 154.1 73.6
' fill='#FF0000'/>
<path class='atom-7' d='M 211.6 16.0
L 214.5 16.0
L 214.5 25.2
L 225.6 25.2
L 225.6 16.0
L 228.5 16.0
L 228.5 37.6
L 225.6 37.6
L 225.6 27.6
L 214.5 27.6
L 214.5 37.6
L 211.6 37.6
L 211.6 16.0
' fill='#000000'/>
<path class='atom-9' d='M 342.0 179.1
Q 342.0 173.9, 344.6 171.0
Q 347.1 168.1, 351.9 168.1
Q 356.7 168.1, 359.2 171.0
Q 361.8 173.9, 361.8 179.1
Q 361.8 184.3, 359.2 187.3
Q 356.6 190.3, 351.9 190.3
Q 347.2 190.3, 344.6 187.3
Q 342.0 184.4, 342.0 179.1
M 351.9 187.8
Q 355.2 187.8, 357.0 185.6
Q 358.8 183.4, 358.8 179.1
Q 358.8 174.9, 357.0 172.7
Q 355.2 170.6, 351.9 170.6
Q 348.6 170.6, 346.8 172.7
Q 345.1 174.8, 345.1 179.1
Q 345.1 183.4, 346.8 185.6
Q 348.6 187.8, 351.9 187.8
' fill='#FF0000'/>
<path class='atom-10' d='M 276.1 64.9
Q 276.1 59.7, 278.6 56.8
Q 281.2 53.9, 286.0 53.9
Q 290.8 53.9, 293.3 56.8
Q 295.9 59.7, 295.9 64.9
Q 295.9 70.1, 293.3 73.1
Q 290.7 76.1, 286.0 76.1
Q 281.2 76.1, 278.6 73.1
Q 276.1 70.2, 276.1 64.9
M 286.0 73.6
Q 289.3 73.6, 291.0 71.5
Q 292.8 69.2, 292.8 64.9
Q 292.8 60.7, 291.0 58.5
Q 289.3 56.4, 286.0 56.4
Q 282.7 56.4, 280.9 58.5
Q 279.1 60.6, 279.1 64.9
Q 279.1 69.3, 280.9 71.5
Q 282.7 73.6, 286.0 73.6
' fill='#FF0000'/>
<path class='atom-11' d='M 343.5 16.0
L 346.4 16.0
L 346.4 25.2
L 357.4 25.2
L 357.4 16.0
L 360.3 16.0
L 360.3 37.6
L 357.4 37.6
L 357.4 27.6
L 346.4 27.6
L 346.4 37.6
L 343.5 37.6
L 343.5 16.0
' fill='#000000'/>
</svg>

