Tokens:
LParen	(	0
Digit	0	1
RParen	)	2
Keyword	N	3
Keyword	C	4
Keyword	C	5
Sep	,	6
Digit	2	7
Haf	-	8
LStr	[	9
LParen	(	10
Digit	1	11
RParen	)	12
Keyword	C	13
Keyword	Ind	14
Sep	,	17
LParen	(	18
Digit	0	19
RParen	)	20
RStr	]	21
Sep	,	22
Digit	3	23
Haf	-	24
Keyword	=O	25
Sep	,	27
Digit	3	28
Haf	-	29
Keyword	OH	30
Sep	,	32
LParen	(	33
Digit	0	34
RParen	)	35
Semi	;	36
End		37
AST:
CPO #1:
  Interface L:
    Poses: 0
  Core: N C C
  Subs: entry
    Poses: 2
    Group:
      Interface L:
        Poses: 1
      Core: C Ind
      Subs: empty
      Interface R:
        Poses: 0
    Next:
      Subs: entry
        Poses: 3
        Sub Core:
          Core: =O
        Next:
          Subs: entry
            Poses: 3
            Sub Core:
              Core: OH
  Interface R:
    Poses: 0
IR:
N(1,2,0,0,0,0,0)
C(2,1,3,4,0,0,0)
C(3,2,14,14,15,0,0)
C(4,5,2,0,0,0,0)
C(5,6,9,4,0,0,0)
C(6,5,7,0,0,0,0)
N(7,6,8,0,0,0,0)
C(8,7,9,13,0,0,0)
C(9,8,5,10,0,0,0)
C(10,9,11,0,0,0,0)
C(11,10,12,0,0,0,0)
C(12,11,13,0,0,0,0)
C(13,12,8,0,0,0,0)
O(14,3,3,0,0,0,0)
O(15,16,3,0,0,0,0)
H(16,15,0,0,0,0,0)
SVG:
<?xml version='1.0' encoding='iso-8859-1'?>
<svg version='1.1' baseProfile='full'
              xmlns='http://www.w3.org/2000/svg'
                      xmlns:rdkit='http://www.rdkit.org/xml'
                      xmlns:xlink='http://www.w3.org/1999/xlink'
                  xml:space='preserve'
width='450px' height='320px' viewBox='0 0 450 320'>
<!-- END OF HEADER -->
<rect style='opacity:1.0;fill:#FFFFFF;stroke:none' width='450.0' height='320.0' x='0.0' y='0.0'> </rect>
<path class='bond-0 atom-0 atom-1' d='M 198.5,256.5 L 214.6,242.0' style='fill:none;fill-rule:evenodd;stroke:#0000FF;stroke-width:2.0px;stroke-linecap:butt;stroke-linejoin:miter;stroke-opacity:1' />
<path class='bond-0 atom-0 atom-1' d='M 214.6,242.0 L 230.6,227.6' style='fill:none;fill-rule:evenodd;stroke:#000000;stroke-width:2.0px;stroke-linecap:butt;stroke-linejoin:miter;stroke-opacity:1' />
<path class='bond-1 atom-1 atom-2' d='M 230.6,227.6 L 281.3,244.0' style='fill:none;fill-rule:evenodd;stroke:#000000;stroke-width:2.0px;stroke-linecap:butt;stroke-linejoin:miter;stroke-opacity:1' />
<path class='bond-2 atom-1 atom-3' d='M 230.6,227.6 L 219.6,175.4' style='fill:none;fill-rule:evenodd;stroke:#000000;stroke-width:2.0px;stroke-linecap:butt;stroke-linejoin:miter;stroke-opacity:1' />
<path class='bond-3 atom-2 atom-13' d='M 276.9,242.6 L 281.7,265.1' style='fill:none;fill-rule:evenodd;stroke:#000000;stroke-width:2.0px;stroke-linecap:butt;stroke-linejoin:miter;stroke-opacity:1' />
<path class='bond-3 atom-2 atom-13' d='M 281.7,265.1 L 286.5,287.6' style='fill:none;fill-rule:evenodd;stroke:#FF0000;stroke-width:2.0px;stroke-linecap:butt;stroke-linejoin:miter;stroke-opacity:1' />
<path class='bond-3 atom-2 atom-13' d='M 284.8,240.9 L 289.5,263.4' style='fill:none;fill-rule:evenodd;stroke:#000000;stroke-width:2.0px;stroke-linecap:butt;stroke-linejoin:miter;stroke-opacity:1' />
<path class='bond-3 atom-2 atom-13' d='M 289.5,263.4 L 294.3,285.9' style='fill:none;fill-rule:evenodd;stroke:#FF0000;stroke-width:2.0px;stroke-linecap:butt;stroke-linejoin:miter;stroke-opacity:1' />
<path class='bond-4 atom-2 atom-14' d='M 281.3,244.0 L 296.8,230.1' style='fill:none;fill-rule:evenodd;stroke:#000000;stroke-width:2.0px;stroke-linecap:butt;stroke-linejoin:miter;stroke-opacity:1' />
<path class='bond-4 atom-2 atom-14' d='M 296.8,230.1 L 312.2,216.2' style='fill:none;fill-rule:evenodd;stroke:#FF0000;stroke-width:2.0px;stroke-linecap:butt;stroke-linejoin:miter;stroke-opacity:1' />
<path class='bond-5 atom-3 atom-4' d='M 219.6,175.4 L 168.9,159.0' style='fill:none;fill-rule:evenodd;stroke:#000000;stroke-width:2.0px;stroke-linecap:butt;stroke-linejoin:miter;stroke-opacity:1' />
<path class='bond-6 atom-4 atom-5' d='M 168.9,159.0 L 125.8,190.3' style='fill:none;fill-rule:evenodd;stroke:#000000;stroke-width:2.0px;stroke-linecap:butt;stroke-linejoin:miter;stroke-opacity:1' />
<path class='bond-7 atom-4 atom-8' d='M 168.9,159.0 L 152.4,108.3' style='fill:none;fill-rule:evenodd;stroke:#000000;stroke-width:2.0px;stroke-linecap:butt;stroke-linejoin:miter;stroke-opacity:1' />
<path class='bond-8 atom-5 atom-6' d='M 125.8,190.3 L 108.0,177.3' style='fill:none;fill-rule:evenodd;stroke:#000000;stroke-width:2.0px;stroke-linecap:butt;stroke-linejoin:miter;stroke-opacity:1' />
<path class='bond-8 atom-5 atom-6' d='M 108.0,177.3 L 90.2,164.4' style='fill:none;fill-rule:evenodd;stroke:#0000FF;stroke-width:2.0px;stroke-linecap:butt;stroke-linejoin:miter;stroke-opacity:1' />
<path class='bond-9 atom-6 atom-7' d='M 85.7,149.7 L 92.4,129.0' style='fill:none;fill-rule:evenodd;stroke:#0000FF;stroke-width:2.0px;stroke-linecap:butt;stroke-linejoin:miter;stroke-opacity:1' />
<path class='bond-9 atom-6 atom-7' d='M 92.4,129.0 L 99.1,108.3' style='fill:none;fill-rule:evenodd;stroke:#000000;stroke-width:2.0px;stroke-linecap:butt;stroke-linejoin:miter;stroke-opacity:1' />
<path class='bond-10 atom-7 atom-8' d='M 99.1,108.3 L 152.4,108.3' style='fill:none;fill-rule:evenodd;stroke:#000000;stroke-width:2.0px;stroke-linecap:butt;stroke-linejoin:miter;stroke-opacity:1' />
<path class='bond-11 atom-7 atom-12' d='M 99.1,108.3 L 72.5,62.1' style='fill:none;fill-rule:evenodd;stroke:#000000;stroke-width:2.0px;stroke-linecap:butt;stroke-linejoin:miter;stroke-opacity:1' />
<path class='bond-12 atom-8 atom-9' d='M 152.4,108.3 L 179.1,62.1' style='fill:none;fill-rule:evenodd;stroke:#000000;stroke-width:2.0px;stroke-linecap:butt;stroke-linejoin:miter;stroke-opacity:1' />
<path class='bond-13 atom-9 atom-10' d='M 179.1,62.1 L 152.4,16.0' style='fill:none;fill-rule:evenodd;stroke:#000000;stroke-width:2.0px;stroke-linecap:butt;stroke-linejoin:miter;stroke-opacity:1' />
<path class='bond-14 atom-10 atom-11' d='M 152.4,16.0 L 99.1,16.0' style='fill:none;fill-rule:evenodd;stroke:#000000;stroke-width:2.0px;stroke-linecap:butt;stroke-linejoin:miter;stroke-opacity:1' />
<path class='bond-15 atom-11 atom-12' d='M 99.1,16.0 L 72.5,62.1' style='fill:none;fill-rule:evenodd;stroke:#000000;stroke-width:2.0px;stroke-linecap:butt;stroke-linejoin:miter;stroke-opacity:1' />
<path class='bond-16 atom-14 atom-15' d='M 329.6,211.2 L 346.8,216.8' style='fill:none;fill-rule:evenodd;stroke:#FF0000;stroke-width:2.0px;stroke-linecap:butt;stroke-linejoin:miter;stroke-opacity:1' />
<path class='bond-16 atom-14 atom-15' d='M 346.8,216.8 L 363.9,222.3' style='fill:none;fill-rule:evenodd;stroke:#000000;stroke-width:2.0px;stroke-linecap:butt;stroke-linejoin:miter;stroke-opacity:1' />
<path d='M 278.8,243.2 L 281.3,244.0 L 282.1,243.3' style='fill:none;stroke:#000000;stroke-width:2.0px;stroke-linecap:butt;stroke-linejoin:miter;stroke-opacity:1;' />
<path d='M 220.1,178.0 L 219.6,175.4 L 217.0,174.6' style='fill:none;stroke:#000000;stroke-width:2.0px;stroke-linecap:butt;stroke-linejoin:miter;stroke-opacity:1;' />
<path d='M 127.9,188.7 L 125.8,190.3 L 124.9,189.6' style='fill:none;stroke:#000000;stroke-width:2.0px;stroke-linecap:butt;stroke-linejoin:miter;stroke-opacity:1;' />
<path d='M 177.7,64.5 L 179.1,62.1 L 177.7,59.8' style='fill:none;stroke:#000000;stroke-width:2.0px;stroke-linecap:butt;stroke-linejoin:miter;stroke-opacity:1;' />
<path d='M 153.8,18.3 L 152.4,16.0 L 149.8,16.0' style='fill:none;stroke:#000000;stroke-width:2.0px;stroke-linecap:butt;stroke-linejoin:miter;stroke-opacity:1;' />
<path d='M 101.8,16.0 L 99.1,16.0 L 97.8,18.3' style='fill:none;stroke:#000000;stroke-width:2.0px;stroke-linecap:butt;stroke-linejoin:miter;stroke-opacity:1;' />
<path d='M 73.8,64.5 L 72.5,62.1 L 73.8,59.8' style='fill:none;stroke:#000000;stroke-width:2.0px;stroke-linecap:butt;stroke-linejoin:miter;stroke-opacity:1;' />
<path class='atom-0' d='M 187.7 255.7
L 192.7 263.7
Q 193.1 264.4, 193.9 265.9
Q 194.7 267.3, 194.8 267.4
L 194.8 255.7
L 196.8 255.7
L 196.8 270.7
L 194.7 270.7
L 189.4 262.0
Q 188.8 261.0, 188.1 259.8
Q 187.5 258.6, 187.3 258.3
L 187.3 270.7
L 185.3 270.7
L 185.3 255.7
L 187.7 255.7
' fill='#0000FF'/>
<path class='atom-6' d='M 79.3 151.4
L 84.3 159.4
Q 84.8 160.2, 85.6 161.6
Q 86.4 163.1, 86.4 163.1
L 86.4 151.4
L 88.4 151.4
L 88.4 166.5
L 86.3 166.5
L 81.0 157.8
Q 80.4 156.7, 79.7 155.6
Q 79.1 154.4, 78.9 154.0
L 78.9 166.5
L 77.0 166.5
L 77.0 151.4
L 79.3 151.4
' fill='#0000FF'/>
<path class='atom-13' d='M 285.5 296.2
Q 285.5 292.6, 287.3 290.5
Q 289.1 288.5, 292.4 288.5
Q 295.7 288.5, 297.5 290.5
Q 299.3 292.6, 299.3 296.2
Q 299.3 299.8, 297.5 301.9
Q 295.7 304.0, 292.4 304.0
Q 289.1 304.0, 287.3 301.9
Q 285.5 299.9, 285.5 296.2
M 292.4 302.3
Q 294.7 302.3, 295.9 300.8
Q 297.2 299.2, 297.2 296.2
Q 297.2 293.2, 295.9 291.7
Q 294.7 290.2, 292.4 290.2
Q 290.1 290.2, 288.8 291.7
Q 287.6 293.2, 287.6 296.2
Q 287.6 299.2, 288.8 300.8
Q 290.1 302.3, 292.4 302.3
' fill='#FF0000'/>
<path class='atom-14' d='M 314.0 208.4
Q 314.0 204.8, 315.8 202.8
Q 317.6 200.7, 320.9 200.7
Q 324.3 200.7, 326.1 202.8
Q 327.8 204.8, 327.8 208.4
Q 327.8 212.1, 326.0 214.2
Q 324.2 216.2, 320.9 216.2
Q 317.6 216.2, 315.8 214.2
Q 314.0 212.1, 314.0 208.4
M 320.9 214.5
Q 323.2 214.5, 324.5 213.0
Q 325.7 211.4, 325.7 208.4
Q 325.7 205.4, 324.5 204.0
Q 323.2 202.4, 320.9 202.4
Q 318.6 202.4, 317.4 203.9
Q 316.1 205.4, 316.1 208.4
Q 316.1 211.5, 317.4 213.0
Q 318.6 214.5, 320.9 214.5
' fill='#FF0000'/>
<path class='atom-15' d='M 365.7 217.3
L 367.7 217.3
L 367.7 223.7
L 375.5 223.7
L 375.5 217.3
L 377.5 217.3
L 377.5 232.4
L 375.5 232.4
L 375.5 225.4
L 367.7 225.4
L 367.7 232.4
L 365.7 232.4
L 365.7 217.3
' fill='#000000'/>
</svg>

