Tokens:
LParen	(	0
Digit	0	1
RParen	)	2
Keyword	N	3
Keyword	C	4
Keyword	C	5
Sep	,	6
Digit	2	7
Haf	-	8
LStr	[	9
LParen	(	10
Digit	1	11
RParen	)	12
Keyword	C	13
Keyword	Ph	14
Sep	,	16
Digit	5	17
Haf	-	18
Keyword	OH	19
Sep	,	21
LParen	(	22
Digit	0	23
RParen	)	24
RStr	]	25
Sep	,	26
Digit	3	27
Haf	-	28
Keyword	=O	29
Sep	,	31
Digit	3	32
Haf	-	33
Keyword	OH	34
Sep	,	36
LParen	(	37
Digit	0	38
RParen	)	39
Semi	;	40
End		41
AST:
CPO #1:
  Interface L:
    Poses: 0
  Core: N C C
  Subs: entry
    Poses: 2
    Group:
      Interface L:
        Poses: 1
      Core: C Ph
      Subs: entry
        Poses: 5
        Sub Core:
          Core: OH
      Interface R:
        Poses: 0
    Next:
      Subs: entry
        Poses: 3
        Sub Core:
          Core: =O
        Next:
          Subs: entry
            Poses: 3
            Sub Core:
              Core: OH
  Interface R:
    Poses: 0
IR:
N(1,2,0,0,0,0,0)
C(2,1,3,4,0,0,0)
C(3,2,13,13,14,0,0)
C(4,5,2,0,0,0,0)
C(5,6,6,10,4,0,0)
C(6,7,5,5,0,0,0)
C(7,8,8,6,0,0,0)
C(8,9,7,7,11,0,0)
C(9,10,10,8,0,0,0)
C(10,5,9,0,0,0,0)
O(11,12,8,0,0,0,0)
H(12,11,0,0,0,0,0)
O(13,3,3,0,0,0,0)
O(14,15,3,0,0,0,0)
H(15,14,0,0,0,0,0)
SVG:
<?xml version='1.0' encoding='iso-8859-1'?>
<svg version='1.1' baseProfile='full'
              xmlns='http://www.w3.org/2000/svg'
                      xmlns:rdkit='http://www.rdkit.org/xml'
                      xmlns:xlink='http://www.w3.org/1999/xlink'
                  xml:space='preserve'
width='450px' height='320px' viewBox='0 0 450 320'>
<!-- END OF HEADER -->
<rect style='opacity:1.0;fill:#FFFFFF;stroke:none' width='450.0' height='320.0' x='0.0' y='0.0'> </rect>
<path class='bond-0 atom-0 atom-1' d='M 269.6,218.8 L 280.1,200.7' style='fill:none;fill-rule:evenodd;stroke:#0000FF;stroke-width:2.0px;stroke-linecap:butt;stroke-linejoin:miter;stroke-opacity:1' />
<path class='bond-0 atom-0 atom-1' d='M 280.1,200.7 L 290.6,182.6' style='fill:none;fill-rule:evenodd;stroke:#000000;stroke-width:2.0px;stroke-linecap:butt;stroke-linejoin:miter;stroke-opacity:1' />
<path class='bond-1 atom-1 atom-2' d='M 290.6,182.6 L 343.0,182.6' style='fill:none;fill-rule:evenodd;stroke:#000000;stroke-width:2.0px;stroke-linecap:butt;stroke-linejoin:miter;stroke-opacity:1' />
<path class='bond-2 atom-1 atom-3' d='M 290.6,182.6 L 264.3,137.1' style='fill:none;fill-rule:evenodd;stroke:#000000;stroke-width:2.0px;stroke-linecap:butt;stroke-linejoin:miter;stroke-opacity:1' />
<path class='bond-3 atom-2 atom-12' d='M 338.5,182.6 L 349.5,201.6' style='fill:none;fill-rule:evenodd;stroke:#000000;stroke-width:2.0px;stroke-linecap:butt;stroke-linejoin:miter;stroke-opacity:1' />
<path class='bond-3 atom-2 atom-12' d='M 349.5,201.6 L 360.5,220.7' style='fill:none;fill-rule:evenodd;stroke:#FF0000;stroke-width:2.0px;stroke-linecap:butt;stroke-linejoin:miter;stroke-opacity:1' />
<path class='bond-3 atom-2 atom-12' d='M 345.3,178.6 L 356.3,197.7' style='fill:none;fill-rule:evenodd;stroke:#000000;stroke-width:2.0px;stroke-linecap:butt;stroke-linejoin:miter;stroke-opacity:1' />
<path class='bond-3 atom-2 atom-12' d='M 356.3,197.7 L 367.3,216.8' style='fill:none;fill-rule:evenodd;stroke:#FF0000;stroke-width:2.0px;stroke-linecap:butt;stroke-linejoin:miter;stroke-opacity:1' />
<path class='bond-4 atom-2 atom-13' d='M 343.0,182.6 L 353.4,164.6' style='fill:none;fill-rule:evenodd;stroke:#000000;stroke-width:2.0px;stroke-linecap:butt;stroke-linejoin:miter;stroke-opacity:1' />
<path class='bond-4 atom-2 atom-13' d='M 353.4,164.6 L 363.8,146.6' style='fill:none;fill-rule:evenodd;stroke:#FF0000;stroke-width:2.0px;stroke-linecap:butt;stroke-linejoin:miter;stroke-opacity:1' />
<path class='bond-5 atom-3 atom-4' d='M 264.3,137.1 L 211.9,137.1' style='fill:none;fill-rule:evenodd;stroke:#000000;stroke-width:2.0px;stroke-linecap:butt;stroke-linejoin:miter;stroke-opacity:1' />
<path class='bond-6 atom-4 atom-5' d='M 211.9,137.1 L 185.7,182.6' style='fill:none;fill-rule:evenodd;stroke:#000000;stroke-width:2.0px;stroke-linecap:butt;stroke-linejoin:miter;stroke-opacity:1' />
<path class='bond-6 atom-4 atom-5' d='M 202.8,137.1 L 181.1,174.7' style='fill:none;fill-rule:evenodd;stroke:#000000;stroke-width:2.0px;stroke-linecap:butt;stroke-linejoin:miter;stroke-opacity:1' />
<path class='bond-7 atom-4 atom-9' d='M 211.9,137.1 L 185.7,91.7' style='fill:none;fill-rule:evenodd;stroke:#000000;stroke-width:2.0px;stroke-linecap:butt;stroke-linejoin:miter;stroke-opacity:1' />
<path class='bond-8 atom-5 atom-6' d='M 185.7,182.6 L 133.2,182.6' style='fill:none;fill-rule:evenodd;stroke:#000000;stroke-width:2.0px;stroke-linecap:butt;stroke-linejoin:miter;stroke-opacity:1' />
<path class='bond-9 atom-6 atom-7' d='M 133.2,182.6 L 107.0,137.1' style='fill:none;fill-rule:evenodd;stroke:#000000;stroke-width:2.0px;stroke-linecap:butt;stroke-linejoin:miter;stroke-opacity:1' />
<path class='bond-9 atom-6 atom-7' d='M 137.8,174.7 L 116.1,137.1' style='fill:none;fill-rule:evenodd;stroke:#000000;stroke-width:2.0px;stroke-linecap:butt;stroke-linejoin:miter;stroke-opacity:1' />
<path class='bond-10 atom-7 atom-8' d='M 107.0,137.1 L 133.2,91.7' style='fill:none;fill-rule:evenodd;stroke:#000000;stroke-width:2.0px;stroke-linecap:butt;stroke-linejoin:miter;stroke-opacity:1' />
<path class='bond-11 atom-7 atom-10' d='M 107.0,137.1 L 85.0,137.1' style='fill:none;fill-rule:evenodd;stroke:#000000;stroke-width:2.0px;stroke-linecap:butt;stroke-linejoin:miter;stroke-opacity:1' />
<path class='bond-11 atom-7 atom-10' d='M 85.0,137.1 L 63.1,137.1' style='fill:none;fill-rule:evenodd;stroke:#FF0000;stroke-width:2.0px;stroke-linecap:butt;stroke-linejoin:miter;stroke-opacity:1' />
<path class='bond-12 atom-8 atom-9' d='M 133.2,91.7 L 185.7,91.7' style='fill:none;fill-rule:evenodd;stroke:#000000;stroke-width:2.0px;stroke-linecap:butt;stroke-linejoin:miter;stroke-opacity:1' />
<path class='bond-12 atom-8 atom-9' d='M 137.8,99.6 L 181.1,99.6' style='fill:none;fill-rule:evenodd;stroke:#000000;stroke-width:2.0px;stroke-linecap:butt;stroke-linejoin:miter;stroke-opacity:1' />
<path class='bond-13 atom-10 atom-11' d='M 49.2,127.9 L 41.4,114.4' style='fill:none;fill-rule:evenodd;stroke:#FF0000;stroke-width:2.0px;stroke-linecap:butt;stroke-linejoin:miter;stroke-opacity:1' />
<path class='bond-13 atom-10 atom-11' d='M 41.4,114.4 L 33.6,100.9' style='fill:none;fill-rule:evenodd;stroke:#000000;stroke-width:2.0px;stroke-linecap:butt;stroke-linejoin:miter;stroke-opacity:1' />
<path class='bond-14 atom-13 atom-14' d='M 377.8,137.1 L 396.0,137.1' style='fill:none;fill-rule:evenodd;stroke:#FF0000;stroke-width:2.0px;stroke-linecap:butt;stroke-linejoin:miter;stroke-opacity:1' />
<path class='bond-14 atom-13 atom-14' d='M 396.0,137.1 L 414.1,137.1' style='fill:none;fill-rule:evenodd;stroke:#000000;stroke-width:2.0px;stroke-linecap:butt;stroke-linejoin:miter;stroke-opacity:1' />
<path d='M 340.4,182.6 L 343.0,182.6 L 343.5,181.7' style='fill:none;stroke:#000000;stroke-width:2.0px;stroke-linecap:butt;stroke-linejoin:miter;stroke-opacity:1;' />
<path d='M 265.6,139.4 L 264.3,137.1 L 261.7,137.1' style='fill:none;stroke:#000000;stroke-width:2.0px;stroke-linecap:butt;stroke-linejoin:miter;stroke-opacity:1;' />
<path d='M 187.0,180.3 L 185.7,182.6 L 183.0,182.6' style='fill:none;stroke:#000000;stroke-width:2.0px;stroke-linecap:butt;stroke-linejoin:miter;stroke-opacity:1;' />
<path d='M 135.8,182.6 L 133.2,182.6 L 131.9,180.3' style='fill:none;stroke:#000000;stroke-width:2.0px;stroke-linecap:butt;stroke-linejoin:miter;stroke-opacity:1;' />
<path d='M 131.9,94.0 L 133.2,91.7 L 135.8,91.7' style='fill:none;stroke:#000000;stroke-width:2.0px;stroke-linecap:butt;stroke-linejoin:miter;stroke-opacity:1;' />
<path d='M 187.0,94.0 L 185.7,91.7 L 183.0,91.7' style='fill:none;stroke:#000000;stroke-width:2.0px;stroke-linecap:butt;stroke-linejoin:miter;stroke-opacity:1;' />
<path class='atom-0' d='M 261.1 220.6
L 265.9 228.4
Q 266.4 229.2, 267.2 230.6
Q 268.0 232.0, 268.0 232.1
L 268.0 220.6
L 270.0 220.6
L 270.0 235.4
L 267.9 235.4
L 262.7 226.8
Q 262.1 225.8, 261.5 224.6
Q 260.8 223.5, 260.6 223.1
L 260.6 235.4
L 258.7 235.4
L 258.7 220.6
L 261.1 220.6
' fill='#0000FF'/>
<path class='atom-10' d='M 47.7 137.2
Q 47.7 133.6, 49.5 131.6
Q 51.2 129.6, 54.5 129.6
Q 57.8 129.6, 59.6 131.6
Q 61.4 133.6, 61.4 137.2
Q 61.4 140.8, 59.6 142.8
Q 57.8 144.9, 54.5 144.9
Q 51.3 144.9, 49.5 142.8
Q 47.7 140.8, 47.7 137.2
M 54.5 143.2
Q 56.8 143.2, 58.0 141.7
Q 59.3 140.2, 59.3 137.2
Q 59.3 134.3, 58.0 132.8
Q 56.8 131.3, 54.5 131.3
Q 52.3 131.3, 51.0 132.8
Q 49.8 134.2, 49.8 137.2
Q 49.8 140.2, 51.0 141.7
Q 52.3 143.2, 54.5 143.2
' fill='#FF0000'/>
<path class='atom-11' d='M 22.5 84.3
L 24.5 84.3
L 24.5 90.6
L 32.1 90.6
L 32.1 84.3
L 34.1 84.3
L 34.1 99.1
L 32.1 99.1
L 32.1 92.3
L 24.5 92.3
L 24.5 99.1
L 22.5 99.1
L 22.5 84.3
' fill='#000000'/>
<path class='atom-12' d='M 362.4 228.0
Q 362.4 224.5, 364.2 222.5
Q 365.9 220.5, 369.2 220.5
Q 372.5 220.5, 374.3 222.5
Q 376.1 224.5, 376.1 228.0
Q 376.1 231.6, 374.3 233.7
Q 372.5 235.7, 369.2 235.7
Q 366.0 235.7, 364.2 233.7
Q 362.4 231.6, 362.4 228.0
M 369.2 234.0
Q 371.5 234.0, 372.7 232.5
Q 374.0 231.0, 374.0 228.0
Q 374.0 225.1, 372.7 223.6
Q 371.5 222.1, 369.2 222.1
Q 367.0 222.1, 365.7 223.6
Q 364.5 225.1, 364.5 228.0
Q 364.5 231.0, 365.7 232.5
Q 367.0 234.0, 369.2 234.0
' fill='#FF0000'/>
<path class='atom-13' d='M 362.4 137.2
Q 362.4 133.6, 364.2 131.6
Q 365.9 129.6, 369.2 129.6
Q 372.5 129.6, 374.3 131.6
Q 376.1 133.6, 376.1 137.2
Q 376.1 140.8, 374.3 142.8
Q 372.5 144.9, 369.2 144.9
Q 366.0 144.9, 364.2 142.8
Q 362.4 140.8, 362.4 137.2
M 369.2 143.2
Q 371.5 143.2, 372.7 141.7
Q 374.0 140.2, 374.0 137.2
Q 374.0 134.3, 372.7 132.8
Q 371.5 131.3, 369.2 131.3
Q 367.0 131.3, 365.7 132.8
Q 364.5 134.2, 364.5 137.2
Q 364.5 140.2, 365.7 141.7
Q 367.0 143.2, 369.2 143.2
' fill='#FF0000'/>
<path class='atom-14' d='M 415.9 129.7
L 417.9 129.7
L 417.9 136.0
L 425.5 136.0
L 425.5 129.7
L 427.5 129.7
L 427.5 144.6
L 425.5 144.6
L 425.5 137.7
L 417.9 137.7
L 417.9 144.6
L 415.9 144.6
L 415.9 129.7
' fill='#000000'/>
</svg>

