Tokens:
LParen	(	0
Digit	0	1
RParen	)	2
Keyword	15R	3
Sep	,	6
Digit	1	7
Haf	-	8
Keyword	N	9
Sep	,	10
Digit	5	11
Haf	-	12
Keyword	N	13
Sep	,	14
Digit	9	15
Haf	-	16
Keyword	N	17
Sep	,	18
Digit	13	19
Haf	-	21
Keyword	N	22
Sep	,	23
Digit	1	24
Haf	-	25
Keyword	=	26
Sep	,	27
Digit	3	28
Haf	-	29
Keyword	=	30
Sep	,	31
Digit	5	32
Haf	-	33
Keyword	=	34
Sep	,	35
Digit	7	36
Haf	-	37
Keyword	=	38
Sep	,	39
Digit	9	40
Haf	-	41
Keyword	=	42
Sep	,	43
Digit	11	44
Haf	-	46
Keyword	=	47
Sep	,	48
Digit	13	49
Haf	-	51
Keyword	=	52
Sep	,	53
Digit	2	54
Haf	-	55
LStr	[	56
LParen	(	57
Digit	1	58
RParen	)	59
Keyword	C	60
Keyword	C	61
Keyword	NH2	62
Sep	,	65
Digit	2	66
Haf	-	67
Keyword	=O	68
Sep	,	70
LParen	(	71
Digit	0	72
RParen	)	73
RStr	]	74
Sep	,	75
Digit	6	76
Haf	-	77
LStr	[	78
LParen	(	79
Digit	1	80
RParen	)	81
Keyword	C	82
Keyword	C	83
Keyword	NH2	84
Sep	,	87
Digit	2	88
Haf	-	89
Keyword	=O	90
Sep	,	92
LParen	(	93
Digit	0	94
RParen	)	95
RStr	]	96
Sep	,	97
Digit	10	98
Haf	-	100
LStr	[	101
LParen	(	102
Digit	1	103
RParen	)	104
Keyword	C	105
Keyword	C	106
Keyword	C	107
Sep	,	108
Digit	3	109
Haf	-	110
Keyword	=O	111
Sep	,	113
Digit	3	114
Haf	-	115
Keyword	OH	116
Sep	,	118
LParen	(	119
Digit	0	120
RParen	)	121
RStr	]	122
Sep	,	123
Digit	14	124
Haf	-	126
LStr	[	127
LParen	(	128
Digit	1	129
RParen	)	130
Keyword	C	131
Keyword	C	132
Keyword	C	133
Sep	,	134
Digit	3	135
Haf	-	136
Keyword	=O	137
Sep	,	139
Digit	3	140
Haf	-	141
Keyword	OH	142
Sep	,	144
LParen	(	145
Digit	0	146
RParen	)	147
RStr	]	148
Sep	,	149
LParen	(	150
Digit	0	151
RParen	)	152
Semi	;	153
End		154
AST:
CPO #1:
  Interface L (connect):
    Poses: 0
  Core: 15R
  Subs: entry attach
    Poses: 1
    Sub Core:
      Core: N
    Next:
      Subs: entry attach
        Poses: 5
        Sub Core:
          Core: N
        Next:
          Subs: entry attach
            Poses: 9
            Sub Core:
              Core: N
            Next:
              Subs: entry attach
                Poses: 13
                Sub Core:
                  Core: N
                Next:
                  Subs: entry attach
                    Poses: 1
                    Sub Core:
                      Core: =
                    Next:
                      Subs: entry attach
                        Poses: 3
                        Sub Core:
                          Core: =
                        Next:
                          Subs: entry attach
                            Poses: 5
                            Sub Core:
                              Core: =
                            Next:
                              Subs: entry attach
                                Poses: 7
                                Sub Core:
                                  Core: =
                                Next:
                                  Subs: entry attach
                                    Poses: 9
                                    Sub Core:
                                      Core: =
                                    Next:
                                      Subs: entry attach
                                        Poses: 11
                                        Sub Core:
                                          Core: =
                                        Next:
                                          Subs: entry attach
                                            Poses: 13
                                            Sub Core:
                                              Core: =
                                            Next:
                                              Subs: entry attach
                                                Poses: 2
                                                Group:
                                                  Interface L (connect):
                                                    Poses: 1
                                                  Core: C C NH2
                                                  Subs: entry attach
                                                    Poses: 2
                                                    Sub Core:
                                                      Core: =O
                                                  Interface R (connect):
                                                    Poses: 0
                                                Next:
                                                  Subs: entry attach
                                                    Poses: 6
                                                    Group:
                                                      Interface L (connect):
                                                        Poses: 1
                                                      Core: C C NH2
                                                      Subs: entry attach
                                                        Poses: 2
                                                        Sub Core:
                                                          Core: =O
                                                      Interface R (connect):
                                                        Poses: 0
                                                    Next:
                                                      Subs: entry attach
                                                        Poses: 10
                                                        Group:
                                                          Interface L (connect):
                                                            Poses: 1
                                                          Core: C C C
                                                          Subs: entry attach
                                                            Poses: 3
                                                            Sub Core:
                                                              Core: =O
                                                            Next:
                                                              Subs: entry attach
                                                                Poses: 3
                                                                Sub Core:
                                                                  Core: OH
                                                          Interface R (connect):
                                                            Poses: 0
                                                        Next:
                                                          Subs: entry attach
                                                            Poses: 14
                                                            Group:
                                                              Interface L (connect):
                                                                Poses: 1
                                                              Core: C C C
                                                              Subs: entry attach
                                                                Poses: 3
                                                                Sub Core:
                                                                  Core: =O
                                                                Next:
                                                                  Subs: entry attach
                                                                    Poses: 3
                                                                    Sub Core:
                                                                      Core: OH
                                                              Interface R (connect):
                                                                Poses: 0
  Interface R (connect):
    Poses: 0
IR:
C(1,2,15,16,2,0,0)
C(2,3,1,1,20,0,0)
C(3,4,2,4,0,0,0)
C(4,5,3,3,0,0,0)
C(5,6,4,17,6,0,0)
C(6,7,5,5,26,0,0)
C(7,8,6,8,0,0,0)
C(8,9,7,7,0,0,0)
C(9,10,8,18,10,0,0)
C(10,11,9,9,32,0,0)
C(11,12,10,12,0,0,0)
C(12,13,11,11,0,0,0)
C(13,14,12,19,14,0,0)
C(14,15,13,13,38,0,0)
C(15,1,14,0,0,0,0)
N(16,1,0,0,0,0,0)
N(17,5,0,0,0,0,0)
N(18,9,0,0,0,0,0)
N(19,13,0,0,0,0,0)
C(20,21,2,0,0,0,0)
C(21,20,22,25,25,0,0)
N(22,23,24,21,0,0,0)
H(23,22,0,0,0,0,0)
H(24,22,0,0,0,0,0)
O(25,21,21,0,0,0,0)
C(26,27,6,0,0,0,0)
C(27,26,28,31,31,0,0)
N(28,29,30,27,0,0,0)
H(29,28,0,0,0,0,0)
H(30,28,0,0,0,0,0)
O(31,27,27,0,0,0,0)
C(32,33,10,0,0,0,0)
C(33,32,34,0,0,0,0)
C(34,33,35,35,36,0,0)
O(35,34,34,0,0,0,0)
O(36,37,34,0,0,0,0)
H(37,36,0,0,0,0,0)
C(38,39,14,0,0,0,0)
C(39,38,40,0,0,0,0)
C(40,39,41,41,42,0,0)
O(41,40,40,0,0,0,0)
O(42,43,40,0,0,0,0)
H(43,42,0,0,0,0,0)
SVG:
<?xml version='1.0' encoding='iso-8859-1'?>
<svg version='1.1' baseProfile='full'
              xmlns='http://www.w3.org/2000/svg'
                      xmlns:rdkit='http://www.rdkit.org/xml'
                      xmlns:xlink='http://www.w3.org/1999/xlink'
                  xml:space='preserve'
width='450px' height='320px' viewBox='0 0 450 320'>
<!-- END OF HEADER -->
<rect style='opacity:1.0;fill:#FFFFFF;stroke:none' width='450.0' height='320.0' x='0.0' y='0.0'> </rect>
<path class='bond-0 atom-0 atom-1' d='M 295.3,158.8 L 293.7,129.9' style='fill:none;fill-rule:evenodd;stroke:#000000;stroke-width:2.0px;stroke-linecap:butt;stroke-linejoin:miter;stroke-opacity:1' />
<path class='bond-0 atom-0 atom-1' d='M 299.8,158.8 L 298.8,132.5' style='fill:none;fill-rule:evenodd;stroke:#000000;stroke-width:2.0px;stroke-linecap:butt;stroke-linejoin:miter;stroke-opacity:1' />
<path class='bond-1 atom-0 atom-14' d='M 299.8,158.8 L 293.7,187.8' style='fill:none;fill-rule:evenodd;stroke:#000000;stroke-width:2.0px;stroke-linecap:butt;stroke-linejoin:miter;stroke-opacity:1' />
<path class='bond-2 atom-0 atom-15' d='M 299.8,158.8 L 312.6,158.8' style='fill:none;fill-rule:evenodd;stroke:#000000;stroke-width:2.0px;stroke-linecap:butt;stroke-linejoin:miter;stroke-opacity:1' />
<path class='bond-2 atom-0 atom-15' d='M 312.6,158.8 L 325.3,158.8' style='fill:none;fill-rule:evenodd;stroke:#0000FF;stroke-width:2.0px;stroke-linecap:butt;stroke-linejoin:miter;stroke-opacity:1' />
<path class='bond-3 atom-1 atom-2' d='M 293.7,129.9 L 276.3,105.9' style='fill:none;fill-rule:evenodd;stroke:#000000;stroke-width:2.0px;stroke-linecap:butt;stroke-linejoin:miter;stroke-opacity:1' />
<path class='bond-4 atom-1 atom-19' d='M 293.7,129.9 L 320.7,117.8' style='fill:none;fill-rule:evenodd;stroke:#000000;stroke-width:2.0px;stroke-linecap:butt;stroke-linejoin:miter;stroke-opacity:1' />
<path class='bond-5 atom-2 atom-3' d='M 276.3,105.9 L 250.6,91.1' style='fill:none;fill-rule:evenodd;stroke:#000000;stroke-width:2.0px;stroke-linecap:butt;stroke-linejoin:miter;stroke-opacity:1' />
<path class='bond-5 atom-2 atom-3' d='M 273.2,109.3 L 248.4,94.9' style='fill:none;fill-rule:evenodd;stroke:#000000;stroke-width:2.0px;stroke-linecap:butt;stroke-linejoin:miter;stroke-opacity:1' />
<path class='bond-6 atom-3 atom-4' d='M 250.6,91.1 L 221.2,88.0' style='fill:none;fill-rule:evenodd;stroke:#000000;stroke-width:2.0px;stroke-linecap:butt;stroke-linejoin:miter;stroke-opacity:1' />
<path class='bond-7 atom-4 atom-5' d='M 221.6,92.5 L 193.0,97.1' style='fill:none;fill-rule:evenodd;stroke:#000000;stroke-width:2.0px;stroke-linecap:butt;stroke-linejoin:miter;stroke-opacity:1' />
<path class='bond-7 atom-4 atom-5' d='M 221.2,88.0 L 195.0,91.8' style='fill:none;fill-rule:evenodd;stroke:#000000;stroke-width:2.0px;stroke-linecap:butt;stroke-linejoin:miter;stroke-opacity:1' />
<path class='bond-8 atom-4 atom-16' d='M 221.2,88.0 L 219.9,75.8' style='fill:none;fill-rule:evenodd;stroke:#000000;stroke-width:2.0px;stroke-linecap:butt;stroke-linejoin:miter;stroke-opacity:1' />
<path class='bond-8 atom-4 atom-16' d='M 219.9,75.8 L 218.6,63.7' style='fill:none;fill-rule:evenodd;stroke:#0000FF;stroke-width:2.0px;stroke-linecap:butt;stroke-linejoin:miter;stroke-opacity:1' />
<path class='bond-9 atom-5 atom-6' d='M 193.0,97.1 L 171.0,117.0' style='fill:none;fill-rule:evenodd;stroke:#000000;stroke-width:2.0px;stroke-linecap:butt;stroke-linejoin:miter;stroke-opacity:1' />
<path class='bond-10 atom-5 atom-25' d='M 193.0,97.1 L 178.2,71.5' style='fill:none;fill-rule:evenodd;stroke:#000000;stroke-width:2.0px;stroke-linecap:butt;stroke-linejoin:miter;stroke-opacity:1' />
<path class='bond-11 atom-6 atom-7' d='M 171.0,117.0 L 158.9,144.0' style='fill:none;fill-rule:evenodd;stroke:#000000;stroke-width:2.0px;stroke-linecap:butt;stroke-linejoin:miter;stroke-opacity:1' />
<path class='bond-11 atom-6 atom-7' d='M 174.7,119.6 L 163.0,145.8' style='fill:none;fill-rule:evenodd;stroke:#000000;stroke-width:2.0px;stroke-linecap:butt;stroke-linejoin:miter;stroke-opacity:1' />
<path class='bond-12 atom-7 atom-8' d='M 158.9,144.0 L 158.9,173.6' style='fill:none;fill-rule:evenodd;stroke:#000000;stroke-width:2.0px;stroke-linecap:butt;stroke-linejoin:miter;stroke-opacity:1' />
<path class='bond-13 atom-8 atom-9' d='M 163.4,172.7 L 171.0,200.7' style='fill:none;fill-rule:evenodd;stroke:#000000;stroke-width:2.0px;stroke-linecap:butt;stroke-linejoin:miter;stroke-opacity:1' />
<path class='bond-13 atom-8 atom-9' d='M 158.9,173.6 L 165.5,199.2' style='fill:none;fill-rule:evenodd;stroke:#000000;stroke-width:2.0px;stroke-linecap:butt;stroke-linejoin:miter;stroke-opacity:1' />
<path class='bond-14 atom-8 atom-17' d='M 158.9,173.6 L 146.5,176.3' style='fill:none;fill-rule:evenodd;stroke:#000000;stroke-width:2.0px;stroke-linecap:butt;stroke-linejoin:miter;stroke-opacity:1' />
<path class='bond-14 atom-8 atom-17' d='M 146.5,176.3 L 134.1,178.9' style='fill:none;fill-rule:evenodd;stroke:#0000FF;stroke-width:2.0px;stroke-linecap:butt;stroke-linejoin:miter;stroke-opacity:1' />
<path class='bond-15 atom-9 atom-10' d='M 171.0,200.7 L 193.0,220.5' style='fill:none;fill-rule:evenodd;stroke:#000000;stroke-width:2.0px;stroke-linecap:butt;stroke-linejoin:miter;stroke-opacity:1' />
<path class='bond-16 atom-9 atom-31' d='M 171.0,200.7 L 147.0,218.1' style='fill:none;fill-rule:evenodd;stroke:#000000;stroke-width:2.0px;stroke-linecap:butt;stroke-linejoin:miter;stroke-opacity:1' />
<path class='bond-17 atom-10 atom-11' d='M 193.0,220.5 L 221.2,229.7' style='fill:none;fill-rule:evenodd;stroke:#000000;stroke-width:2.0px;stroke-linecap:butt;stroke-linejoin:miter;stroke-opacity:1' />
<path class='bond-17 atom-10 atom-11' d='M 195.3,216.6 L 222.5,225.4' style='fill:none;fill-rule:evenodd;stroke:#000000;stroke-width:2.0px;stroke-linecap:butt;stroke-linejoin:miter;stroke-opacity:1' />
<path class='bond-18 atom-11 atom-12' d='M 221.2,229.7 L 250.6,226.6' style='fill:none;fill-rule:evenodd;stroke:#000000;stroke-width:2.0px;stroke-linecap:butt;stroke-linejoin:miter;stroke-opacity:1' />
<path class='bond-19 atom-12 atom-13' d='M 249.2,222.3 L 276.3,211.8' style='fill:none;fill-rule:evenodd;stroke:#000000;stroke-width:2.0px;stroke-linecap:butt;stroke-linejoin:miter;stroke-opacity:1' />
<path class='bond-19 atom-12 atom-13' d='M 250.6,226.6 L 275.4,217.4' style='fill:none;fill-rule:evenodd;stroke:#000000;stroke-width:2.0px;stroke-linecap:butt;stroke-linejoin:miter;stroke-opacity:1' />
<path class='bond-20 atom-12 atom-18' d='M 250.6,226.6 L 254.4,238.1' style='fill:none;fill-rule:evenodd;stroke:#000000;stroke-width:2.0px;stroke-linecap:butt;stroke-linejoin:miter;stroke-opacity:1' />
<path class='bond-20 atom-12 atom-18' d='M 254.4,238.1 L 258.1,249.6' style='fill:none;fill-rule:evenodd;stroke:#0000FF;stroke-width:2.0px;stroke-linecap:butt;stroke-linejoin:miter;stroke-opacity:1' />
<path class='bond-21 atom-13 atom-14' d='M 276.3,211.8 L 293.7,187.8' style='fill:none;fill-rule:evenodd;stroke:#000000;stroke-width:2.0px;stroke-linecap:butt;stroke-linejoin:miter;stroke-opacity:1' />
<path class='bond-22 atom-13 atom-37' d='M 276.3,211.8 L 296.1,233.8' style='fill:none;fill-rule:evenodd;stroke:#000000;stroke-width:2.0px;stroke-linecap:butt;stroke-linejoin:miter;stroke-opacity:1' />
<path class='bond-23 atom-19 atom-20' d='M 320.7,117.8 L 323.8,88.4' style='fill:none;fill-rule:evenodd;stroke:#000000;stroke-width:2.0px;stroke-linecap:butt;stroke-linejoin:miter;stroke-opacity:1' />
<path class='bond-24 atom-20 atom-21' d='M 323.8,88.4 L 335.3,83.3' style='fill:none;fill-rule:evenodd;stroke:#000000;stroke-width:2.0px;stroke-linecap:butt;stroke-linejoin:miter;stroke-opacity:1' />
<path class='bond-24 atom-20 atom-21' d='M 335.3,83.3 L 346.7,78.2' style='fill:none;fill-rule:evenodd;stroke:#0000FF;stroke-width:2.0px;stroke-linecap:butt;stroke-linejoin:miter;stroke-opacity:1' />
<path class='bond-25 atom-20 atom-24' d='M 326.2,87.3 L 316.1,80.0' style='fill:none;fill-rule:evenodd;stroke:#000000;stroke-width:2.0px;stroke-linecap:butt;stroke-linejoin:miter;stroke-opacity:1' />
<path class='bond-25 atom-20 atom-24' d='M 316.1,80.0 L 306.0,72.7' style='fill:none;fill-rule:evenodd;stroke:#FF0000;stroke-width:2.0px;stroke-linecap:butt;stroke-linejoin:miter;stroke-opacity:1' />
<path class='bond-25 atom-20 atom-24' d='M 323.6,90.9 L 313.5,83.6' style='fill:none;fill-rule:evenodd;stroke:#000000;stroke-width:2.0px;stroke-linecap:butt;stroke-linejoin:miter;stroke-opacity:1' />
<path class='bond-25 atom-20 atom-24' d='M 313.5,83.6 L 303.4,76.3' style='fill:none;fill-rule:evenodd;stroke:#FF0000;stroke-width:2.0px;stroke-linecap:butt;stroke-linejoin:miter;stroke-opacity:1' />
<path class='bond-26 atom-21 atom-22' d='M 351.4,71.1 L 352.4,61.6' style='fill:none;fill-rule:evenodd;stroke:#0000FF;stroke-width:2.0px;stroke-linecap:butt;stroke-linejoin:miter;stroke-opacity:1' />
<path class='bond-26 atom-21 atom-22' d='M 352.4,61.6 L 353.4,52.0' style='fill:none;fill-rule:evenodd;stroke:#000000;stroke-width:2.0px;stroke-linecap:butt;stroke-linejoin:miter;stroke-opacity:1' />
<path class='bond-27 atom-21 atom-23' d='M 355.1,79.3 L 362.8,85.0' style='fill:none;fill-rule:evenodd;stroke:#0000FF;stroke-width:2.0px;stroke-linecap:butt;stroke-linejoin:miter;stroke-opacity:1' />
<path class='bond-27 atom-21 atom-23' d='M 362.8,85.0 L 370.6,90.6' style='fill:none;fill-rule:evenodd;stroke:#000000;stroke-width:2.0px;stroke-linecap:butt;stroke-linejoin:miter;stroke-opacity:1' />
<path class='bond-28 atom-25 atom-26' d='M 178.2,71.5 L 148.6,71.5' style='fill:none;fill-rule:evenodd;stroke:#000000;stroke-width:2.0px;stroke-linecap:butt;stroke-linejoin:miter;stroke-opacity:1' />
<path class='bond-29 atom-26 atom-27' d='M 148.6,71.5 L 142.7,61.3' style='fill:none;fill-rule:evenodd;stroke:#000000;stroke-width:2.0px;stroke-linecap:butt;stroke-linejoin:miter;stroke-opacity:1' />
<path class='bond-29 atom-26 atom-27' d='M 142.7,61.3 L 136.7,51.0' style='fill:none;fill-rule:evenodd;stroke:#0000FF;stroke-width:2.0px;stroke-linecap:butt;stroke-linejoin:miter;stroke-opacity:1' />
<path class='bond-30 atom-26 atom-30' d='M 147.3,69.3 L 141.1,80.0' style='fill:none;fill-rule:evenodd;stroke:#000000;stroke-width:2.0px;stroke-linecap:butt;stroke-linejoin:miter;stroke-opacity:1' />
<path class='bond-30 atom-26 atom-30' d='M 141.1,80.0 L 134.9,90.8' style='fill:none;fill-rule:evenodd;stroke:#FF0000;stroke-width:2.0px;stroke-linecap:butt;stroke-linejoin:miter;stroke-opacity:1' />
<path class='bond-30 atom-26 atom-30' d='M 151.1,71.5 L 144.9,82.3' style='fill:none;fill-rule:evenodd;stroke:#000000;stroke-width:2.0px;stroke-linecap:butt;stroke-linejoin:miter;stroke-opacity:1' />
<path class='bond-30 atom-26 atom-30' d='M 144.9,82.3 L 138.7,93.0' style='fill:none;fill-rule:evenodd;stroke:#FF0000;stroke-width:2.0px;stroke-linecap:butt;stroke-linejoin:miter;stroke-opacity:1' />
<path class='bond-31 atom-27 atom-28' d='M 129.6,45.8 L 119.0,45.8' style='fill:none;fill-rule:evenodd;stroke:#0000FF;stroke-width:2.0px;stroke-linecap:butt;stroke-linejoin:miter;stroke-opacity:1' />
<path class='bond-31 atom-27 atom-28' d='M 119.0,45.8 L 108.4,45.8' style='fill:none;fill-rule:evenodd;stroke:#000000;stroke-width:2.0px;stroke-linecap:butt;stroke-linejoin:miter;stroke-opacity:1' />
<path class='bond-32 atom-27 atom-29' d='M 136.7,40.7 L 141.2,33.0' style='fill:none;fill-rule:evenodd;stroke:#0000FF;stroke-width:2.0px;stroke-linecap:butt;stroke-linejoin:miter;stroke-opacity:1' />
<path class='bond-32 atom-27 atom-29' d='M 141.2,33.0 L 145.6,25.4' style='fill:none;fill-rule:evenodd;stroke:#000000;stroke-width:2.0px;stroke-linecap:butt;stroke-linejoin:miter;stroke-opacity:1' />
<path class='bond-33 atom-31 atom-32' d='M 147.0,218.1 L 150.1,247.6' style='fill:none;fill-rule:evenodd;stroke:#000000;stroke-width:2.0px;stroke-linecap:butt;stroke-linejoin:miter;stroke-opacity:1' />
<path class='bond-34 atom-32 atom-33' d='M 150.1,247.6 L 126.2,265.0' style='fill:none;fill-rule:evenodd;stroke:#000000;stroke-width:2.0px;stroke-linecap:butt;stroke-linejoin:miter;stroke-opacity:1' />
<path class='bond-35 atom-33 atom-34' d='M 123.8,263.9 L 125.2,276.7' style='fill:none;fill-rule:evenodd;stroke:#000000;stroke-width:2.0px;stroke-linecap:butt;stroke-linejoin:miter;stroke-opacity:1' />
<path class='bond-35 atom-33 atom-34' d='M 125.2,276.7 L 126.5,289.4' style='fill:none;fill-rule:evenodd;stroke:#FF0000;stroke-width:2.0px;stroke-linecap:butt;stroke-linejoin:miter;stroke-opacity:1' />
<path class='bond-35 atom-33 atom-34' d='M 128.2,263.5 L 129.6,276.2' style='fill:none;fill-rule:evenodd;stroke:#000000;stroke-width:2.0px;stroke-linecap:butt;stroke-linejoin:miter;stroke-opacity:1' />
<path class='bond-35 atom-33 atom-34' d='M 129.6,276.2 L 130.9,289.0' style='fill:none;fill-rule:evenodd;stroke:#FF0000;stroke-width:2.0px;stroke-linecap:butt;stroke-linejoin:miter;stroke-opacity:1' />
<path class='bond-36 atom-33 atom-35' d='M 126.2,265.0 L 115.0,260.0' style='fill:none;fill-rule:evenodd;stroke:#000000;stroke-width:2.0px;stroke-linecap:butt;stroke-linejoin:miter;stroke-opacity:1' />
<path class='bond-36 atom-33 atom-35' d='M 115.0,260.0 L 103.9,255.1' style='fill:none;fill-rule:evenodd;stroke:#FF0000;stroke-width:2.0px;stroke-linecap:butt;stroke-linejoin:miter;stroke-opacity:1' />
<path class='bond-37 atom-35 atom-36' d='M 94.3,256.4 L 86.8,261.8' style='fill:none;fill-rule:evenodd;stroke:#FF0000;stroke-width:2.0px;stroke-linecap:butt;stroke-linejoin:miter;stroke-opacity:1' />
<path class='bond-37 atom-35 atom-36' d='M 86.8,261.8 L 79.4,267.2' style='fill:none;fill-rule:evenodd;stroke:#000000;stroke-width:2.0px;stroke-linecap:butt;stroke-linejoin:miter;stroke-opacity:1' />
<path class='bond-38 atom-37 atom-38' d='M 296.1,233.8 L 325.1,227.6' style='fill:none;fill-rule:evenodd;stroke:#000000;stroke-width:2.0px;stroke-linecap:butt;stroke-linejoin:miter;stroke-opacity:1' />
<path class='bond-39 atom-38 atom-39' d='M 325.1,227.6 L 344.9,249.6' style='fill:none;fill-rule:evenodd;stroke:#000000;stroke-width:2.0px;stroke-linecap:butt;stroke-linejoin:miter;stroke-opacity:1' />
<path class='bond-40 atom-39 atom-40' d='M 344.1,252.1 L 356.8,249.4' style='fill:none;fill-rule:evenodd;stroke:#000000;stroke-width:2.0px;stroke-linecap:butt;stroke-linejoin:miter;stroke-opacity:1' />
<path class='bond-40 atom-39 atom-40' d='M 356.8,249.4 L 369.5,246.7' style='fill:none;fill-rule:evenodd;stroke:#FF0000;stroke-width:2.0px;stroke-linecap:butt;stroke-linejoin:miter;stroke-opacity:1' />
<path class='bond-40 atom-39 atom-40' d='M 343.2,247.7 L 355.9,245.0' style='fill:none;fill-rule:evenodd;stroke:#000000;stroke-width:2.0px;stroke-linecap:butt;stroke-linejoin:miter;stroke-opacity:1' />
<path class='bond-40 atom-39 atom-40' d='M 355.9,245.0 L 368.6,242.3' style='fill:none;fill-rule:evenodd;stroke:#FF0000;stroke-width:2.0px;stroke-linecap:butt;stroke-linejoin:miter;stroke-opacity:1' />
<path class='bond-41 atom-39 atom-41' d='M 344.9,249.6 L 341.2,261.1' style='fill:none;fill-rule:evenodd;stroke:#000000;stroke-width:2.0px;stroke-linecap:butt;stroke-linejoin:miter;stroke-opacity:1' />
<path class='bond-41 atom-39 atom-41' d='M 341.2,261.1 L 337.4,272.6' style='fill:none;fill-rule:evenodd;stroke:#FF0000;stroke-width:2.0px;stroke-linecap:butt;stroke-linejoin:miter;stroke-opacity:1' />
<path class='bond-42 atom-41 atom-42' d='M 340.5,283.1 L 345.9,289.1' style='fill:none;fill-rule:evenodd;stroke:#FF0000;stroke-width:2.0px;stroke-linecap:butt;stroke-linejoin:miter;stroke-opacity:1' />
<path class='bond-42 atom-41 atom-42' d='M 345.9,289.1 L 351.3,295.1' style='fill:none;fill-rule:evenodd;stroke:#000000;stroke-width:2.0px;stroke-linecap:butt;stroke-linejoin:miter;stroke-opacity:1' />
<path class='bond-43 atom-15 atom-43' d='M 332.4,164.0 L 336.9,171.7' style='fill:none;fill-rule:evenodd;stroke:#0000FF;stroke-width:2.0px;stroke-linecap:butt;stroke-linejoin:miter;stroke-opacity:1' />
<path class='bond-43 atom-15 atom-43' d='M 336.9,171.7 L 341.3,179.3' style='fill:none;fill-rule:evenodd;stroke:#000000;stroke-width:2.0px;stroke-linecap:butt;stroke-linejoin:miter;stroke-opacity:1' />
<path class='bond-44 atom-15 atom-44' d='M 332.4,153.7 L 336.9,146.0' style='fill:none;fill-rule:evenodd;stroke:#0000FF;stroke-width:2.0px;stroke-linecap:butt;stroke-linejoin:miter;stroke-opacity:1' />
<path class='bond-44 atom-15 atom-44' d='M 336.9,146.0 L 341.3,138.4' style='fill:none;fill-rule:evenodd;stroke:#000000;stroke-width:2.0px;stroke-linecap:butt;stroke-linejoin:miter;stroke-opacity:1' />
<path class='bond-45 atom-16 atom-45' d='M 222.2,55.5 L 230.0,49.9' style='fill:none;fill-rule:evenodd;stroke:#0000FF;stroke-width:2.0px;stroke-linecap:butt;stroke-linejoin:miter;stroke-opacity:1' />
<path class='bond-45 atom-16 atom-45' d='M 230.0,49.9 L 237.8,44.2' style='fill:none;fill-rule:evenodd;stroke:#000000;stroke-width:2.0px;stroke-linecap:butt;stroke-linejoin:miter;stroke-opacity:1' />
<path class='bond-46 atom-16 atom-46' d='M 213.9,56.7 L 204.6,52.5' style='fill:none;fill-rule:evenodd;stroke:#0000FF;stroke-width:2.0px;stroke-linecap:butt;stroke-linejoin:miter;stroke-opacity:1' />
<path class='bond-46 atom-16 atom-46' d='M 204.6,52.5 L 195.3,48.4' style='fill:none;fill-rule:evenodd;stroke:#000000;stroke-width:2.0px;stroke-linecap:butt;stroke-linejoin:miter;stroke-opacity:1' />
<path class='bond-47 atom-17 atom-47' d='M 125.8,175.2 L 120.1,168.8' style='fill:none;fill-rule:evenodd;stroke:#0000FF;stroke-width:2.0px;stroke-linecap:butt;stroke-linejoin:miter;stroke-opacity:1' />
<path class='bond-47 atom-17 atom-47' d='M 120.1,168.8 L 114.4,162.5' style='fill:none;fill-rule:evenodd;stroke:#000000;stroke-width:2.0px;stroke-linecap:butt;stroke-linejoin:miter;stroke-opacity:1' />
<path class='bond-48 atom-17 atom-48' d='M 128.3,185.0 L 125.4,193.9' style='fill:none;fill-rule:evenodd;stroke:#0000FF;stroke-width:2.0px;stroke-linecap:butt;stroke-linejoin:miter;stroke-opacity:1' />
<path class='bond-48 atom-17 atom-48' d='M 125.4,193.9 L 122.5,202.8' style='fill:none;fill-rule:evenodd;stroke:#000000;stroke-width:2.0px;stroke-linecap:butt;stroke-linejoin:miter;stroke-opacity:1' />
<path class='bond-49 atom-18 atom-49' d='M 255.6,259.4 L 249.9,265.7' style='fill:none;fill-rule:evenodd;stroke:#0000FF;stroke-width:2.0px;stroke-linecap:butt;stroke-linejoin:miter;stroke-opacity:1' />
<path class='bond-49 atom-18 atom-49' d='M 249.9,265.7 L 244.2,272.0' style='fill:none;fill-rule:evenodd;stroke:#000000;stroke-width:2.0px;stroke-linecap:butt;stroke-linejoin:miter;stroke-opacity:1' />
<path class='bond-50 atom-18 atom-50' d='M 263.9,255.6 L 274.2,257.8' style='fill:none;fill-rule:evenodd;stroke:#0000FF;stroke-width:2.0px;stroke-linecap:butt;stroke-linejoin:miter;stroke-opacity:1' />
<path class='bond-50 atom-18 atom-50' d='M 274.2,257.8 L 284.5,260.0' style='fill:none;fill-rule:evenodd;stroke:#000000;stroke-width:2.0px;stroke-linecap:butt;stroke-linejoin:miter;stroke-opacity:1' />
<path d='M 277.1,107.1 L 276.3,105.9 L 275.0,105.2' style='fill:none;stroke:#000000;stroke-width:2.0px;stroke-linecap:butt;stroke-linejoin:miter;stroke-opacity:1;' />
<path d='M 251.9,91.8 L 250.6,91.1 L 249.2,90.9' style='fill:none;stroke:#000000;stroke-width:2.0px;stroke-linecap:butt;stroke-linejoin:miter;stroke-opacity:1;' />
<path d='M 172.1,116.0 L 171.0,117.0 L 170.4,118.3' style='fill:none;stroke:#000000;stroke-width:2.0px;stroke-linecap:butt;stroke-linejoin:miter;stroke-opacity:1;' />
<path d='M 159.5,142.7 L 158.9,144.0 L 158.9,145.5' style='fill:none;stroke:#000000;stroke-width:2.0px;stroke-linecap:butt;stroke-linejoin:miter;stroke-opacity:1;' />
<path d='M 191.9,219.5 L 193.0,220.5 L 194.4,221.0' style='fill:none;stroke:#000000;stroke-width:2.0px;stroke-linecap:butt;stroke-linejoin:miter;stroke-opacity:1;' />
<path d='M 219.8,229.2 L 221.2,229.7 L 222.6,229.5' style='fill:none;stroke:#000000;stroke-width:2.0px;stroke-linecap:butt;stroke-linejoin:miter;stroke-opacity:1;' />
<path d='M 294.0,186.4 L 293.7,187.8 L 292.8,189.0' style='fill:none;stroke:#000000;stroke-width:2.0px;stroke-linecap:butt;stroke-linejoin:miter;stroke-opacity:1;' />
<path d='M 319.4,118.4 L 320.7,117.8 L 320.9,116.3' style='fill:none;stroke:#000000;stroke-width:2.0px;stroke-linecap:butt;stroke-linejoin:miter;stroke-opacity:1;' />
<path d='M 323.7,89.8 L 323.8,88.4 L 324.4,88.1' style='fill:none;stroke:#000000;stroke-width:2.0px;stroke-linecap:butt;stroke-linejoin:miter;stroke-opacity:1;' />
<path d='M 178.9,72.8 L 178.2,71.5 L 176.7,71.5' style='fill:none;stroke:#000000;stroke-width:2.0px;stroke-linecap:butt;stroke-linejoin:miter;stroke-opacity:1;' />
<path d='M 150.1,71.5 L 148.6,71.5 L 148.3,71.0' style='fill:none;stroke:#000000;stroke-width:2.0px;stroke-linecap:butt;stroke-linejoin:miter;stroke-opacity:1;' />
<path d='M 148.2,217.2 L 147.0,218.1 L 147.2,219.6' style='fill:none;stroke:#000000;stroke-width:2.0px;stroke-linecap:butt;stroke-linejoin:miter;stroke-opacity:1;' />
<path d='M 150.0,246.1 L 150.1,247.6 L 148.9,248.4' style='fill:none;stroke:#000000;stroke-width:2.0px;stroke-linecap:butt;stroke-linejoin:miter;stroke-opacity:1;' />
<path d='M 127.4,264.1 L 126.2,265.0 L 125.6,264.7' style='fill:none;stroke:#000000;stroke-width:2.0px;stroke-linecap:butt;stroke-linejoin:miter;stroke-opacity:1;' />
<path d='M 295.1,232.7 L 296.1,233.8 L 297.5,233.5' style='fill:none;stroke:#000000;stroke-width:2.0px;stroke-linecap:butt;stroke-linejoin:miter;stroke-opacity:1;' />
<path d='M 323.6,227.9 L 325.1,227.6 L 326.1,228.7' style='fill:none;stroke:#000000;stroke-width:2.0px;stroke-linecap:butt;stroke-linejoin:miter;stroke-opacity:1;' />
<path d='M 343.9,248.5 L 344.9,249.6 L 344.7,250.2' style='fill:none;stroke:#000000;stroke-width:2.0px;stroke-linecap:butt;stroke-linejoin:miter;stroke-opacity:1;' />
<path class='atom-15' d='M 327.6 154.6
L 330.4 159.1
Q 330.6 159.5, 331.1 160.3
Q 331.5 161.1, 331.5 161.2
L 331.5 154.6
L 332.6 154.6
L 332.6 163.0
L 331.5 163.0
L 328.5 158.2
Q 328.2 157.6, 327.8 156.9
Q 327.5 156.3, 327.4 156.1
L 327.4 163.0
L 326.3 163.0
L 326.3 154.6
L 327.6 154.6
' fill='#0000FF'/>
<path class='atom-16' d='M 216.2 54.3
L 219.0 58.8
Q 219.2 59.2, 219.7 60.0
Q 220.1 60.8, 220.1 60.9
L 220.1 54.3
L 221.3 54.3
L 221.3 62.7
L 220.1 62.7
L 217.2 57.9
Q 216.8 57.3, 216.4 56.7
Q 216.1 56.0, 216.0 55.8
L 216.0 62.7
L 214.9 62.7
L 214.9 54.3
L 216.2 54.3
' fill='#0000FF'/>
<path class='atom-17' d='M 128.1 175.6
L 130.9 180.0
Q 131.1 180.5, 131.6 181.3
Q 132.0 182.1, 132.0 182.1
L 132.0 175.6
L 133.2 175.6
L 133.2 184.0
L 132.0 184.0
L 129.1 179.1
Q 128.7 178.6, 128.3 177.9
Q 128.0 177.3, 127.9 177.1
L 127.9 184.0
L 126.8 184.0
L 126.8 175.6
L 128.1 175.6
' fill='#0000FF'/>
<path class='atom-18' d='M 257.9 250.5
L 260.7 255.0
Q 260.9 255.4, 261.4 256.2
Q 261.8 257.0, 261.8 257.1
L 261.8 250.5
L 263.0 250.5
L 263.0 258.9
L 261.8 258.9
L 258.9 254.1
Q 258.5 253.5, 258.1 252.9
Q 257.8 252.2, 257.7 252.0
L 257.7 258.9
L 256.6 258.9
L 256.6 250.5
L 257.9 250.5
' fill='#0000FF'/>
<path class='atom-21' d='M 349.0 72.1
L 351.8 76.6
Q 352.1 77.0, 352.5 77.8
Q 352.9 78.6, 353.0 78.6
L 353.0 72.1
L 354.1 72.1
L 354.1 80.5
L 352.9 80.5
L 350.0 75.6
Q 349.6 75.1, 349.3 74.4
Q 348.9 73.8, 348.8 73.6
L 348.8 80.5
L 347.7 80.5
L 347.7 72.1
L 349.0 72.1
' fill='#0000FF'/>
<path class='atom-22' d='M 350.7 42.7
L 351.8 42.7
L 351.8 46.2
L 356.1 46.2
L 356.1 42.7
L 357.3 42.7
L 357.3 51.0
L 356.1 51.0
L 356.1 47.2
L 351.8 47.2
L 351.8 51.0
L 350.7 51.0
L 350.7 42.7
' fill='#000000'/>
<path class='atom-23' d='M 371.6 89.5
L 372.7 89.5
L 372.7 93.1
L 377.0 93.1
L 377.0 89.5
L 378.1 89.5
L 378.1 97.9
L 377.0 97.9
L 377.0 94.0
L 372.7 94.0
L 372.7 97.9
L 371.6 97.9
L 371.6 89.5
' fill='#000000'/>
<path class='atom-24' d='M 296.0 71.0
Q 296.0 69.0, 297.0 67.8
Q 298.0 66.7, 299.9 66.7
Q 301.7 66.7, 302.7 67.8
Q 303.7 69.0, 303.7 71.0
Q 303.7 73.0, 302.7 74.2
Q 301.7 75.3, 299.9 75.3
Q 298.0 75.3, 297.0 74.2
Q 296.0 73.0, 296.0 71.0
M 299.9 74.4
Q 301.2 74.4, 301.8 73.5
Q 302.5 72.7, 302.5 71.0
Q 302.5 69.3, 301.8 68.5
Q 301.2 67.7, 299.9 67.7
Q 298.6 67.7, 297.9 68.5
Q 297.2 69.3, 297.2 71.0
Q 297.2 72.7, 297.9 73.5
Q 298.6 74.4, 299.9 74.4
' fill='#FF0000'/>
<path class='atom-27' d='M 131.9 41.7
L 134.7 46.1
Q 134.9 46.5, 135.4 47.3
Q 135.8 48.1, 135.8 48.2
L 135.8 41.7
L 136.9 41.7
L 136.9 50.0
L 135.8 50.0
L 132.8 45.2
Q 132.5 44.6, 132.1 44.0
Q 131.8 43.3, 131.7 43.1
L 131.7 50.0
L 130.6 50.0
L 130.6 41.7
L 131.9 41.7
' fill='#0000FF'/>
<path class='atom-28' d='M 100.9 41.7
L 102.0 41.7
L 102.0 45.2
L 106.3 45.2
L 106.3 41.7
L 107.4 41.7
L 107.4 50.0
L 106.3 50.0
L 106.3 46.2
L 102.0 46.2
L 102.0 50.0
L 100.9 50.0
L 100.9 41.7
' fill='#000000'/>
<path class='atom-29' d='M 145.3 16.0
L 146.4 16.0
L 146.4 19.6
L 150.7 19.6
L 150.7 16.0
L 151.9 16.0
L 151.9 24.4
L 150.7 24.4
L 150.7 20.5
L 146.4 20.5
L 146.4 24.4
L 145.3 24.4
L 145.3 16.0
' fill='#000000'/>
<path class='atom-30' d='M 129.9 97.2
Q 129.9 95.2, 130.9 94.0
Q 131.9 92.9, 133.8 92.9
Q 135.6 92.9, 136.6 94.0
Q 137.6 95.2, 137.6 97.2
Q 137.6 99.2, 136.6 100.4
Q 135.6 101.5, 133.8 101.5
Q 131.9 101.5, 130.9 100.4
Q 129.9 99.2, 129.9 97.2
M 133.8 100.6
Q 135.0 100.6, 135.7 99.7
Q 136.4 98.9, 136.4 97.2
Q 136.4 95.5, 135.7 94.7
Q 135.0 93.9, 133.8 93.9
Q 132.5 93.9, 131.8 94.7
Q 131.1 95.5, 131.1 97.2
Q 131.1 98.9, 131.8 99.7
Q 132.5 100.6, 133.8 100.6
' fill='#FF0000'/>
<path class='atom-34' d='M 125.4 294.5
Q 125.4 292.4, 126.4 291.3
Q 127.4 290.2, 129.3 290.2
Q 131.1 290.2, 132.1 291.3
Q 133.1 292.4, 133.1 294.5
Q 133.1 296.5, 132.1 297.7
Q 131.1 298.8, 129.3 298.8
Q 127.4 298.8, 126.4 297.7
Q 125.4 296.5, 125.4 294.5
M 129.3 297.9
Q 130.5 297.9, 131.2 297.0
Q 131.9 296.1, 131.9 294.5
Q 131.9 292.8, 131.2 292.0
Q 130.5 291.1, 129.3 291.1
Q 128.0 291.1, 127.3 292.0
Q 126.6 292.8, 126.6 294.5
Q 126.6 296.1, 127.3 297.0
Q 128.0 297.9, 129.3 297.9
' fill='#FF0000'/>
<path class='atom-35' d='M 95.3 252.9
Q 95.3 250.9, 96.2 249.8
Q 97.2 248.7, 99.1 248.7
Q 101.0 248.7, 102.0 249.8
Q 103.0 250.9, 103.0 252.9
Q 103.0 255.0, 101.9 256.1
Q 100.9 257.3, 99.1 257.3
Q 97.3 257.3, 96.2 256.1
Q 95.3 255.0, 95.3 252.9
M 99.1 256.3
Q 100.4 256.3, 101.1 255.5
Q 101.8 254.6, 101.8 252.9
Q 101.8 251.3, 101.1 250.5
Q 100.4 249.6, 99.1 249.6
Q 97.8 249.6, 97.1 250.5
Q 96.4 251.3, 96.4 252.9
Q 96.4 254.6, 97.1 255.5
Q 97.8 256.3, 99.1 256.3
' fill='#FF0000'/>
<path class='atom-36' d='M 71.9 266.1
L 73.0 266.1
L 73.0 269.7
L 77.3 269.7
L 77.3 266.1
L 78.4 266.1
L 78.4 274.5
L 77.3 274.5
L 77.3 270.7
L 73.0 270.7
L 73.0 274.5
L 71.9 274.5
L 71.9 266.1
' fill='#000000'/>
<path class='atom-40' d='M 370.0 243.5
Q 370.0 241.5, 371.0 240.4
Q 372.0 239.2, 373.9 239.2
Q 375.7 239.2, 376.7 240.4
Q 377.7 241.5, 377.7 243.5
Q 377.7 245.5, 376.7 246.7
Q 375.7 247.8, 373.9 247.8
Q 372.0 247.8, 371.0 246.7
Q 370.0 245.5, 370.0 243.5
M 373.9 246.9
Q 375.1 246.9, 375.8 246.0
Q 376.5 245.2, 376.5 243.5
Q 376.5 241.8, 375.8 241.0
Q 375.1 240.2, 373.9 240.2
Q 372.6 240.2, 371.9 241.0
Q 371.2 241.8, 371.2 243.5
Q 371.2 245.2, 371.9 246.0
Q 372.6 246.9, 373.9 246.9
' fill='#FF0000'/>
<path class='atom-41' d='M 331.9 277.8
Q 331.9 275.8, 332.9 274.7
Q 333.9 273.6, 335.7 273.6
Q 337.6 273.6, 338.6 274.7
Q 339.6 275.8, 339.6 277.8
Q 339.6 279.9, 338.6 281.0
Q 337.6 282.2, 335.7 282.2
Q 333.9 282.2, 332.9 281.0
Q 331.9 279.9, 331.9 277.8
M 335.7 281.2
Q 337.0 281.2, 337.7 280.4
Q 338.4 279.5, 338.4 277.8
Q 338.4 276.2, 337.7 275.3
Q 337.0 274.5, 335.7 274.5
Q 334.5 274.5, 333.8 275.3
Q 333.1 276.2, 333.1 277.8
Q 333.1 279.5, 333.8 280.4
Q 334.5 281.2, 335.7 281.2
' fill='#FF0000'/>
<path class='atom-42' d='M 352.3 295.6
L 353.4 295.6
L 353.4 299.2
L 357.7 299.2
L 357.7 295.6
L 358.8 295.6
L 358.8 304.0
L 357.7 304.0
L 357.7 300.1
L 353.4 300.1
L 353.4 304.0
L 352.3 304.0
L 352.3 295.6
' fill='#000000'/>
<path class='atom-43' d='M 341.0 180.3
L 342.1 180.3
L 342.1 183.9
L 346.4 183.9
L 346.4 180.3
L 347.6 180.3
L 347.6 188.7
L 346.4 188.7
L 346.4 184.8
L 342.1 184.8
L 342.1 188.7
L 341.0 188.7
L 341.0 180.3
' fill='#000000'/>
<path class='atom-44' d='M 341.0 129.0
L 342.1 129.0
L 342.1 132.6
L 346.4 132.6
L 346.4 129.0
L 347.6 129.0
L 347.6 137.4
L 346.4 137.4
L 346.4 133.5
L 342.1 133.5
L 342.1 137.4
L 341.0 137.4
L 341.0 129.0
' fill='#000000'/>
<path class='atom-45' d='M 238.8 36.9
L 239.9 36.9
L 239.9 40.5
L 244.2 40.5
L 244.2 36.9
L 245.3 36.9
L 245.3 45.3
L 244.2 45.3
L 244.2 41.4
L 239.9 41.4
L 239.9 45.3
L 238.8 45.3
L 238.8 36.9
' fill='#000000'/>
<path class='atom-46' d='M 187.7 42.3
L 188.9 42.3
L 188.9 45.9
L 193.2 45.9
L 193.2 42.3
L 194.3 42.3
L 194.3 50.7
L 193.2 50.7
L 193.2 46.8
L 188.9 46.8
L 188.9 50.7
L 187.7 50.7
L 187.7 42.3
' fill='#000000'/>
<path class='atom-47' d='M 106.9 153.6
L 108.0 153.6
L 108.0 157.2
L 112.3 157.2
L 112.3 153.6
L 113.4 153.6
L 113.4 162.0
L 112.3 162.0
L 112.3 158.1
L 108.0 158.1
L 108.0 162.0
L 106.9 162.0
L 106.9 153.6
' fill='#000000'/>
<path class='atom-48' d='M 117.5 203.8
L 118.7 203.8
L 118.7 207.3
L 123.0 207.3
L 123.0 203.8
L 124.1 203.8
L 124.1 212.2
L 123.0 212.2
L 123.0 208.3
L 118.7 208.3
L 118.7 212.2
L 117.5 212.2
L 117.5 203.8
' fill='#000000'/>
<path class='atom-49' d='M 236.7 272.6
L 237.8 272.6
L 237.8 276.1
L 242.1 276.1
L 242.1 272.6
L 243.2 272.6
L 243.2 280.9
L 242.1 280.9
L 242.1 277.1
L 237.8 277.1
L 237.8 280.9
L 236.7 280.9
L 236.7 272.6
' fill='#000000'/>
<path class='atom-50' d='M 285.5 256.7
L 286.6 256.7
L 286.6 260.3
L 290.9 260.3
L 290.9 256.7
L 292.0 256.7
L 292.0 265.1
L 290.9 265.1
L 290.9 261.2
L 286.6 261.2
L 286.6 265.1
L 285.5 265.1
L 285.5 256.7
' fill='#000000'/>
</svg>

