Tokens:
LParen	(	0
Digit	0	1
RParen	)	2
Keyword	16R	3
Sep	,	6
Digit	1	7
Haf	-	8
Keyword	N	9
Sep	,	10
Digit	5	11
Haf	-	12
Keyword	N	13
Sep	,	14
Digit	9	15
Haf	-	16
Keyword	N	17
Sep	,	18
Digit	13	19
Haf	-	21
Keyword	N	22
Sep	,	23
Digit	1	24
Haf	-	25
Keyword	=	26
Sep	,	27
Digit	3	28
Haf	-	29
Keyword	=	30
Sep	,	31
Digit	5	32
Haf	-	33
Keyword	=	34
Sep	,	35
Digit	7	36
Haf	-	37
Keyword	=	38
Sep	,	39
Digit	9	40
Haf	-	41
Keyword	=	42
Sep	,	43
Digit	11	44
Haf	-	46
Keyword	=	47
Sep	,	48
Digit	13	49
Haf	-	51
Keyword	=	52
Sep	,	53
Digit	2	54
Haf	-	55
Keyword	Me	56
Sep	,	58
Digit	6	59
Haf	-	60
Keyword	Me	61
Sep	,	63
Digit	10	64
Haf	-	66
LStr	[	67
LParen	(	68
Digit	1	69
RParen	)	70
Keyword	20L	71
Sep	,	74
Digit	3	75
Haf	-	76
Keyword	=	77
Sep	,	78
Digit	7	79
Haf	-	80
Keyword	=	81
Sep	,	82
Digit	11	83
Haf	-	85
Keyword	=	86
Sep	,	87
Digit	15	88
Haf	-	90
Keyword	=	91
Sep	,	92
Digit	3	93
Haf	-	94
Keyword	Me	95
Sep	,	97
Digit	7	98
Haf	-	99
Keyword	Me	100
Sep	,	102
Digit	11	103
Haf	-	105
Keyword	Me	106
Sep	,	108
Digit	15	109
Haf	-	111
Keyword	Me	112
Sep	,	114
LParen	(	115
Digit	0	116
RParen	)	117
RStr	]	118
Sep	,	119
Digit	14	120
Haf	-	122
LStr	[	123
LParen	(	124
Digit	1	125
RParen	)	126
Keyword	C	127
Keyword	C	128
Sep	,	129
Digit	2	130
Haf	-	131
Keyword	=O	132
Sep	,	134
LParen	(	135
Digit	0	136
RParen	)	137
RStr	]	138
Sep	,	139
LParen	(	140
Digit	0	141
RParen	)	142
Semi	;	143
End		144
AST:
CPO #1:
  Interface L (connect):
    Poses: 0
  Core: 16R
  Subs: entry attach
    Poses: 1
    Sub Core:
      Core: N
    Next:
      Subs: entry attach
        Poses: 5
        Sub Core:
          Core: N
        Next:
          Subs: entry attach
            Poses: 9
            Sub Core:
              Core: N
            Next:
              Subs: entry attach
                Poses: 13
                Sub Core:
                  Core: N
                Next:
                  Subs: entry attach
                    Poses: 1
                    Sub Core:
                      Core: =
                    Next:
                      Subs: entry attach
                        Poses: 3
                        Sub Core:
                          Core: =
                        Next:
                          Subs: entry attach
                            Poses: 5
                            Sub Core:
                              Core: =
                            Next:
                              Subs: entry attach
                                Poses: 7
                                Sub Core:
                                  Core: =
                                Next:
                                  Subs: entry attach
                                    Poses: 9
                                    Sub Core:
                                      Core: =
                                    Next:
                                      Subs: entry attach
                                        Poses: 11
                                        Sub Core:
                                          Core: =
                                        Next:
                                          Subs: entry attach
                                            Poses: 13
                                            Sub Core:
                                              Core: =
                                            Next:
                                              Subs: entry attach
                                                Poses: 2
                                                Sub Core:
                                                  Core: Me
                                                Next:
                                                  Subs: entry attach
                                                    Poses: 6
                                                    Sub Core:
                                                      Core: Me
                                                    Next:
                                                      Subs: entry attach
                                                        Poses: 10
                                                        Group:
                                                          Interface L (connect):
                                                            Poses: 1
                                                          Core: 20L
                                                          Subs: entry attach
                                                            Poses: 3
                                                            Sub Core:
                                                              Core: =
                                                            Next:
                                                              Subs: entry attach
                                                                Poses: 7
                                                                Sub Core:
                                                                  Core: =
                                                                Next:
                                                                  Subs: entry attach
                                                                    Poses: 11
                                                                    Sub Core:
                                                                      Core: =
                                                                    Next:
                                                                      Subs: entry attach
                                                                        Poses: 15
                                                                        Sub Core:
                                                                          Core: =
                                                                        Next:
                                                                          Subs: entry attach
                                                                            Poses: 3
                                                                            Sub Core:
                                                                              Core: Me
                                                                            Next:
                                                                              Subs: entry attach
                                                                                Poses: 7
                                                                                Sub Core:
                                                                                  Core: Me
                                                                                Next:
                                                                                  Subs: entry attach
                                                                                    Poses: 11
                                                                                    Sub Core:
                                                                                      Core: Me
                                                                                    Next:
                                                                                      Subs: entry attach
                                                                                        Poses: 15
                                                                                        Sub Core:
                                                                                          Core: Me
                                                          Interface R (connect):
                                                            Poses: 0
                                                        Next:
                                                          Subs: entry attach
                                                            Poses: 14
                                                            Group:
                                                              Interface L (connect):
                                                                Poses: 1
                                                              Core: C C
                                                              Subs: entry attach
                                                                Poses: 2
                                                                Sub Core:
                                                                  Core: =O
                                                              Interface R (connect):
                                                                Poses: 0
  Interface R (connect):
    Poses: 0
IR:
C(1,2,16,17,2,0,0)
C(2,3,1,1,21,0,0)
C(3,4,2,4,0,0,0)
C(4,5,3,3,0,0,0)
C(5,6,4,18,6,0,0)
C(6,7,5,5,22,0,0)
C(7,8,6,8,0,0,0)
C(8,9,7,7,0,0,0)
C(9,10,8,19,10,0,0)
C(10,11,9,9,23,0,0)
C(11,12,10,12,0,0,0)
C(12,13,11,11,0,0,0)
C(13,14,12,20,14,0,0)
C(14,15,13,13,47,0,0)
C(15,16,14,0,0,0,0)
C(16,1,15,0,0,0,0)
N(17,1,0,0,0,0,0)
N(18,5,0,0,0,0,0)
N(19,9,0,0,0,0,0)
N(20,13,0,0,0,0,0)
C(21,2,0,0,0,0,0)
C(22,6,0,0,0,0,0)
C(23,24,10,0,0,0,0)
C(24,23,25,0,0,0,0)
C(25,24,26,26,43,0,0)
C(26,25,27,25,0,0,0)
C(27,26,28,0,0,0,0)
C(28,27,29,0,0,0,0)
C(29,28,30,30,44,0,0)
C(30,29,31,29,0,0,0)
C(31,30,32,0,0,0,0)
C(32,31,33,0,0,0,0)
C(33,32,34,34,45,0,0)
C(34,33,35,33,0,0,0)
C(35,34,36,0,0,0,0)
C(36,35,37,0,0,0,0)
C(37,36,38,38,46,0,0)
C(38,37,39,37,0,0,0)
C(39,38,40,0,0,0,0)
C(40,39,41,0,0,0,0)
C(41,40,42,0,0,0,0)
C(42,41,0,0,0,0,0)
C(43,25,0,0,0,0,0)
C(44,29,0,0,0,0,0)
C(45,33,0,0,0,0,0)
C(46,37,0,0,0,0,0)
C(47,48,14,0,0,0,0)
C(48,47,49,49,0,0,0)
O(49,48,48,0,0,0,0)
SVG:
<?xml version='1.0' encoding='iso-8859-1'?>
<svg version='1.1' baseProfile='full'
              xmlns='http://www.w3.org/2000/svg'
                      xmlns:rdkit='http://www.rdkit.org/xml'
                      xmlns:xlink='http://www.w3.org/1999/xlink'
                  xml:space='preserve'
width='450px' height='320px' viewBox='0 0 450 320'>
<!-- END OF HEADER -->
<rect style='opacity:1.0;fill:#FFFFFF;stroke:none' width='450.0' height='320.0' x='0.0' y='0.0'> </rect>
<path class='bond-0 atom-0 atom-1' d='M 401.0,208.6 L 400.1,229.3' style='fill:none;fill-rule:evenodd;stroke:#000000;stroke-width:2.0px;stroke-linecap:butt;stroke-linejoin:miter;stroke-opacity:1' />
<path class='bond-0 atom-0 atom-1' d='M 404.2,208.6 L 403.7,227.3' style='fill:none;fill-rule:evenodd;stroke:#000000;stroke-width:2.0px;stroke-linecap:butt;stroke-linejoin:miter;stroke-opacity:1' />
<path class='bond-1 atom-0 atom-15' d='M 404.2,208.6 L 400.1,188.0' style='fill:none;fill-rule:evenodd;stroke:#000000;stroke-width:2.0px;stroke-linecap:butt;stroke-linejoin:miter;stroke-opacity:1' />
<path class='bond-2 atom-0 atom-16' d='M 404.2,208.6 L 413.2,208.6' style='fill:none;fill-rule:evenodd;stroke:#000000;stroke-width:2.0px;stroke-linecap:butt;stroke-linejoin:miter;stroke-opacity:1' />
<path class='bond-2 atom-0 atom-16' d='M 413.2,208.6 L 422.3,208.6' style='fill:none;fill-rule:evenodd;stroke:#0000FF;stroke-width:2.0px;stroke-linecap:butt;stroke-linejoin:miter;stroke-opacity:1' />
<path class='bond-3 atom-1 atom-2' d='M 400.1,229.3 L 388.4,246.8' style='fill:none;fill-rule:evenodd;stroke:#000000;stroke-width:2.0px;stroke-linecap:butt;stroke-linejoin:miter;stroke-opacity:1' />
<path class='bond-4 atom-1 atom-20' d='M 400.1,229.3 L 419.5,237.3' style='fill:none;fill-rule:evenodd;stroke:#000000;stroke-width:2.0px;stroke-linecap:butt;stroke-linejoin:miter;stroke-opacity:1' />
<path class='bond-5 atom-2 atom-3' d='M 388.4,246.8 L 370.9,258.5' style='fill:none;fill-rule:evenodd;stroke:#000000;stroke-width:2.0px;stroke-linecap:butt;stroke-linejoin:miter;stroke-opacity:1' />
<path class='bond-5 atom-2 atom-3' d='M 386.1,244.5 L 369.1,255.8' style='fill:none;fill-rule:evenodd;stroke:#000000;stroke-width:2.0px;stroke-linecap:butt;stroke-linejoin:miter;stroke-opacity:1' />
<path class='bond-6 atom-3 atom-4' d='M 370.9,258.5 L 350.2,262.6' style='fill:none;fill-rule:evenodd;stroke:#000000;stroke-width:2.0px;stroke-linecap:butt;stroke-linejoin:miter;stroke-opacity:1' />
<path class='bond-7 atom-4 atom-5' d='M 350.2,259.4 L 329.6,258.5' style='fill:none;fill-rule:evenodd;stroke:#000000;stroke-width:2.0px;stroke-linecap:butt;stroke-linejoin:miter;stroke-opacity:1' />
<path class='bond-7 atom-4 atom-5' d='M 350.2,262.6 L 331.5,262.1' style='fill:none;fill-rule:evenodd;stroke:#000000;stroke-width:2.0px;stroke-linecap:butt;stroke-linejoin:miter;stroke-opacity:1' />
<path class='bond-8 atom-4 atom-17' d='M 350.2,262.6 L 350.2,271.3' style='fill:none;fill-rule:evenodd;stroke:#000000;stroke-width:2.0px;stroke-linecap:butt;stroke-linejoin:miter;stroke-opacity:1' />
<path class='bond-8 atom-4 atom-17' d='M 350.2,271.3 L 350.2,280.0' style='fill:none;fill-rule:evenodd;stroke:#0000FF;stroke-width:2.0px;stroke-linecap:butt;stroke-linejoin:miter;stroke-opacity:1' />
<path class='bond-9 atom-5 atom-6' d='M 329.6,258.5 L 312.1,246.8' style='fill:none;fill-rule:evenodd;stroke:#000000;stroke-width:2.0px;stroke-linecap:butt;stroke-linejoin:miter;stroke-opacity:1' />
<path class='bond-10 atom-5 atom-21' d='M 329.6,258.5 L 321.5,277.9' style='fill:none;fill-rule:evenodd;stroke:#000000;stroke-width:2.0px;stroke-linecap:butt;stroke-linejoin:miter;stroke-opacity:1' />
<path class='bond-11 atom-6 atom-7' d='M 312.1,246.8 L 300.4,229.3' style='fill:none;fill-rule:evenodd;stroke:#000000;stroke-width:2.0px;stroke-linecap:butt;stroke-linejoin:miter;stroke-opacity:1' />
<path class='bond-11 atom-6 atom-7' d='M 314.3,244.5 L 303.0,227.5' style='fill:none;fill-rule:evenodd;stroke:#000000;stroke-width:2.0px;stroke-linecap:butt;stroke-linejoin:miter;stroke-opacity:1' />
<path class='bond-12 atom-7 atom-8' d='M 300.4,229.3 L 296.2,208.6' style='fill:none;fill-rule:evenodd;stroke:#000000;stroke-width:2.0px;stroke-linecap:butt;stroke-linejoin:miter;stroke-opacity:1' />
<path class='bond-13 atom-8 atom-9' d='M 299.5,208.6 L 300.4,188.0' style='fill:none;fill-rule:evenodd;stroke:#000000;stroke-width:2.0px;stroke-linecap:butt;stroke-linejoin:miter;stroke-opacity:1' />
<path class='bond-13 atom-8 atom-9' d='M 296.2,208.6 L 296.8,189.9' style='fill:none;fill-rule:evenodd;stroke:#000000;stroke-width:2.0px;stroke-linecap:butt;stroke-linejoin:miter;stroke-opacity:1' />
<path class='bond-14 atom-8 atom-18' d='M 296.2,208.6 L 287.2,208.6' style='fill:none;fill-rule:evenodd;stroke:#000000;stroke-width:2.0px;stroke-linecap:butt;stroke-linejoin:miter;stroke-opacity:1' />
<path class='bond-14 atom-8 atom-18' d='M 287.2,208.6 L 278.1,208.6' style='fill:none;fill-rule:evenodd;stroke:#0000FF;stroke-width:2.0px;stroke-linecap:butt;stroke-linejoin:miter;stroke-opacity:1' />
<path class='bond-15 atom-9 atom-10' d='M 300.4,188.0 L 312.1,170.4' style='fill:none;fill-rule:evenodd;stroke:#000000;stroke-width:2.0px;stroke-linecap:butt;stroke-linejoin:miter;stroke-opacity:1' />
<path class='bond-16 atom-9 atom-22' d='M 300.4,188.0 L 280.9,179.9' style='fill:none;fill-rule:evenodd;stroke:#000000;stroke-width:2.0px;stroke-linecap:butt;stroke-linejoin:miter;stroke-opacity:1' />
<path class='bond-17 atom-10 atom-11' d='M 312.1,170.4 L 329.6,158.7' style='fill:none;fill-rule:evenodd;stroke:#000000;stroke-width:2.0px;stroke-linecap:butt;stroke-linejoin:miter;stroke-opacity:1' />
<path class='bond-17 atom-10 atom-11' d='M 314.3,172.7 L 331.3,161.4' style='fill:none;fill-rule:evenodd;stroke:#000000;stroke-width:2.0px;stroke-linecap:butt;stroke-linejoin:miter;stroke-opacity:1' />
<path class='bond-18 atom-11 atom-12' d='M 329.6,158.7 L 350.2,154.6' style='fill:none;fill-rule:evenodd;stroke:#000000;stroke-width:2.0px;stroke-linecap:butt;stroke-linejoin:miter;stroke-opacity:1' />
<path class='bond-19 atom-12 atom-13' d='M 350.2,157.9 L 370.9,158.7' style='fill:none;fill-rule:evenodd;stroke:#000000;stroke-width:2.0px;stroke-linecap:butt;stroke-linejoin:miter;stroke-opacity:1' />
<path class='bond-19 atom-12 atom-13' d='M 350.2,154.6 L 368.9,155.1' style='fill:none;fill-rule:evenodd;stroke:#000000;stroke-width:2.0px;stroke-linecap:butt;stroke-linejoin:miter;stroke-opacity:1' />
<path class='bond-20 atom-12 atom-19' d='M 350.2,154.6 L 350.2,145.9' style='fill:none;fill-rule:evenodd;stroke:#000000;stroke-width:2.0px;stroke-linecap:butt;stroke-linejoin:miter;stroke-opacity:1' />
<path class='bond-20 atom-12 atom-19' d='M 350.2,145.9 L 350.2,137.3' style='fill:none;fill-rule:evenodd;stroke:#0000FF;stroke-width:2.0px;stroke-linecap:butt;stroke-linejoin:miter;stroke-opacity:1' />
<path class='bond-21 atom-13 atom-14' d='M 370.9,158.7 L 388.4,170.4' style='fill:none;fill-rule:evenodd;stroke:#000000;stroke-width:2.0px;stroke-linecap:butt;stroke-linejoin:miter;stroke-opacity:1' />
<path class='bond-22 atom-13 atom-46' d='M 370.9,158.7 L 378.9,139.3' style='fill:none;fill-rule:evenodd;stroke:#000000;stroke-width:2.0px;stroke-linecap:butt;stroke-linejoin:miter;stroke-opacity:1' />
<path class='bond-23 atom-14 atom-15' d='M 388.4,170.4 L 400.1,188.0' style='fill:none;fill-rule:evenodd;stroke:#000000;stroke-width:2.0px;stroke-linecap:butt;stroke-linejoin:miter;stroke-opacity:1' />
<path class='bond-24 atom-22 atom-23' d='M 280.9,179.9 L 278.2,159.0' style='fill:none;fill-rule:evenodd;stroke:#000000;stroke-width:2.0px;stroke-linecap:butt;stroke-linejoin:miter;stroke-opacity:1' />
<path class='bond-25 atom-23 atom-24' d='M 278.2,159.0 L 258.7,151.0' style='fill:none;fill-rule:evenodd;stroke:#000000;stroke-width:2.0px;stroke-linecap:butt;stroke-linejoin:miter;stroke-opacity:1' />
<path class='bond-26 atom-24 atom-25' d='M 258.7,151.0 L 242.0,163.8' style='fill:none;fill-rule:evenodd;stroke:#000000;stroke-width:2.0px;stroke-linecap:butt;stroke-linejoin:miter;stroke-opacity:1' />
<path class='bond-26 atom-24 atom-25' d='M 255.3,149.6 L 241.5,160.2' style='fill:none;fill-rule:evenodd;stroke:#000000;stroke-width:2.0px;stroke-linecap:butt;stroke-linejoin:miter;stroke-opacity:1' />
<path class='bond-27 atom-24 atom-42' d='M 258.7,151.0 L 255.9,130.1' style='fill:none;fill-rule:evenodd;stroke:#000000;stroke-width:2.0px;stroke-linecap:butt;stroke-linejoin:miter;stroke-opacity:1' />
<path class='bond-28 atom-25 atom-26' d='M 242.0,163.8 L 222.5,155.7' style='fill:none;fill-rule:evenodd;stroke:#000000;stroke-width:2.0px;stroke-linecap:butt;stroke-linejoin:miter;stroke-opacity:1' />
<path class='bond-29 atom-26 atom-27' d='M 222.5,155.7 L 205.8,168.5' style='fill:none;fill-rule:evenodd;stroke:#000000;stroke-width:2.0px;stroke-linecap:butt;stroke-linejoin:miter;stroke-opacity:1' />
<path class='bond-30 atom-27 atom-28' d='M 205.8,168.5 L 186.4,160.5' style='fill:none;fill-rule:evenodd;stroke:#000000;stroke-width:2.0px;stroke-linecap:butt;stroke-linejoin:miter;stroke-opacity:1' />
<path class='bond-31 atom-28 atom-29' d='M 186.4,160.5 L 183.6,139.6' style='fill:none;fill-rule:evenodd;stroke:#000000;stroke-width:2.0px;stroke-linecap:butt;stroke-linejoin:miter;stroke-opacity:1' />
<path class='bond-31 atom-28 atom-29' d='M 183.0,159.1 L 180.7,141.8' style='fill:none;fill-rule:evenodd;stroke:#000000;stroke-width:2.0px;stroke-linecap:butt;stroke-linejoin:miter;stroke-opacity:1' />
<path class='bond-32 atom-28 atom-43' d='M 186.4,160.5 L 169.7,173.3' style='fill:none;fill-rule:evenodd;stroke:#000000;stroke-width:2.0px;stroke-linecap:butt;stroke-linejoin:miter;stroke-opacity:1' />
<path class='bond-33 atom-29 atom-30' d='M 183.6,139.6 L 164.2,131.5' style='fill:none;fill-rule:evenodd;stroke:#000000;stroke-width:2.0px;stroke-linecap:butt;stroke-linejoin:miter;stroke-opacity:1' />
<path class='bond-34 atom-30 atom-31' d='M 164.2,131.5 L 161.4,110.7' style='fill:none;fill-rule:evenodd;stroke:#000000;stroke-width:2.0px;stroke-linecap:butt;stroke-linejoin:miter;stroke-opacity:1' />
<path class='bond-35 atom-31 atom-32' d='M 161.4,110.7 L 142.0,102.6' style='fill:none;fill-rule:evenodd;stroke:#000000;stroke-width:2.0px;stroke-linecap:butt;stroke-linejoin:miter;stroke-opacity:1' />
<path class='bond-36 atom-32 atom-33' d='M 142.0,102.6 L 125.3,115.4' style='fill:none;fill-rule:evenodd;stroke:#000000;stroke-width:2.0px;stroke-linecap:butt;stroke-linejoin:miter;stroke-opacity:1' />
<path class='bond-36 atom-32 atom-33' d='M 138.6,101.2 L 124.8,111.8' style='fill:none;fill-rule:evenodd;stroke:#000000;stroke-width:2.0px;stroke-linecap:butt;stroke-linejoin:miter;stroke-opacity:1' />
<path class='bond-37 atom-32 atom-44' d='M 142.0,102.6 L 139.2,81.7' style='fill:none;fill-rule:evenodd;stroke:#000000;stroke-width:2.0px;stroke-linecap:butt;stroke-linejoin:miter;stroke-opacity:1' />
<path class='bond-38 atom-33 atom-34' d='M 125.3,115.4 L 105.8,107.4' style='fill:none;fill-rule:evenodd;stroke:#000000;stroke-width:2.0px;stroke-linecap:butt;stroke-linejoin:miter;stroke-opacity:1' />
<path class='bond-39 atom-34 atom-35' d='M 105.8,107.4 L 89.1,120.2' style='fill:none;fill-rule:evenodd;stroke:#000000;stroke-width:2.0px;stroke-linecap:butt;stroke-linejoin:miter;stroke-opacity:1' />
<path class='bond-40 atom-35 atom-36' d='M 89.1,120.2 L 69.7,112.1' style='fill:none;fill-rule:evenodd;stroke:#000000;stroke-width:2.0px;stroke-linecap:butt;stroke-linejoin:miter;stroke-opacity:1' />
<path class='bond-41 atom-36 atom-37' d='M 69.7,112.1 L 66.9,91.3' style='fill:none;fill-rule:evenodd;stroke:#000000;stroke-width:2.0px;stroke-linecap:butt;stroke-linejoin:miter;stroke-opacity:1' />
<path class='bond-41 atom-36 atom-37' d='M 66.3,110.7 L 64.0,93.5' style='fill:none;fill-rule:evenodd;stroke:#000000;stroke-width:2.0px;stroke-linecap:butt;stroke-linejoin:miter;stroke-opacity:1' />
<path class='bond-42 atom-36 atom-45' d='M 69.7,112.1 L 52.9,125.0' style='fill:none;fill-rule:evenodd;stroke:#000000;stroke-width:2.0px;stroke-linecap:butt;stroke-linejoin:miter;stroke-opacity:1' />
<path class='bond-43 atom-37 atom-38' d='M 66.9,91.3 L 47.5,83.2' style='fill:none;fill-rule:evenodd;stroke:#000000;stroke-width:2.0px;stroke-linecap:butt;stroke-linejoin:miter;stroke-opacity:1' />
<path class='bond-44 atom-38 atom-39' d='M 47.5,83.2 L 44.7,62.3' style='fill:none;fill-rule:evenodd;stroke:#000000;stroke-width:2.0px;stroke-linecap:butt;stroke-linejoin:miter;stroke-opacity:1' />
<path class='bond-45 atom-39 atom-40' d='M 44.7,62.3 L 25.2,54.3' style='fill:none;fill-rule:evenodd;stroke:#000000;stroke-width:2.0px;stroke-linecap:butt;stroke-linejoin:miter;stroke-opacity:1' />
<path class='bond-46 atom-40 atom-41' d='M 25.2,54.3 L 22.5,33.4' style='fill:none;fill-rule:evenodd;stroke:#000000;stroke-width:2.0px;stroke-linecap:butt;stroke-linejoin:miter;stroke-opacity:1' />
<path class='bond-47 atom-46 atom-47' d='M 378.9,139.3 L 399.8,136.5' style='fill:none;fill-rule:evenodd;stroke:#000000;stroke-width:2.0px;stroke-linecap:butt;stroke-linejoin:miter;stroke-opacity:1' />
<path class='bond-48 atom-47 atom-48' d='M 399.8,136.5 L 403.0,128.7' style='fill:none;fill-rule:evenodd;stroke:#000000;stroke-width:2.0px;stroke-linecap:butt;stroke-linejoin:miter;stroke-opacity:1' />
<path class='bond-48 atom-47 atom-48' d='M 403.0,128.7 L 406.3,120.9' style='fill:none;fill-rule:evenodd;stroke:#FF0000;stroke-width:2.0px;stroke-linecap:butt;stroke-linejoin:miter;stroke-opacity:1' />
<path class='bond-48 atom-47 atom-48' d='M 397.6,133.7 L 400.1,127.5' style='fill:none;fill-rule:evenodd;stroke:#000000;stroke-width:2.0px;stroke-linecap:butt;stroke-linejoin:miter;stroke-opacity:1' />
<path class='bond-48 atom-47 atom-48' d='M 400.1,127.5 L 403.4,119.7' style='fill:none;fill-rule:evenodd;stroke:#FF0000;stroke-width:2.0px;stroke-linecap:butt;stroke-linejoin:miter;stroke-opacity:1' />
<path d='M 389.0,245.9 L 388.4,246.8 L 387.5,247.4' style='fill:none;stroke:#000000;stroke-width:2.0px;stroke-linecap:butt;stroke-linejoin:miter;stroke-opacity:1;' />
<path d='M 371.7,257.9 L 370.9,258.5 L 369.8,258.7' style='fill:none;stroke:#000000;stroke-width:2.0px;stroke-linecap:butt;stroke-linejoin:miter;stroke-opacity:1;' />
<path d='M 312.9,247.4 L 312.1,246.8 L 311.5,245.9' style='fill:none;stroke:#000000;stroke-width:2.0px;stroke-linecap:butt;stroke-linejoin:miter;stroke-opacity:1;' />
<path d='M 300.9,230.1 L 300.4,229.3 L 300.1,228.2' style='fill:none;stroke:#000000;stroke-width:2.0px;stroke-linecap:butt;stroke-linejoin:miter;stroke-opacity:1;' />
<path d='M 311.5,171.3 L 312.1,170.4 L 312.9,169.9' style='fill:none;stroke:#000000;stroke-width:2.0px;stroke-linecap:butt;stroke-linejoin:miter;stroke-opacity:1;' />
<path d='M 328.7,159.3 L 329.6,158.7 L 330.6,158.5' style='fill:none;stroke:#000000;stroke-width:2.0px;stroke-linecap:butt;stroke-linejoin:miter;stroke-opacity:1;' />
<path d='M 387.5,169.9 L 388.4,170.4 L 389.0,171.3' style='fill:none;stroke:#000000;stroke-width:2.0px;stroke-linecap:butt;stroke-linejoin:miter;stroke-opacity:1;' />
<path d='M 400.3,189.0 L 400.1,188.0 L 399.5,187.1' style='fill:none;stroke:#000000;stroke-width:2.0px;stroke-linecap:butt;stroke-linejoin:miter;stroke-opacity:1;' />
<path d='M 281.9,180.3 L 280.9,179.9 L 280.8,178.9' style='fill:none;stroke:#000000;stroke-width:2.0px;stroke-linecap:butt;stroke-linejoin:miter;stroke-opacity:1;' />
<path d='M 278.3,160.1 L 278.2,159.0 L 277.2,158.6' style='fill:none;stroke:#000000;stroke-width:2.0px;stroke-linecap:butt;stroke-linejoin:miter;stroke-opacity:1;' />
<path d='M 242.8,163.1 L 242.0,163.8 L 241.0,163.4' style='fill:none;stroke:#000000;stroke-width:2.0px;stroke-linecap:butt;stroke-linejoin:miter;stroke-opacity:1;' />
<path d='M 223.5,156.1 L 222.5,155.7 L 221.7,156.4' style='fill:none;stroke:#000000;stroke-width:2.0px;stroke-linecap:butt;stroke-linejoin:miter;stroke-opacity:1;' />
<path d='M 206.7,167.9 L 205.8,168.5 L 204.9,168.1' style='fill:none;stroke:#000000;stroke-width:2.0px;stroke-linecap:butt;stroke-linejoin:miter;stroke-opacity:1;' />
<path d='M 183.8,140.6 L 183.6,139.6 L 182.7,139.2' style='fill:none;stroke:#000000;stroke-width:2.0px;stroke-linecap:butt;stroke-linejoin:miter;stroke-opacity:1;' />
<path d='M 165.1,132.0 L 164.2,131.5 L 164.0,130.5' style='fill:none;stroke:#000000;stroke-width:2.0px;stroke-linecap:butt;stroke-linejoin:miter;stroke-opacity:1;' />
<path d='M 161.6,111.7 L 161.4,110.7 L 160.5,110.3' style='fill:none;stroke:#000000;stroke-width:2.0px;stroke-linecap:butt;stroke-linejoin:miter;stroke-opacity:1;' />
<path d='M 126.1,114.8 L 125.3,115.4 L 124.3,115.0' style='fill:none;stroke:#000000;stroke-width:2.0px;stroke-linecap:butt;stroke-linejoin:miter;stroke-opacity:1;' />
<path d='M 106.8,107.8 L 105.8,107.4 L 105.0,108.0' style='fill:none;stroke:#000000;stroke-width:2.0px;stroke-linecap:butt;stroke-linejoin:miter;stroke-opacity:1;' />
<path d='M 89.9,119.6 L 89.1,120.2 L 88.1,119.8' style='fill:none;stroke:#000000;stroke-width:2.0px;stroke-linecap:butt;stroke-linejoin:miter;stroke-opacity:1;' />
<path d='M 67.0,92.3 L 66.9,91.3 L 65.9,90.9' style='fill:none;stroke:#000000;stroke-width:2.0px;stroke-linecap:butt;stroke-linejoin:miter;stroke-opacity:1;' />
<path d='M 48.4,83.6 L 47.5,83.2 L 47.3,82.2' style='fill:none;stroke:#000000;stroke-width:2.0px;stroke-linecap:butt;stroke-linejoin:miter;stroke-opacity:1;' />
<path d='M 44.8,63.4 L 44.7,62.3 L 43.7,61.9' style='fill:none;stroke:#000000;stroke-width:2.0px;stroke-linecap:butt;stroke-linejoin:miter;stroke-opacity:1;' />
<path d='M 26.2,54.7 L 25.2,54.3 L 25.1,53.2' style='fill:none;stroke:#000000;stroke-width:2.0px;stroke-linecap:butt;stroke-linejoin:miter;stroke-opacity:1;' />
<path d='M 378.5,140.3 L 378.9,139.3 L 380.0,139.2' style='fill:none;stroke:#000000;stroke-width:2.0px;stroke-linecap:butt;stroke-linejoin:miter;stroke-opacity:1;' />
<path d='M 398.8,136.7 L 399.8,136.5 L 400.0,136.2' style='fill:none;stroke:#000000;stroke-width:2.0px;stroke-linecap:butt;stroke-linejoin:miter;stroke-opacity:1;' />
<path class='atom-16' d='M 423.9 205.6
L 425.9 208.8
Q 426.1 209.1, 426.4 209.7
Q 426.7 210.2, 426.7 210.3
L 426.7 205.6
L 427.5 205.6
L 427.5 211.6
L 426.7 211.6
L 424.6 208.1
Q 424.3 207.7, 424.1 207.3
Q 423.8 206.8, 423.8 206.7
L 423.8 211.6
L 423.0 211.6
L 423.0 205.6
L 423.9 205.6
' fill='#0000FF'/>
<path class='atom-17' d='M 348.9 280.6
L 350.9 283.8
Q 351.0 284.1, 351.4 284.7
Q 351.7 285.2, 351.7 285.3
L 351.7 280.6
L 352.5 280.6
L 352.5 286.6
L 351.7 286.6
L 349.6 283.2
Q 349.3 282.8, 349.1 282.3
Q 348.8 281.8, 348.7 281.7
L 348.7 286.6
L 348.0 286.6
L 348.0 280.6
L 348.9 280.6
' fill='#0000FF'/>
<path class='atom-18' d='M 273.9 205.6
L 275.8 208.8
Q 276.0 209.1, 276.3 209.7
Q 276.6 210.2, 276.7 210.3
L 276.7 205.6
L 277.5 205.6
L 277.5 211.6
L 276.6 211.6
L 274.5 208.1
Q 274.3 207.7, 274.0 207.3
Q 273.8 206.8, 273.7 206.7
L 273.7 211.6
L 272.9 211.6
L 272.9 205.6
L 273.9 205.6
' fill='#0000FF'/>
<path class='atom-19' d='M 348.9 130.6
L 350.9 133.8
Q 351.0 134.1, 351.4 134.6
Q 351.7 135.2, 351.7 135.2
L 351.7 130.6
L 352.5 130.6
L 352.5 136.6
L 351.7 136.6
L 349.6 133.1
Q 349.3 132.7, 349.1 132.2
Q 348.8 131.8, 348.7 131.6
L 348.7 136.6
L 348.0 136.6
L 348.0 130.6
L 348.9 130.6
' fill='#0000FF'/>
<path class='atom-48' d='M 403.7 116.5
Q 403.7 115.1, 404.4 114.3
Q 405.1 113.5, 406.4 113.5
Q 407.7 113.5, 408.4 114.3
Q 409.1 115.1, 409.1 116.5
Q 409.1 118.0, 408.4 118.8
Q 407.7 119.6, 406.4 119.6
Q 405.1 119.6, 404.4 118.8
Q 403.7 118.0, 403.7 116.5
M 406.4 118.9
Q 407.3 118.9, 407.8 118.3
Q 408.3 117.7, 408.3 116.5
Q 408.3 115.3, 407.8 114.7
Q 407.3 114.1, 406.4 114.1
Q 405.5 114.1, 405.0 114.7
Q 404.5 115.3, 404.5 116.5
Q 404.5 117.7, 405.0 118.3
Q 405.5 118.9, 406.4 118.9
' fill='#FF0000'/>
</svg>

