Tokens:
Keyword	Ph	0
Sep	,	2
Digit	4	3
Haf	-	4
Keyword	OH	5
Sep	,	7
LBrace	{	8
Digit	1	9
Sep	,	10
Digit	6	11
RBrace	}	12
Semi	;	13
LBrace	{	14
Digit	1	15
Sep	,	16
Digit	2	17
RBrace	}	18
Keyword	6R	19
Sep	,	21
LBrace	{	22
Digit	6	23
Sep	,	24
Digit	5	25
RBrace	}	26
Semi	;	27
LBrace	{	28
Digit	1	29
Sep	,	30
Digit	2	31
RBrace	}	32
Keyword	6R	33
Sep	,	35
LBrace	{	36
Digit	3	37
Sep	,	38
Digit	4	39
RBrace	}	40
Semi	;	41
LBrace	{	42
Digit	1	43
Sep	,	44
Digit	2	45
RBrace	}	46
Keyword	5R	47
Sep	,	49
Digit	2	50
Haf	-	51
Keyword	Me	52
Sep	,	54
Digit	3	55
Haf	-	56
Keyword	OH	57
Sep	,	59
Digit	3	60
Haf	-	61
LStr	[	62
LParen	(	63
Digit	1	64
RParen	)	65
Keyword	2L	66
Sep	,	68
Digit	1	69
Haf	-	70
Keyword	#	71
Sep	,	72
LParen	(	73
Digit	0	74
RParen	)	75
RStr	]	76
Semi	;	77
End		78
AST:
CPO #1:
  Interface L (connect):
    Poses: 0
  Core: Ph
  Subs: entry attach
    Poses: 4
    Sub Core:
      Core: OH
  Interface R (fuse):
    Poses: 1, 6
CPO #2:
  Interface L (fuse):
    Poses: 1, 2
  Core: 6R
  Subs: empty
  Interface R (fuse):
    Poses: 6, 5
CPO #3:
  Interface L (fuse):
    Poses: 1, 2
  Core: 6R
  Subs: empty
  Interface R (fuse):
    Poses: 3, 4
CPO #4:
  Interface L (fuse):
    Poses: 1, 2
  Core: 5R
  Subs: entry attach
    Poses: 2
    Sub Core:
      Core: Me
    Next:
      Subs: entry attach
        Poses: 3
        Sub Core:
          Core: OH
        Next:
          Subs: entry attach
            Poses: 3
            Group:
              Interface L (connect):
                Poses: 1
              Core: 2L
              Subs: entry attach
                Poses: 1
                Sub Core:
                  Core: #
              Interface R (connect):
                Poses: 0
  Interface R (connect):
    Poses: 0
IR:
C(1,2,2,6,14,0,0)
C(2,3,1,1,0,0,0)
C(3,4,4,2,0,0,0)
C(4,5,3,3,7,0,0)
C(5,6,6,4,0,0,0)
C(6,1,5,11,0,0,0)
O(7,8,4,0,0,0,0)
H(8,7,0,0,0,0,0)
C(11,6,12,0,0,0,0)
C(12,11,13,0,0,0,0)
C(13,12,14,17,0,0,0)
C(14,1,13,20,0,0,0)
C(17,13,18,25,0,0,0)
C(18,17,19,23,26,0,0)
C(19,18,20,0,0,0,0)
C(20,14,19,0,0,0,0)
C(23,18,24,27,29,0,0)
C(24,23,25,0,0,0,0)
C(25,17,24,0,0,0,0)
C(26,18,0,0,0,0,0)
O(27,23,28,0,0,0,0)
H(28,27,0,0,0,0,0)
C(29,23,30,30,30,0,0)
C(30,29,29,29,0,0,0)
SVG:
<?xml version='1.0' encoding='iso-8859-1'?>
<svg version='1.1' baseProfile='full'
              xmlns='http://www.w3.org/2000/svg'
                      xmlns:rdkit='http://www.rdkit.org/xml'
                      xmlns:xlink='http://www.w3.org/1999/xlink'
                  xml:space='preserve'
width='450px' height='320px' viewBox='0 0 450 320'>
<!-- END OF HEADER -->
<rect style='opacity:1.0;fill:#FFFFFF;stroke:none' width='450.0' height='320.0' x='0.0' y='0.0'> </rect>
<path class='bond-0 atom-0 atom-1' d='M 193.3,131.0 L 209.2,103.4' style='fill:none;fill-rule:evenodd;stroke:#000000;stroke-width:2.0px;stroke-linecap:butt;stroke-linejoin:miter;stroke-opacity:1' />
<path class='bond-0 atom-0 atom-1' d='M 190.5,126.2 L 203.7,103.4' style='fill:none;fill-rule:evenodd;stroke:#000000;stroke-width:2.0px;stroke-linecap:butt;stroke-linejoin:miter;stroke-opacity:1' />
<path class='bond-1 atom-0 atom-5' d='M 193.3,131.0 L 161.4,131.0' style='fill:none;fill-rule:evenodd;stroke:#000000;stroke-width:2.0px;stroke-linecap:butt;stroke-linejoin:miter;stroke-opacity:1' />
<path class='bond-2 atom-0 atom-11' d='M 193.3,131.0 L 209.2,158.6' style='fill:none;fill-rule:evenodd;stroke:#000000;stroke-width:2.0px;stroke-linecap:butt;stroke-linejoin:miter;stroke-opacity:1' />
<path class='bond-3 atom-1 atom-2' d='M 209.2,103.4 L 193.3,75.8' style='fill:none;fill-rule:evenodd;stroke:#000000;stroke-width:2.0px;stroke-linecap:butt;stroke-linejoin:miter;stroke-opacity:1' />
<path class='bond-4 atom-2 atom-3' d='M 193.3,75.8 L 161.4,75.8' style='fill:none;fill-rule:evenodd;stroke:#000000;stroke-width:2.0px;stroke-linecap:butt;stroke-linejoin:miter;stroke-opacity:1' />
<path class='bond-4 atom-2 atom-3' d='M 190.5,80.6 L 164.1,80.6' style='fill:none;fill-rule:evenodd;stroke:#000000;stroke-width:2.0px;stroke-linecap:butt;stroke-linejoin:miter;stroke-opacity:1' />
<path class='bond-5 atom-3 atom-4' d='M 161.4,75.8 L 145.4,103.4' style='fill:none;fill-rule:evenodd;stroke:#000000;stroke-width:2.0px;stroke-linecap:butt;stroke-linejoin:miter;stroke-opacity:1' />
<path class='bond-6 atom-3 atom-6' d='M 161.4,75.8 L 155.1,64.8' style='fill:none;fill-rule:evenodd;stroke:#000000;stroke-width:2.0px;stroke-linecap:butt;stroke-linejoin:miter;stroke-opacity:1' />
<path class='bond-6 atom-3 atom-6' d='M 155.1,64.8 L 148.7,53.9' style='fill:none;fill-rule:evenodd;stroke:#FF0000;stroke-width:2.0px;stroke-linecap:butt;stroke-linejoin:miter;stroke-opacity:1' />
<path class='bond-7 atom-4 atom-5' d='M 145.4,103.4 L 161.4,131.0' style='fill:none;fill-rule:evenodd;stroke:#000000;stroke-width:2.0px;stroke-linecap:butt;stroke-linejoin:miter;stroke-opacity:1' />
<path class='bond-7 atom-4 atom-5' d='M 150.9,103.4 L 164.1,126.2' style='fill:none;fill-rule:evenodd;stroke:#000000;stroke-width:2.0px;stroke-linecap:butt;stroke-linejoin:miter;stroke-opacity:1' />
<path class='bond-8 atom-5 atom-8' d='M 161.4,131.0 L 145.4,158.6' style='fill:none;fill-rule:evenodd;stroke:#000000;stroke-width:2.0px;stroke-linecap:butt;stroke-linejoin:miter;stroke-opacity:1' />
<path class='bond-9 atom-6 atom-7' d='M 148.7,42.5 L 153.4,34.3' style='fill:none;fill-rule:evenodd;stroke:#FF0000;stroke-width:2.0px;stroke-linecap:butt;stroke-linejoin:miter;stroke-opacity:1' />
<path class='bond-9 atom-6 atom-7' d='M 153.4,34.3 L 158.1,26.1' style='fill:none;fill-rule:evenodd;stroke:#000000;stroke-width:2.0px;stroke-linecap:butt;stroke-linejoin:miter;stroke-opacity:1' />
<path class='bond-10 atom-8 atom-9' d='M 145.4,158.6 L 161.4,186.3' style='fill:none;fill-rule:evenodd;stroke:#000000;stroke-width:2.0px;stroke-linecap:butt;stroke-linejoin:miter;stroke-opacity:1' />
<path class='bond-11 atom-9 atom-10' d='M 161.4,186.3 L 193.3,186.3' style='fill:none;fill-rule:evenodd;stroke:#000000;stroke-width:2.0px;stroke-linecap:butt;stroke-linejoin:miter;stroke-opacity:1' />
<path class='bond-12 atom-10 atom-11' d='M 193.3,186.3 L 209.2,158.6' style='fill:none;fill-rule:evenodd;stroke:#000000;stroke-width:2.0px;stroke-linecap:butt;stroke-linejoin:miter;stroke-opacity:1' />
<path class='bond-13 atom-10 atom-12' d='M 193.3,186.3 L 209.2,213.9' style='fill:none;fill-rule:evenodd;stroke:#000000;stroke-width:2.0px;stroke-linecap:butt;stroke-linejoin:miter;stroke-opacity:1' />
<path class='bond-14 atom-11 atom-15' d='M 209.2,158.6 L 241.1,158.6' style='fill:none;fill-rule:evenodd;stroke:#000000;stroke-width:2.0px;stroke-linecap:butt;stroke-linejoin:miter;stroke-opacity:1' />
<path class='bond-15 atom-12 atom-13' d='M 209.2,213.9 L 241.1,213.9' style='fill:none;fill-rule:evenodd;stroke:#000000;stroke-width:2.0px;stroke-linecap:butt;stroke-linejoin:miter;stroke-opacity:1' />
<path class='bond-16 atom-12 atom-18' d='M 209.2,213.9 L 199.4,244.2' style='fill:none;fill-rule:evenodd;stroke:#000000;stroke-width:2.0px;stroke-linecap:butt;stroke-linejoin:miter;stroke-opacity:1' />
<path class='bond-17 atom-13 atom-14' d='M 241.1,213.9 L 257.1,186.3' style='fill:none;fill-rule:evenodd;stroke:#000000;stroke-width:2.0px;stroke-linecap:butt;stroke-linejoin:miter;stroke-opacity:1' />
<path class='bond-18 atom-13 atom-16' d='M 241.1,213.9 L 251.0,244.2' style='fill:none;fill-rule:evenodd;stroke:#000000;stroke-width:2.0px;stroke-linecap:butt;stroke-linejoin:miter;stroke-opacity:1' />
<path class='bond-19 atom-13 atom-19' d='M 241.1,213.9 L 272.8,217.2' style='fill:none;fill-rule:evenodd;stroke:#000000;stroke-width:2.0px;stroke-linecap:butt;stroke-linejoin:miter;stroke-opacity:1' />
<path class='bond-20 atom-14 atom-15' d='M 257.1,186.3 L 241.1,158.6' style='fill:none;fill-rule:evenodd;stroke:#000000;stroke-width:2.0px;stroke-linecap:butt;stroke-linejoin:miter;stroke-opacity:1' />
<path class='bond-21 atom-16 atom-17' d='M 251.0,244.2 L 225.2,263.0' style='fill:none;fill-rule:evenodd;stroke:#000000;stroke-width:2.0px;stroke-linecap:butt;stroke-linejoin:miter;stroke-opacity:1' />
<path class='bond-22 atom-16 atom-20' d='M 251.0,244.2 L 257.3,255.2' style='fill:none;fill-rule:evenodd;stroke:#000000;stroke-width:2.0px;stroke-linecap:butt;stroke-linejoin:miter;stroke-opacity:1' />
<path class='bond-22 atom-16 atom-20' d='M 257.3,255.2 L 263.7,266.2' style='fill:none;fill-rule:evenodd;stroke:#FF0000;stroke-width:2.0px;stroke-linecap:butt;stroke-linejoin:miter;stroke-opacity:1' />
<path class='bond-23 atom-16 atom-22' d='M 251.0,244.2 L 280.1,231.3' style='fill:none;fill-rule:evenodd;stroke:#000000;stroke-width:2.0px;stroke-linecap:butt;stroke-linejoin:miter;stroke-opacity:1' />
<path class='bond-24 atom-17 atom-18' d='M 225.2,263.0 L 199.4,244.2' style='fill:none;fill-rule:evenodd;stroke:#000000;stroke-width:2.0px;stroke-linecap:butt;stroke-linejoin:miter;stroke-opacity:1' />
<path class='bond-25 atom-20 atom-21' d='M 263.6,277.6 L 258.9,285.8' style='fill:none;fill-rule:evenodd;stroke:#FF0000;stroke-width:2.0px;stroke-linecap:butt;stroke-linejoin:miter;stroke-opacity:1' />
<path class='bond-25 atom-20 atom-21' d='M 258.9,285.8 L 254.2,293.9' style='fill:none;fill-rule:evenodd;stroke:#000000;stroke-width:2.0px;stroke-linecap:butt;stroke-linejoin:miter;stroke-opacity:1' />
<path class='bond-26 atom-22 atom-23' d='M 280.1,231.3 L 305.9,250.0' style='fill:none;fill-rule:evenodd;stroke:#000000;stroke-width:2.0px;stroke-linecap:butt;stroke-linejoin:miter;stroke-opacity:1' />
<path class='bond-26 atom-22 atom-23' d='M 282.9,227.4 L 308.7,246.1' style='fill:none;fill-rule:evenodd;stroke:#000000;stroke-width:2.0px;stroke-linecap:butt;stroke-linejoin:miter;stroke-opacity:1' />
<path class='bond-26 atom-22 atom-23' d='M 277.3,235.1 L 303.1,253.9' style='fill:none;fill-rule:evenodd;stroke:#000000;stroke-width:2.0px;stroke-linecap:butt;stroke-linejoin:miter;stroke-opacity:1' />
<path d='M 208.4,104.8 L 209.2,103.4 L 208.4,102.0' style='fill:none;stroke:#000000;stroke-width:2.0px;stroke-linecap:butt;stroke-linejoin:miter;stroke-opacity:1;' />
<path d='M 194.1,77.1 L 193.3,75.8 L 191.7,75.8' style='fill:none;stroke:#000000;stroke-width:2.0px;stroke-linecap:butt;stroke-linejoin:miter;stroke-opacity:1;' />
<path d='M 146.2,102.0 L 145.4,103.4 L 146.2,104.8' style='fill:none;stroke:#000000;stroke-width:2.0px;stroke-linecap:butt;stroke-linejoin:miter;stroke-opacity:1;' />
<path d='M 146.2,157.3 L 145.4,158.6 L 146.2,160.0' style='fill:none;stroke:#000000;stroke-width:2.0px;stroke-linecap:butt;stroke-linejoin:miter;stroke-opacity:1;' />
<path d='M 160.6,184.9 L 161.4,186.3 L 163.0,186.3' style='fill:none;stroke:#000000;stroke-width:2.0px;stroke-linecap:butt;stroke-linejoin:miter;stroke-opacity:1;' />
<path d='M 256.3,187.7 L 257.1,186.3 L 256.3,184.9' style='fill:none;stroke:#000000;stroke-width:2.0px;stroke-linecap:butt;stroke-linejoin:miter;stroke-opacity:1;' />
<path d='M 239.5,158.6 L 241.1,158.6 L 241.9,160.0' style='fill:none;stroke:#000000;stroke-width:2.0px;stroke-linecap:butt;stroke-linejoin:miter;stroke-opacity:1;' />
<path d='M 226.5,262.0 L 225.2,263.0 L 223.9,262.0' style='fill:none;stroke:#000000;stroke-width:2.0px;stroke-linecap:butt;stroke-linejoin:miter;stroke-opacity:1;' />
<path d='M 199.8,242.7 L 199.4,244.2 L 200.6,245.2' style='fill:none;stroke:#000000;stroke-width:2.0px;stroke-linecap:butt;stroke-linejoin:miter;stroke-opacity:1;' />
<path d='M 278.7,231.9 L 280.1,231.3 L 281.4,232.2' style='fill:none;stroke:#000000;stroke-width:2.0px;stroke-linecap:butt;stroke-linejoin:miter;stroke-opacity:1;' />
<path class='atom-6' d='M 141.3 48.2
Q 141.3 46.0, 142.3 44.8
Q 143.4 43.6, 145.4 43.6
Q 147.4 43.6, 148.5 44.8
Q 149.6 46.0, 149.6 48.2
Q 149.6 50.4, 148.5 51.6
Q 147.4 52.9, 145.4 52.9
Q 143.4 52.9, 142.3 51.6
Q 141.3 50.4, 141.3 48.2
M 145.4 51.8
Q 146.8 51.8, 147.5 50.9
Q 148.3 50.0, 148.3 48.2
Q 148.3 46.4, 147.5 45.5
Q 146.8 44.6, 145.4 44.6
Q 144.0 44.6, 143.3 45.5
Q 142.5 46.4, 142.5 48.2
Q 142.5 50.0, 143.3 50.9
Q 144.0 51.8, 145.4 51.8
' fill='#FF0000'/>
<path class='atom-7' d='M 157.8 16.0
L 159.1 16.0
L 159.1 19.8
L 163.7 19.8
L 163.7 16.0
L 164.9 16.0
L 164.9 25.0
L 163.7 25.0
L 163.7 20.9
L 159.1 20.9
L 159.1 25.0
L 157.8 25.0
L 157.8 16.0
' fill='#000000'/>
<path class='atom-20' d='M 262.8 271.9
Q 262.8 269.7, 263.8 268.5
Q 264.9 267.3, 266.9 267.3
Q 268.9 267.3, 270.0 268.5
Q 271.1 269.7, 271.1 271.9
Q 271.1 274.1, 270.0 275.3
Q 268.9 276.6, 266.9 276.6
Q 264.9 276.6, 263.8 275.3
Q 262.8 274.1, 262.8 271.9
M 266.9 275.5
Q 268.3 275.5, 269.0 274.6
Q 269.8 273.7, 269.8 271.9
Q 269.8 270.1, 269.0 269.2
Q 268.3 268.3, 266.9 268.3
Q 265.5 268.3, 264.8 269.2
Q 264.0 270.1, 264.0 271.9
Q 264.0 273.7, 264.8 274.6
Q 265.5 275.5, 266.9 275.5
' fill='#FF0000'/>
<path class='atom-21' d='M 247.4 295.0
L 248.7 295.0
L 248.7 298.8
L 253.3 298.8
L 253.3 295.0
L 254.5 295.0
L 254.5 304.0
L 253.3 304.0
L 253.3 299.8
L 248.7 299.8
L 248.7 304.0
L 247.4 304.0
L 247.4 295.0
' fill='#000000'/>
</svg>

