Tokens:
LParen	(	0
Digit	0	1
RParen	)	2
Keyword	Ph	3
Sep	,	5
LBrace	{	6
Digit	3	7
Sep	,	8
Digit	4	9
RBrace	}	10
Semi	;	11
LBrace	{	12
Digit	5	13
Sep	,	14
Digit	6	15
RBrace	}	16
Keyword	Ph	17
Sep	,	19
LBrace	{	20
Digit	3	21
Sep	,	22
Digit	4	23
RBrace	}	24
Semi	;	25
LBrace	{	26
Digit	3	27
Sep	,	28
Digit	4	29
RBrace	}	30
Keyword	Ph	31
Sep	,	33
LBrace	{	34
Digit	5	35
Sep	,	36
Digit	6	37
RBrace	}	38
Semi	;	39
LBrace	{	40
Digit	5	41
Sep	,	42
Digit	6	43
RBrace	}	44
Keyword	Ph	45
Sep	,	47
LBrace	{	48
Digit	3	49
Sep	,	50
Digit	4	51
RBrace	}	52
Semi	;	53
LBrace	{	54
Digit	3	55
Sep	,	56
Digit	4	57
RBrace	}	58
Keyword	Ph	59
Sep	,	61
LBrace	{	62
Digit	5	63
Sep	,	64
Digit	6	65
RBrace	}	66
Semi	;	67
LBrace	{	68
Digit	6	69
Sep	,	70
Digit	5	71
RBrace	}	72
Keyword	Ph	73
Sep	,	75
LParen	(	76
Digit	0	77
RParen	)	78
Semi	;	79
End		80
AST:
CPO #1:
  Interface L (connect):
    Poses: 0
  Core: Ph
  Subs: empty
  Interface R (fuse):
    Poses: 3, 4
CPO #2:
  Interface L (fuse):
    Poses: 5, 6
  Core: Ph
  Subs: empty
  Interface R (fuse):
    Poses: 3, 4
CPO #3:
  Interface L (fuse):
    Poses: 3, 4
  Core: Ph
  Subs: empty
  Interface R (fuse):
    Poses: 5, 6
CPO #4:
  Interface L (fuse):
    Poses: 5, 6
  Core: Ph
  Subs: empty
  Interface R (fuse):
    Poses: 3, 4
CPO #5:
  Interface L (fuse):
    Poses: 3, 4
  Core: Ph
  Subs: empty
  Interface R (fuse):
    Poses: 5, 6
CPO #6:
  Interface L (fuse):
    Poses: 6, 5
  Core: Ph
  Subs: empty
  Interface R (connect):
    Poses: 0
IR:
C(1,2,2,6,0,0,0)
C(2,3,1,1,0,0,0)
C(3,4,4,2,10,0,0)
C(4,5,3,3,7,0,0)
C(5,6,6,4,0,0,0)
C(6,1,5,0,0,0,0)
C(7,4,8,8,0,0,0)
C(8,7,7,9,0,0,0)
C(9,8,10,10,12,0,0)
C(10,3,9,9,15,0,0)
C(11,12,12,16,0,0,0)
C(12,9,11,11,0,0,0)
C(15,10,16,16,20,0,0)
C(16,11,15,15,17,0,0)
C(17,16,18,18,0,0,0)
C(18,17,17,19,0,0,0)
C(19,18,20,20,22,0,0)
C(20,15,19,19,25,0,0)
C(21,22,22,26,0,0,0)
C(22,19,21,21,0,0,0)
C(25,20,26,26,27,0,0)
C(26,21,25,25,30,0,0)
C(27,25,28,28,0,0,0)
C(28,27,27,29,0,0,0)
C(29,28,30,30,0,0,0)
C(30,26,29,29,0,0,0)
SVG:
<?xml version='1.0' encoding='iso-8859-1'?>
<svg version='1.1' baseProfile='full'
              xmlns='http://www.w3.org/2000/svg'
                      xmlns:rdkit='http://www.rdkit.org/xml'
                      xmlns:xlink='http://www.w3.org/1999/xlink'
                  xml:space='preserve'
width='450px' height='320px' viewBox='0 0 450 320'>
<!-- END OF HEADER -->
<rect style='opacity:1.0;fill:#FFFFFF;stroke:none' width='450.0' height='320.0' x='0.0' y='0.0'> </rect>
<path class='bond-0 atom-0 atom-1' d='M 280.4,64.0 L 252.7,112.0' style='fill:none;fill-rule:evenodd;stroke:#000000;stroke-width:2.0px;stroke-linecap:butt;stroke-linejoin:miter;stroke-opacity:1' />
<path class='bond-0 atom-0 atom-1' d='M 271.8,64.0 L 248.4,104.6' style='fill:none;fill-rule:evenodd;stroke:#000000;stroke-width:2.0px;stroke-linecap:butt;stroke-linejoin:miter;stroke-opacity:1' />
<path class='bond-1 atom-0 atom-5' d='M 280.4,64.0 L 252.7,16.0' style='fill:none;fill-rule:evenodd;stroke:#000000;stroke-width:2.0px;stroke-linecap:butt;stroke-linejoin:miter;stroke-opacity:1' />
<path class='bond-2 atom-1 atom-2' d='M 252.7,112.0 L 197.3,112.0' style='fill:none;fill-rule:evenodd;stroke:#000000;stroke-width:2.0px;stroke-linecap:butt;stroke-linejoin:miter;stroke-opacity:1' />
<path class='bond-3 atom-2 atom-3' d='M 197.3,112.0 L 169.6,64.0' style='fill:none;fill-rule:evenodd;stroke:#000000;stroke-width:2.0px;stroke-linecap:butt;stroke-linejoin:miter;stroke-opacity:1' />
<path class='bond-3 atom-2 atom-3' d='M 201.6,104.6 L 178.2,64.0' style='fill:none;fill-rule:evenodd;stroke:#000000;stroke-width:2.0px;stroke-linecap:butt;stroke-linejoin:miter;stroke-opacity:1' />
<path class='bond-4 atom-2 atom-9' d='M 197.3,112.0 L 169.6,160.0' style='fill:none;fill-rule:evenodd;stroke:#000000;stroke-width:2.0px;stroke-linecap:butt;stroke-linejoin:miter;stroke-opacity:1' />
<path class='bond-5 atom-3 atom-4' d='M 169.6,64.0 L 197.3,16.0' style='fill:none;fill-rule:evenodd;stroke:#000000;stroke-width:2.0px;stroke-linecap:butt;stroke-linejoin:miter;stroke-opacity:1' />
<path class='bond-6 atom-3 atom-6' d='M 169.6,64.0 L 114.1,64.0' style='fill:none;fill-rule:evenodd;stroke:#000000;stroke-width:2.0px;stroke-linecap:butt;stroke-linejoin:miter;stroke-opacity:1' />
<path class='bond-7 atom-4 atom-5' d='M 197.3,16.0 L 252.7,16.0' style='fill:none;fill-rule:evenodd;stroke:#000000;stroke-width:2.0px;stroke-linecap:butt;stroke-linejoin:miter;stroke-opacity:1' />
<path class='bond-7 atom-4 atom-5' d='M 201.6,23.4 L 248.4,23.4' style='fill:none;fill-rule:evenodd;stroke:#000000;stroke-width:2.0px;stroke-linecap:butt;stroke-linejoin:miter;stroke-opacity:1' />
<path class='bond-8 atom-6 atom-7' d='M 114.1,64.0 L 86.4,112.0' style='fill:none;fill-rule:evenodd;stroke:#000000;stroke-width:2.0px;stroke-linecap:butt;stroke-linejoin:miter;stroke-opacity:1' />
<path class='bond-8 atom-6 atom-7' d='M 118.4,71.4 L 95.0,112.0' style='fill:none;fill-rule:evenodd;stroke:#000000;stroke-width:2.0px;stroke-linecap:butt;stroke-linejoin:miter;stroke-opacity:1' />
<path class='bond-9 atom-7 atom-8' d='M 86.4,112.0 L 114.1,160.0' style='fill:none;fill-rule:evenodd;stroke:#000000;stroke-width:2.0px;stroke-linecap:butt;stroke-linejoin:miter;stroke-opacity:1' />
<path class='bond-10 atom-8 atom-9' d='M 114.1,160.0 L 169.6,160.0' style='fill:none;fill-rule:evenodd;stroke:#000000;stroke-width:2.0px;stroke-linecap:butt;stroke-linejoin:miter;stroke-opacity:1' />
<path class='bond-10 atom-8 atom-9' d='M 118.4,152.6 L 165.3,152.6' style='fill:none;fill-rule:evenodd;stroke:#000000;stroke-width:2.0px;stroke-linecap:butt;stroke-linejoin:miter;stroke-opacity:1' />
<path class='bond-11 atom-8 atom-11' d='M 114.1,160.0 L 86.4,208.0' style='fill:none;fill-rule:evenodd;stroke:#000000;stroke-width:2.0px;stroke-linecap:butt;stroke-linejoin:miter;stroke-opacity:1' />
<path class='bond-12 atom-9 atom-12' d='M 169.6,160.0 L 197.3,208.0' style='fill:none;fill-rule:evenodd;stroke:#000000;stroke-width:2.0px;stroke-linecap:butt;stroke-linejoin:miter;stroke-opacity:1' />
<path class='bond-13 atom-10 atom-11' d='M 114.1,256.0 L 86.4,208.0' style='fill:none;fill-rule:evenodd;stroke:#000000;stroke-width:2.0px;stroke-linecap:butt;stroke-linejoin:miter;stroke-opacity:1' />
<path class='bond-13 atom-10 atom-11' d='M 118.4,248.6 L 95.0,208.0' style='fill:none;fill-rule:evenodd;stroke:#000000;stroke-width:2.0px;stroke-linecap:butt;stroke-linejoin:miter;stroke-opacity:1' />
<path class='bond-14 atom-10 atom-13' d='M 114.1,256.0 L 169.6,256.0' style='fill:none;fill-rule:evenodd;stroke:#000000;stroke-width:2.0px;stroke-linecap:butt;stroke-linejoin:miter;stroke-opacity:1' />
<path class='bond-15 atom-12 atom-13' d='M 197.3,208.0 L 169.6,256.0' style='fill:none;fill-rule:evenodd;stroke:#000000;stroke-width:2.0px;stroke-linecap:butt;stroke-linejoin:miter;stroke-opacity:1' />
<path class='bond-15 atom-12 atom-13' d='M 188.7,208.0 L 165.3,248.6' style='fill:none;fill-rule:evenodd;stroke:#000000;stroke-width:2.0px;stroke-linecap:butt;stroke-linejoin:miter;stroke-opacity:1' />
<path class='bond-16 atom-12 atom-17' d='M 197.3,208.0 L 252.7,208.0' style='fill:none;fill-rule:evenodd;stroke:#000000;stroke-width:2.0px;stroke-linecap:butt;stroke-linejoin:miter;stroke-opacity:1' />
<path class='bond-17 atom-13 atom-14' d='M 169.6,256.0 L 197.3,304.0' style='fill:none;fill-rule:evenodd;stroke:#000000;stroke-width:2.0px;stroke-linecap:butt;stroke-linejoin:miter;stroke-opacity:1' />
<path class='bond-18 atom-14 atom-15' d='M 197.3,304.0 L 252.7,304.0' style='fill:none;fill-rule:evenodd;stroke:#000000;stroke-width:2.0px;stroke-linecap:butt;stroke-linejoin:miter;stroke-opacity:1' />
<path class='bond-18 atom-14 atom-15' d='M 201.6,296.6 L 248.4,296.6' style='fill:none;fill-rule:evenodd;stroke:#000000;stroke-width:2.0px;stroke-linecap:butt;stroke-linejoin:miter;stroke-opacity:1' />
<path class='bond-19 atom-15 atom-16' d='M 252.7,304.0 L 280.4,256.0' style='fill:none;fill-rule:evenodd;stroke:#000000;stroke-width:2.0px;stroke-linecap:butt;stroke-linejoin:miter;stroke-opacity:1' />
<path class='bond-20 atom-16 atom-17' d='M 280.4,256.0 L 252.7,208.0' style='fill:none;fill-rule:evenodd;stroke:#000000;stroke-width:2.0px;stroke-linecap:butt;stroke-linejoin:miter;stroke-opacity:1' />
<path class='bond-20 atom-16 atom-17' d='M 271.8,256.0 L 248.4,215.4' style='fill:none;fill-rule:evenodd;stroke:#000000;stroke-width:2.0px;stroke-linecap:butt;stroke-linejoin:miter;stroke-opacity:1' />
<path class='bond-21 atom-16 atom-19' d='M 280.4,256.0 L 335.9,256.0' style='fill:none;fill-rule:evenodd;stroke:#000000;stroke-width:2.0px;stroke-linecap:butt;stroke-linejoin:miter;stroke-opacity:1' />
<path class='bond-22 atom-17 atom-20' d='M 252.7,208.0 L 280.4,160.0' style='fill:none;fill-rule:evenodd;stroke:#000000;stroke-width:2.0px;stroke-linecap:butt;stroke-linejoin:miter;stroke-opacity:1' />
<path class='bond-23 atom-18 atom-19' d='M 363.6,208.0 L 335.9,256.0' style='fill:none;fill-rule:evenodd;stroke:#000000;stroke-width:2.0px;stroke-linecap:butt;stroke-linejoin:miter;stroke-opacity:1' />
<path class='bond-23 atom-18 atom-19' d='M 355.0,208.0 L 331.6,248.6' style='fill:none;fill-rule:evenodd;stroke:#000000;stroke-width:2.0px;stroke-linecap:butt;stroke-linejoin:miter;stroke-opacity:1' />
<path class='bond-24 atom-18 atom-21' d='M 363.6,208.0 L 335.9,160.0' style='fill:none;fill-rule:evenodd;stroke:#000000;stroke-width:2.0px;stroke-linecap:butt;stroke-linejoin:miter;stroke-opacity:1' />
<path class='bond-25 atom-20 atom-21' d='M 280.4,160.0 L 335.9,160.0' style='fill:none;fill-rule:evenodd;stroke:#000000;stroke-width:2.0px;stroke-linecap:butt;stroke-linejoin:miter;stroke-opacity:1' />
<path class='bond-25 atom-20 atom-21' d='M 284.7,167.4 L 331.6,167.4' style='fill:none;fill-rule:evenodd;stroke:#000000;stroke-width:2.0px;stroke-linecap:butt;stroke-linejoin:miter;stroke-opacity:1' />
<path class='bond-26 atom-20 atom-22' d='M 280.4,160.0 L 297.3,157.7' style='fill:none;fill-rule:evenodd;stroke:#000000;stroke-width:2.0px;stroke-linecap:butt;stroke-linejoin:miter;stroke-opacity:1' />
<path class='bond-27 atom-21 atom-25' d='M 335.9,160.0 L 319.0,157.7' style='fill:none;fill-rule:evenodd;stroke:#000000;stroke-width:2.0px;stroke-linecap:butt;stroke-linejoin:miter;stroke-opacity:1' />
<path class='bond-28 atom-22 atom-23' d='M 297.3,157.7 L 287.5,156.5' style='fill:none;fill-rule:evenodd;stroke:#000000;stroke-width:2.0px;stroke-linecap:butt;stroke-linejoin:miter;stroke-opacity:1' />
<path class='bond-28 atom-22 atom-23' d='M 296.4,165.1 L 286.6,163.9' style='fill:none;fill-rule:evenodd;stroke:#000000;stroke-width:2.0px;stroke-linecap:butt;stroke-linejoin:miter;stroke-opacity:1' />
<path class='bond-29 atom-23 atom-24' d='M 287.5,156.5 L 328.7,156.5' style='fill:none;fill-rule:evenodd;stroke:#000000;stroke-width:2.0px;stroke-linecap:butt;stroke-linejoin:miter;stroke-opacity:1' />
<path class='bond-30 atom-24 atom-25' d='M 328.7,156.5 L 319.0,157.7' style='fill:none;fill-rule:evenodd;stroke:#000000;stroke-width:2.0px;stroke-linecap:butt;stroke-linejoin:miter;stroke-opacity:1' />
<path class='bond-30 atom-24 atom-25' d='M 327.8,149.2 L 318.1,150.4' style='fill:none;fill-rule:evenodd;stroke:#000000;stroke-width:2.0px;stroke-linecap:butt;stroke-linejoin:miter;stroke-opacity:1' />
<path d='M 279.0,66.4 L 280.4,64.0 L 279.0,61.6' style='fill:none;stroke:#000000;stroke-width:2.0px;stroke-linecap:butt;stroke-linejoin:miter;stroke-opacity:1;' />
<path d='M 254.1,109.6 L 252.7,112.0 L 249.9,112.0' style='fill:none;stroke:#000000;stroke-width:2.0px;stroke-linecap:butt;stroke-linejoin:miter;stroke-opacity:1;' />
<path d='M 195.9,18.4 L 197.3,16.0 L 200.1,16.0' style='fill:none;stroke:#000000;stroke-width:2.0px;stroke-linecap:butt;stroke-linejoin:miter;stroke-opacity:1;' />
<path d='M 254.1,18.4 L 252.7,16.0 L 249.9,16.0' style='fill:none;stroke:#000000;stroke-width:2.0px;stroke-linecap:butt;stroke-linejoin:miter;stroke-opacity:1;' />
<path d='M 116.9,64.0 L 114.1,64.0 L 112.8,66.4' style='fill:none;stroke:#000000;stroke-width:2.0px;stroke-linecap:butt;stroke-linejoin:miter;stroke-opacity:1;' />
<path d='M 87.8,109.6 L 86.4,112.0 L 87.8,114.4' style='fill:none;stroke:#000000;stroke-width:2.0px;stroke-linecap:butt;stroke-linejoin:miter;stroke-opacity:1;' />
<path d='M 112.8,253.6 L 114.1,256.0 L 116.9,256.0' style='fill:none;stroke:#000000;stroke-width:2.0px;stroke-linecap:butt;stroke-linejoin:miter;stroke-opacity:1;' />
<path d='M 87.8,205.6 L 86.4,208.0 L 87.8,210.4' style='fill:none;stroke:#000000;stroke-width:2.0px;stroke-linecap:butt;stroke-linejoin:miter;stroke-opacity:1;' />
<path d='M 195.9,301.6 L 197.3,304.0 L 200.1,304.0' style='fill:none;stroke:#000000;stroke-width:2.0px;stroke-linecap:butt;stroke-linejoin:miter;stroke-opacity:1;' />
<path d='M 249.9,304.0 L 252.7,304.0 L 254.1,301.6' style='fill:none;stroke:#000000;stroke-width:2.0px;stroke-linecap:butt;stroke-linejoin:miter;stroke-opacity:1;' />
<path d='M 362.2,210.4 L 363.6,208.0 L 362.2,205.6' style='fill:none;stroke:#000000;stroke-width:2.0px;stroke-linecap:butt;stroke-linejoin:miter;stroke-opacity:1;' />
<path d='M 333.1,256.0 L 335.9,256.0 L 337.2,253.6' style='fill:none;stroke:#000000;stroke-width:2.0px;stroke-linecap:butt;stroke-linejoin:miter;stroke-opacity:1;' />
<path d='M 296.5,157.8 L 297.3,157.7 L 296.8,157.7' style='fill:none;stroke:#000000;stroke-width:2.0px;stroke-linecap:butt;stroke-linejoin:miter;stroke-opacity:1;' />
<path d='M 288.0,156.6 L 287.5,156.5 L 289.6,156.5' style='fill:none;stroke:#000000;stroke-width:2.0px;stroke-linecap:butt;stroke-linejoin:miter;stroke-opacity:1;' />
<path d='M 326.7,156.5 L 328.7,156.5 L 328.2,156.6' style='fill:none;stroke:#000000;stroke-width:2.0px;stroke-linecap:butt;stroke-linejoin:miter;stroke-opacity:1;' />
<path d='M 319.8,157.8 L 319.0,157.7 L 319.5,157.7' style='fill:none;stroke:#000000;stroke-width:2.0px;stroke-linecap:butt;stroke-linejoin:miter;stroke-opacity:1;' />
</svg>

