Tokens:
LParen	(	0
Digit	0	1
RParen	)	2
Keyword	22L	3
Sep	,	6
Digit	1	7
Haf	-	8
LStr	[	9
LParen	(	10
Digit	1	11
RParen	)	12
Keyword	6R	13
Sep	,	15
Digit	1	16
Haf	-	17
Keyword	OH	18
Sep	,	20
Digit	1	21
Haf	-	22
Keyword	Me	23
Sep	,	25
Digit	5	26
Haf	-	27
Keyword	Me	28
Sep	,	30
LParen	(	31
Digit	0	32
RParen	)	33
RStr	]	34
Sep	,	35
Digit	22	36
Haf	-	38
LStr	[	39
LParen	(	40
Digit	1	41
RParen	)	42
Keyword	6R	43
Sep	,	45
Digit	1	46
Haf	-	47
Keyword	OH	48
Sep	,	50
Digit	1	51
Haf	-	52
Keyword	Me	53
Sep	,	55
Digit	5	56
Haf	-	57
Keyword	Me	58
Sep	,	60
LParen	(	61
Digit	0	62
RParen	)	63
RStr	]	64
Sep	,	65
Digit	2	66
Haf	-	67
Keyword	=	68
Sep	,	69
Digit	4	70
Haf	-	71
Keyword	=	72
Sep	,	73
Digit	6	74
Haf	-	75
Keyword	=	76
Sep	,	77
Digit	8	78
Haf	-	79
Keyword	=	80
Sep	,	81
Digit	10	82
Haf	-	84
Keyword	=	85
Sep	,	86
Digit	12	87
Haf	-	89
Keyword	=	90
Sep	,	91
Digit	14	92
Haf	-	94
Keyword	=	95
Sep	,	96
Digit	16	97
Haf	-	99
Keyword	=	100
Sep	,	101
Digit	18	102
Haf	-	104
Keyword	=	105
Sep	,	106
Digit	20	107
Haf	-	109
Keyword	=	110
Sep	,	111
Digit	3	112
Haf	-	113
Keyword	Me	114
Sep	,	116
Digit	7	117
Haf	-	118
Keyword	Me	119
Sep	,	121
Digit	12	122
Haf	-	124
Keyword	Me	125
Sep	,	127
Digit	16	128
Haf	-	130
Keyword	Me	131
Sep	,	133
Digit	20	134
Haf	-	136
Keyword	Me	137
Sep	,	139
LParen	(	140
Digit	0	141
RParen	)	142
Semi	;	143
End		144
AST:
CPO #1:
  Interface L:
    Poses: 0
  Core: 22L
  Subs: entry
    Poses: 1
    Group:
      Interface L:
        Poses: 1
      Core: 6R
      Subs: entry
        Poses: 1
        Sub Core:
          Core: OH
        Next:
          Subs: entry
            Poses: 1
            Sub Core:
              Core: Me
            Next:
              Subs: entry
                Poses: 5
                Sub Core:
                  Core: Me
      Interface R:
        Poses: 0
    Next:
      Subs: entry
        Poses: 22
        Group:
          Interface L:
            Poses: 1
          Core: 6R
          Subs: entry
            Poses: 1
            Sub Core:
              Core: OH
            Next:
              Subs: entry
                Poses: 1
                Sub Core:
                  Core: Me
                Next:
                  Subs: entry
                    Poses: 5
                    Sub Core:
                      Core: Me
          Interface R:
            Poses: 0
        Next:
          Subs: entry
            Poses: 2
            Sub Core:
              Core: =
            Next:
              Subs: entry
                Poses: 4
                Sub Core:
                  Core: =
                Next:
                  Subs: entry
                    Poses: 6
                    Sub Core:
                      Core: =
                    Next:
                      Subs: entry
                        Poses: 8
                        Sub Core:
                          Core: =
                        Next:
                          Subs: entry
                            Poses: 10
                            Sub Core:
                              Core: =
                            Next:
                              Subs: entry
                                Poses: 12
                                Sub Core:
                                  Core: =
                                Next:
                                  Subs: entry
                                    Poses: 14
                                    Sub Core:
                                      Core: =
                                    Next:
                                      Subs: entry
                                        Poses: 16
                                        Sub Core:
                                          Core: =
                                        Next:
                                          Subs: entry
                                            Poses: 18
                                            Sub Core:
                                              Core: =
                                            Next:
                                              Subs: entry
                                                Poses: 20
                                                Sub Core:
                                                  Core: =
                                                Next:
                                                  Subs: entry
                                                    Poses: 3
                                                    Sub Core:
                                                      Core: Me
                                                    Next:
                                                      Subs: entry
                                                        Poses: 7
                                                        Sub Core:
                                                          Core: Me
                                                        Next:
                                                          Subs: entry
                                                            Poses: 12
                                                            Sub Core:
                                                              Core: Me
                                                            Next:
                                                              Subs: entry
                                                                Poses: 16
                                                                Sub Core:
                                                                  Core: Me
                                                                Next:
                                                                  Subs: entry
                                                                    Poses: 20
                                                                    Sub Core:
                                                                      Core: Me
  Interface R:
    Poses: 0
IR:
C(1,2,23,0,0,0,0)
C(2,1,3,3,0,0,0)
C(3,2,4,2,43,0,0)
C(4,3,5,5,0,0,0)
C(5,4,6,4,0,0,0)
C(6,5,7,7,0,0,0)
C(7,6,8,6,44,0,0)
C(8,7,9,9,0,0,0)
C(9,8,10,8,0,0,0)
C(10,9,11,11,0,0,0)
C(11,10,12,10,0,0,0)
C(12,11,13,13,45,0,0)
C(13,12,14,12,0,0,0)
C(14,13,15,15,0,0,0)
C(15,14,16,14,0,0,0)
C(16,15,17,17,46,0,0)
C(17,16,18,16,0,0,0)
C(18,17,19,19,0,0,0)
C(19,18,20,18,0,0,0)
C(20,19,21,21,47,0,0)
C(21,20,22,20,0,0,0)
C(22,21,33,0,0,0,0)
C(23,24,28,29,31,1,0)
C(24,25,23,0,0,0,0)
C(25,26,24,0,0,0,0)
C(26,27,25,0,0,0,0)
C(27,28,26,32,0,0,0)
C(28,23,27,0,0,0,0)
O(29,30,23,0,0,0,0)
H(30,29,0,0,0,0,0)
C(31,23,0,0,0,0,0)
C(32,27,0,0,0,0,0)
C(33,34,38,39,41,22,0)
C(34,35,33,0,0,0,0)
C(35,36,34,0,0,0,0)
C(36,37,35,0,0,0,0)
C(37,38,36,42,0,0,0)
C(38,33,37,0,0,0,0)
O(39,40,33,0,0,0,0)
H(40,39,0,0,0,0,0)
C(41,33,0,0,0,0,0)
C(42,37,0,0,0,0,0)
C(43,3,0,0,0,0,0)
C(44,7,0,0,0,0,0)
C(45,12,0,0,0,0,0)
C(46,16,0,0,0,0,0)
C(47,20,0,0,0,0,0)
SVG:
<?xml version='1.0' encoding='iso-8859-1'?>
<svg version='1.1' baseProfile='full'
              xmlns='http://www.w3.org/2000/svg'
                      xmlns:rdkit='http://www.rdkit.org/xml'
                      xmlns:xlink='http://www.w3.org/1999/xlink'
                  xml:space='preserve'
width='450px' height='320px' viewBox='0 0 450 320'>
<!-- END OF HEADER -->
<rect style='opacity:1.0;fill:#FFFFFF;stroke:none' width='450.0' height='320.0' x='0.0' y='0.0'> </rect>
<path class='bond-0 atom-0 atom-1' d='M 136.7,52.0 L 147.1,70.0' style='fill:none;fill-rule:evenodd;stroke:#000000;stroke-width:2.0px;stroke-linecap:butt;stroke-linejoin:miter;stroke-opacity:1' />
<path class='bond-1 atom-0 atom-22' d='M 136.7,52.0 L 115.9,52.0' style='fill:none;fill-rule:evenodd;stroke:#000000;stroke-width:2.0px;stroke-linecap:butt;stroke-linejoin:miter;stroke-opacity:1' />
<path class='bond-2 atom-1 atom-2' d='M 147.1,70.0 L 167.8,70.0' style='fill:none;fill-rule:evenodd;stroke:#000000;stroke-width:2.0px;stroke-linecap:butt;stroke-linejoin:miter;stroke-opacity:1' />
<path class='bond-2 atom-1 atom-2' d='M 148.9,66.9 L 166.0,66.9' style='fill:none;fill-rule:evenodd;stroke:#000000;stroke-width:2.0px;stroke-linecap:butt;stroke-linejoin:miter;stroke-opacity:1' />
<path class='bond-3 atom-2 atom-3' d='M 167.8,70.0 L 178.2,52.0' style='fill:none;fill-rule:evenodd;stroke:#000000;stroke-width:2.0px;stroke-linecap:butt;stroke-linejoin:miter;stroke-opacity:1' />
<path class='bond-4 atom-2 atom-42' d='M 167.8,70.0 L 178.2,88.0' style='fill:none;fill-rule:evenodd;stroke:#000000;stroke-width:2.0px;stroke-linecap:butt;stroke-linejoin:miter;stroke-opacity:1' />
<path class='bond-5 atom-3 atom-4' d='M 178.2,52.0 L 199.0,52.0' style='fill:none;fill-rule:evenodd;stroke:#000000;stroke-width:2.0px;stroke-linecap:butt;stroke-linejoin:miter;stroke-opacity:1' />
<path class='bond-5 atom-3 atom-4' d='M 180.0,55.1 L 199.0,55.1' style='fill:none;fill-rule:evenodd;stroke:#000000;stroke-width:2.0px;stroke-linecap:butt;stroke-linejoin:miter;stroke-opacity:1' />
<path class='bond-6 atom-4 atom-5' d='M 199.0,52.0 L 209.4,34.0' style='fill:none;fill-rule:evenodd;stroke:#000000;stroke-width:2.0px;stroke-linecap:butt;stroke-linejoin:miter;stroke-opacity:1' />
<path class='bond-7 atom-5 atom-6' d='M 209.4,34.0 L 230.2,34.0' style='fill:none;fill-rule:evenodd;stroke:#000000;stroke-width:2.0px;stroke-linecap:butt;stroke-linejoin:miter;stroke-opacity:1' />
<path class='bond-7 atom-5 atom-6' d='M 211.2,37.1 L 228.4,37.1' style='fill:none;fill-rule:evenodd;stroke:#000000;stroke-width:2.0px;stroke-linecap:butt;stroke-linejoin:miter;stroke-opacity:1' />
<path class='bond-8 atom-6 atom-7' d='M 230.2,34.0 L 240.6,52.0' style='fill:none;fill-rule:evenodd;stroke:#000000;stroke-width:2.0px;stroke-linecap:butt;stroke-linejoin:miter;stroke-opacity:1' />
<path class='bond-9 atom-6 atom-43' d='M 230.2,34.0 L 240.6,16.0' style='fill:none;fill-rule:evenodd;stroke:#000000;stroke-width:2.0px;stroke-linecap:butt;stroke-linejoin:miter;stroke-opacity:1' />
<path class='bond-10 atom-7 atom-8' d='M 240.6,52.0 L 261.4,52.0' style='fill:none;fill-rule:evenodd;stroke:#000000;stroke-width:2.0px;stroke-linecap:butt;stroke-linejoin:miter;stroke-opacity:1' />
<path class='bond-10 atom-7 atom-8' d='M 242.4,48.9 L 261.4,48.9' style='fill:none;fill-rule:evenodd;stroke:#000000;stroke-width:2.0px;stroke-linecap:butt;stroke-linejoin:miter;stroke-opacity:1' />
<path class='bond-11 atom-8 atom-9' d='M 261.4,52.0 L 271.8,70.0' style='fill:none;fill-rule:evenodd;stroke:#000000;stroke-width:2.0px;stroke-linecap:butt;stroke-linejoin:miter;stroke-opacity:1' />
<path class='bond-12 atom-9 atom-10' d='M 271.8,70.0 L 292.5,70.0' style='fill:none;fill-rule:evenodd;stroke:#000000;stroke-width:2.0px;stroke-linecap:butt;stroke-linejoin:miter;stroke-opacity:1' />
<path class='bond-12 atom-9 atom-10' d='M 273.6,66.9 L 292.5,66.9' style='fill:none;fill-rule:evenodd;stroke:#000000;stroke-width:2.0px;stroke-linecap:butt;stroke-linejoin:miter;stroke-opacity:1' />
<path class='bond-13 atom-10 atom-11' d='M 292.5,70.0 L 302.9,88.0' style='fill:none;fill-rule:evenodd;stroke:#000000;stroke-width:2.0px;stroke-linecap:butt;stroke-linejoin:miter;stroke-opacity:1' />
<path class='bond-14 atom-11 atom-12' d='M 302.9,88.0 L 292.5,106.0' style='fill:none;fill-rule:evenodd;stroke:#000000;stroke-width:2.0px;stroke-linecap:butt;stroke-linejoin:miter;stroke-opacity:1' />
<path class='bond-14 atom-11 atom-12' d='M 304.7,91.1 L 296.1,106.0' style='fill:none;fill-rule:evenodd;stroke:#000000;stroke-width:2.0px;stroke-linecap:butt;stroke-linejoin:miter;stroke-opacity:1' />
<path class='bond-15 atom-11 atom-44' d='M 302.9,88.0 L 323.7,88.0' style='fill:none;fill-rule:evenodd;stroke:#000000;stroke-width:2.0px;stroke-linecap:butt;stroke-linejoin:miter;stroke-opacity:1' />
<path class='bond-16 atom-12 atom-13' d='M 292.5,106.0 L 302.9,124.0' style='fill:none;fill-rule:evenodd;stroke:#000000;stroke-width:2.0px;stroke-linecap:butt;stroke-linejoin:miter;stroke-opacity:1' />
<path class='bond-17 atom-13 atom-14' d='M 302.9,124.0 L 292.5,142.0' style='fill:none;fill-rule:evenodd;stroke:#000000;stroke-width:2.0px;stroke-linecap:butt;stroke-linejoin:miter;stroke-opacity:1' />
<path class='bond-17 atom-13 atom-14' d='M 299.3,124.0 L 289.8,140.4' style='fill:none;fill-rule:evenodd;stroke:#000000;stroke-width:2.0px;stroke-linecap:butt;stroke-linejoin:miter;stroke-opacity:1' />
<path class='bond-18 atom-14 atom-15' d='M 292.5,142.0 L 302.9,160.0' style='fill:none;fill-rule:evenodd;stroke:#000000;stroke-width:2.0px;stroke-linecap:butt;stroke-linejoin:miter;stroke-opacity:1' />
<path class='bond-19 atom-15 atom-16' d='M 302.9,160.0 L 323.7,160.0' style='fill:none;fill-rule:evenodd;stroke:#000000;stroke-width:2.0px;stroke-linecap:butt;stroke-linejoin:miter;stroke-opacity:1' />
<path class='bond-19 atom-15 atom-16' d='M 304.7,163.1 L 321.9,163.1' style='fill:none;fill-rule:evenodd;stroke:#000000;stroke-width:2.0px;stroke-linecap:butt;stroke-linejoin:miter;stroke-opacity:1' />
<path class='bond-20 atom-15 atom-45' d='M 302.9,160.0 L 292.5,178.0' style='fill:none;fill-rule:evenodd;stroke:#000000;stroke-width:2.0px;stroke-linecap:butt;stroke-linejoin:miter;stroke-opacity:1' />
<path class='bond-21 atom-16 atom-17' d='M 323.7,160.0 L 334.1,178.0' style='fill:none;fill-rule:evenodd;stroke:#000000;stroke-width:2.0px;stroke-linecap:butt;stroke-linejoin:miter;stroke-opacity:1' />
<path class='bond-22 atom-17 atom-18' d='M 334.1,178.0 L 354.9,178.0' style='fill:none;fill-rule:evenodd;stroke:#000000;stroke-width:2.0px;stroke-linecap:butt;stroke-linejoin:miter;stroke-opacity:1' />
<path class='bond-22 atom-17 atom-18' d='M 335.9,174.9 L 354.9,174.9' style='fill:none;fill-rule:evenodd;stroke:#000000;stroke-width:2.0px;stroke-linecap:butt;stroke-linejoin:miter;stroke-opacity:1' />
<path class='bond-23 atom-18 atom-19' d='M 354.9,178.0 L 365.3,196.0' style='fill:none;fill-rule:evenodd;stroke:#000000;stroke-width:2.0px;stroke-linecap:butt;stroke-linejoin:miter;stroke-opacity:1' />
<path class='bond-24 atom-19 atom-20' d='M 365.3,196.0 L 354.9,214.0' style='fill:none;fill-rule:evenodd;stroke:#000000;stroke-width:2.0px;stroke-linecap:butt;stroke-linejoin:miter;stroke-opacity:1' />
<path class='bond-24 atom-19 atom-20' d='M 367.1,199.1 L 358.5,214.0' style='fill:none;fill-rule:evenodd;stroke:#000000;stroke-width:2.0px;stroke-linecap:butt;stroke-linejoin:miter;stroke-opacity:1' />
<path class='bond-25 atom-19 atom-46' d='M 365.3,196.0 L 386.1,196.0' style='fill:none;fill-rule:evenodd;stroke:#000000;stroke-width:2.0px;stroke-linecap:butt;stroke-linejoin:miter;stroke-opacity:1' />
<path class='bond-26 atom-20 atom-21' d='M 354.9,214.0 L 365.3,232.0' style='fill:none;fill-rule:evenodd;stroke:#000000;stroke-width:2.0px;stroke-linecap:butt;stroke-linejoin:miter;stroke-opacity:1' />
<path class='bond-27 atom-21 atom-32' d='M 365.3,232.0 L 354.9,250.0' style='fill:none;fill-rule:evenodd;stroke:#000000;stroke-width:2.0px;stroke-linecap:butt;stroke-linejoin:miter;stroke-opacity:1' />
<path class='bond-28 atom-22 atom-23' d='M 115.9,52.0 L 126.3,34.0' style='fill:none;fill-rule:evenodd;stroke:#000000;stroke-width:2.0px;stroke-linecap:butt;stroke-linejoin:miter;stroke-opacity:1' />
<path class='bond-29 atom-22 atom-27' d='M 115.9,52.0 L 95.1,52.0' style='fill:none;fill-rule:evenodd;stroke:#000000;stroke-width:2.0px;stroke-linecap:butt;stroke-linejoin:miter;stroke-opacity:1' />
<path class='bond-30 atom-22 atom-28' d='M 115.9,52.0 L 120.0,59.2' style='fill:none;fill-rule:evenodd;stroke:#000000;stroke-width:2.0px;stroke-linecap:butt;stroke-linejoin:miter;stroke-opacity:1' />
<path class='bond-30 atom-22 atom-28' d='M 120.0,59.2 L 124.2,66.3' style='fill:none;fill-rule:evenodd;stroke:#FF0000;stroke-width:2.0px;stroke-linecap:butt;stroke-linejoin:miter;stroke-opacity:1' />
<path class='bond-31 atom-22 atom-30' d='M 115.9,52.0 L 105.5,70.0' style='fill:none;fill-rule:evenodd;stroke:#000000;stroke-width:2.0px;stroke-linecap:butt;stroke-linejoin:miter;stroke-opacity:1' />
<path class='bond-32 atom-23 atom-24' d='M 126.3,34.0 L 115.9,16.0' style='fill:none;fill-rule:evenodd;stroke:#000000;stroke-width:2.0px;stroke-linecap:butt;stroke-linejoin:miter;stroke-opacity:1' />
<path class='bond-33 atom-24 atom-25' d='M 115.9,16.0 L 95.1,16.0' style='fill:none;fill-rule:evenodd;stroke:#000000;stroke-width:2.0px;stroke-linecap:butt;stroke-linejoin:miter;stroke-opacity:1' />
<path class='bond-34 atom-25 atom-26' d='M 95.1,16.0 L 84.7,34.0' style='fill:none;fill-rule:evenodd;stroke:#000000;stroke-width:2.0px;stroke-linecap:butt;stroke-linejoin:miter;stroke-opacity:1' />
<path class='bond-35 atom-26 atom-27' d='M 84.7,34.0 L 95.1,52.0' style='fill:none;fill-rule:evenodd;stroke:#000000;stroke-width:2.0px;stroke-linecap:butt;stroke-linejoin:miter;stroke-opacity:1' />
<path class='bond-36 atom-26 atom-31' d='M 84.7,34.0 L 63.9,34.0' style='fill:none;fill-rule:evenodd;stroke:#000000;stroke-width:2.0px;stroke-linecap:butt;stroke-linejoin:miter;stroke-opacity:1' />
<path class='bond-37 atom-28 atom-29' d='M 124.1,73.8 L 121.0,79.1' style='fill:none;fill-rule:evenodd;stroke:#FF0000;stroke-width:2.0px;stroke-linecap:butt;stroke-linejoin:miter;stroke-opacity:1' />
<path class='bond-37 atom-28 atom-29' d='M 121.0,79.1 L 118.0,84.4' style='fill:none;fill-rule:evenodd;stroke:#000000;stroke-width:2.0px;stroke-linecap:butt;stroke-linejoin:miter;stroke-opacity:1' />
<path class='bond-38 atom-32 atom-33' d='M 354.9,250.0 L 375.7,250.0' style='fill:none;fill-rule:evenodd;stroke:#000000;stroke-width:2.0px;stroke-linecap:butt;stroke-linejoin:miter;stroke-opacity:1' />
<path class='bond-39 atom-32 atom-37' d='M 354.9,250.0 L 344.5,268.0' style='fill:none;fill-rule:evenodd;stroke:#000000;stroke-width:2.0px;stroke-linecap:butt;stroke-linejoin:miter;stroke-opacity:1' />
<path class='bond-40 atom-32 atom-38' d='M 354.9,250.0 L 346.2,250.0' style='fill:none;fill-rule:evenodd;stroke:#000000;stroke-width:2.0px;stroke-linecap:butt;stroke-linejoin:miter;stroke-opacity:1' />
<path class='bond-40 atom-32 atom-38' d='M 346.2,250.0 L 337.5,250.0' style='fill:none;fill-rule:evenodd;stroke:#FF0000;stroke-width:2.0px;stroke-linecap:butt;stroke-linejoin:miter;stroke-opacity:1' />
<path class='bond-41 atom-32 atom-40' d='M 354.9,250.0 L 344.5,232.0' style='fill:none;fill-rule:evenodd;stroke:#000000;stroke-width:2.0px;stroke-linecap:butt;stroke-linejoin:miter;stroke-opacity:1' />
<path class='bond-42 atom-33 atom-34' d='M 375.7,250.0 L 386.1,268.0' style='fill:none;fill-rule:evenodd;stroke:#000000;stroke-width:2.0px;stroke-linecap:butt;stroke-linejoin:miter;stroke-opacity:1' />
<path class='bond-43 atom-34 atom-35' d='M 386.1,268.0 L 375.7,286.0' style='fill:none;fill-rule:evenodd;stroke:#000000;stroke-width:2.0px;stroke-linecap:butt;stroke-linejoin:miter;stroke-opacity:1' />
<path class='bond-44 atom-35 atom-36' d='M 375.7,286.0 L 354.9,286.0' style='fill:none;fill-rule:evenodd;stroke:#000000;stroke-width:2.0px;stroke-linecap:butt;stroke-linejoin:miter;stroke-opacity:1' />
<path class='bond-45 atom-36 atom-37' d='M 354.9,286.0 L 344.5,268.0' style='fill:none;fill-rule:evenodd;stroke:#000000;stroke-width:2.0px;stroke-linecap:butt;stroke-linejoin:miter;stroke-opacity:1' />
<path class='bond-46 atom-36 atom-41' d='M 354.9,286.0 L 344.5,304.0' style='fill:none;fill-rule:evenodd;stroke:#000000;stroke-width:2.0px;stroke-linecap:butt;stroke-linejoin:miter;stroke-opacity:1' />
<path class='bond-47 atom-38 atom-39' d='M 332.0,253.8 L 328.9,259.1' style='fill:none;fill-rule:evenodd;stroke:#FF0000;stroke-width:2.0px;stroke-linecap:butt;stroke-linejoin:miter;stroke-opacity:1' />
<path class='bond-47 atom-38 atom-39' d='M 328.9,259.1 L 325.8,264.4' style='fill:none;fill-rule:evenodd;stroke:#000000;stroke-width:2.0px;stroke-linecap:butt;stroke-linejoin:miter;stroke-opacity:1' />
<path d='M 137.2,52.9 L 136.7,52.0 L 135.6,52.0' style='fill:none;stroke:#000000;stroke-width:2.0px;stroke-linecap:butt;stroke-linejoin:miter;stroke-opacity:1;' />
<path d='M 146.5,69.1 L 147.1,70.0 L 148.1,70.0' style='fill:none;stroke:#000000;stroke-width:2.0px;stroke-linecap:butt;stroke-linejoin:miter;stroke-opacity:1;' />
<path d='M 177.7,52.9 L 178.2,52.0 L 179.3,52.0' style='fill:none;stroke:#000000;stroke-width:2.0px;stroke-linecap:butt;stroke-linejoin:miter;stroke-opacity:1;' />
<path d='M 198.0,52.0 L 199.0,52.0 L 199.5,51.1' style='fill:none;stroke:#000000;stroke-width:2.0px;stroke-linecap:butt;stroke-linejoin:miter;stroke-opacity:1;' />
<path d='M 208.9,34.9 L 209.4,34.0 L 210.5,34.0' style='fill:none;stroke:#000000;stroke-width:2.0px;stroke-linecap:butt;stroke-linejoin:miter;stroke-opacity:1;' />
<path d='M 240.1,51.1 L 240.6,52.0 L 241.6,52.0' style='fill:none;stroke:#000000;stroke-width:2.0px;stroke-linecap:butt;stroke-linejoin:miter;stroke-opacity:1;' />
<path d='M 260.3,52.0 L 261.4,52.0 L 261.9,52.9' style='fill:none;stroke:#000000;stroke-width:2.0px;stroke-linecap:butt;stroke-linejoin:miter;stroke-opacity:1;' />
<path d='M 271.2,69.1 L 271.8,70.0 L 272.8,70.0' style='fill:none;stroke:#000000;stroke-width:2.0px;stroke-linecap:butt;stroke-linejoin:miter;stroke-opacity:1;' />
<path d='M 291.5,70.0 L 292.5,70.0 L 293.1,70.9' style='fill:none;stroke:#000000;stroke-width:2.0px;stroke-linecap:butt;stroke-linejoin:miter;stroke-opacity:1;' />
<path d='M 293.1,105.1 L 292.5,106.0 L 293.1,106.9' style='fill:none;stroke:#000000;stroke-width:2.0px;stroke-linecap:butt;stroke-linejoin:miter;stroke-opacity:1;' />
<path d='M 302.4,123.1 L 302.9,124.0 L 302.4,124.9' style='fill:none;stroke:#000000;stroke-width:2.0px;stroke-linecap:butt;stroke-linejoin:miter;stroke-opacity:1;' />
<path d='M 293.1,141.1 L 292.5,142.0 L 293.1,142.9' style='fill:none;stroke:#000000;stroke-width:2.0px;stroke-linecap:butt;stroke-linejoin:miter;stroke-opacity:1;' />
<path d='M 322.7,160.0 L 323.7,160.0 L 324.2,160.9' style='fill:none;stroke:#000000;stroke-width:2.0px;stroke-linecap:butt;stroke-linejoin:miter;stroke-opacity:1;' />
<path d='M 333.6,177.1 L 334.1,178.0 L 335.2,178.0' style='fill:none;stroke:#000000;stroke-width:2.0px;stroke-linecap:butt;stroke-linejoin:miter;stroke-opacity:1;' />
<path d='M 353.9,178.0 L 354.9,178.0 L 355.4,178.9' style='fill:none;stroke:#000000;stroke-width:2.0px;stroke-linecap:butt;stroke-linejoin:miter;stroke-opacity:1;' />
<path d='M 355.4,213.1 L 354.9,214.0 L 355.4,214.9' style='fill:none;stroke:#000000;stroke-width:2.0px;stroke-linecap:butt;stroke-linejoin:miter;stroke-opacity:1;' />
<path d='M 364.8,231.1 L 365.3,232.0 L 364.8,232.9' style='fill:none;stroke:#000000;stroke-width:2.0px;stroke-linecap:butt;stroke-linejoin:miter;stroke-opacity:1;' />
<path d='M 125.8,34.9 L 126.3,34.0 L 125.8,33.1' style='fill:none;stroke:#000000;stroke-width:2.0px;stroke-linecap:butt;stroke-linejoin:miter;stroke-opacity:1;' />
<path d='M 116.4,16.9 L 115.9,16.0 L 114.8,16.0' style='fill:none;stroke:#000000;stroke-width:2.0px;stroke-linecap:butt;stroke-linejoin:miter;stroke-opacity:1;' />
<path d='M 96.1,16.0 L 95.1,16.0 L 94.6,16.9' style='fill:none;stroke:#000000;stroke-width:2.0px;stroke-linecap:butt;stroke-linejoin:miter;stroke-opacity:1;' />
<path d='M 96.1,52.0 L 95.1,52.0 L 94.6,51.1' style='fill:none;stroke:#000000;stroke-width:2.0px;stroke-linecap:butt;stroke-linejoin:miter;stroke-opacity:1;' />
<path d='M 374.6,250.0 L 375.7,250.0 L 376.2,250.9' style='fill:none;stroke:#000000;stroke-width:2.0px;stroke-linecap:butt;stroke-linejoin:miter;stroke-opacity:1;' />
<path d='M 385.6,267.1 L 386.1,268.0 L 385.6,268.9' style='fill:none;stroke:#000000;stroke-width:2.0px;stroke-linecap:butt;stroke-linejoin:miter;stroke-opacity:1;' />
<path d='M 376.2,285.1 L 375.7,286.0 L 374.6,286.0' style='fill:none;stroke:#000000;stroke-width:2.0px;stroke-linecap:butt;stroke-linejoin:miter;stroke-opacity:1;' />
<path d='M 345.0,267.1 L 344.5,268.0 L 345.0,268.9' style='fill:none;stroke:#000000;stroke-width:2.0px;stroke-linecap:butt;stroke-linejoin:miter;stroke-opacity:1;' />
<path class='atom-28' d='M 123.6 70.0
Q 123.6 68.6, 124.3 67.8
Q 125.0 67.0, 126.3 67.0
Q 127.6 67.0, 128.3 67.8
Q 129.0 68.6, 129.0 70.0
Q 129.0 71.4, 128.3 72.3
Q 127.6 73.1, 126.3 73.1
Q 125.0 73.1, 124.3 72.3
Q 123.6 71.5, 123.6 70.0
M 126.3 72.4
Q 127.2 72.4, 127.7 71.8
Q 128.1 71.2, 128.1 70.0
Q 128.1 68.9, 127.7 68.3
Q 127.2 67.7, 126.3 67.7
Q 125.4 67.7, 124.9 68.3
Q 124.4 68.9, 124.4 70.0
Q 124.4 71.2, 124.9 71.8
Q 125.4 72.4, 126.3 72.4
' fill='#FF0000'/>
<path class='atom-29' d='M 113.6 85.1
L 114.4 85.1
L 114.4 87.6
L 117.4 87.6
L 117.4 85.1
L 118.2 85.1
L 118.2 90.9
L 117.4 90.9
L 117.4 88.2
L 114.4 88.2
L 114.4 90.9
L 113.6 90.9
L 113.6 85.1
' fill='#000000'/>
<path class='atom-38' d='M 331.4 250.0
Q 331.4 248.6, 332.1 247.8
Q 332.8 247.0, 334.1 247.0
Q 335.4 247.0, 336.1 247.8
Q 336.8 248.6, 336.8 250.0
Q 336.8 251.4, 336.1 252.3
Q 335.4 253.1, 334.1 253.1
Q 332.8 253.1, 332.1 252.3
Q 331.4 251.5, 331.4 250.0
M 334.1 252.4
Q 335.0 252.4, 335.5 251.8
Q 336.0 251.2, 336.0 250.0
Q 336.0 248.9, 335.5 248.3
Q 335.0 247.7, 334.1 247.7
Q 333.2 247.7, 332.7 248.3
Q 332.2 248.9, 332.2 250.0
Q 332.2 251.2, 332.7 251.8
Q 333.2 252.4, 334.1 252.4
' fill='#FF0000'/>
<path class='atom-39' d='M 321.4 265.1
L 322.2 265.1
L 322.2 267.6
L 325.2 267.6
L 325.2 265.1
L 326.0 265.1
L 326.0 270.9
L 325.2 270.9
L 325.2 268.2
L 322.2 268.2
L 322.2 270.9
L 321.4 270.9
L 321.4 265.1
' fill='#000000'/>
</svg>

