Tokens:
Keyword	N	0
Keyword	C	1
Keyword	N	2
Keyword	C	3
Keyword	N	4
Sep	,	5
Digit	1	6
Haf	-	7
Keyword	Me	8
Sep	,	10
Digit	1	11
Haf	-	12
Keyword	Me	13
Sep	,	15
Digit	2	16
Haf	-	17
Keyword	=	18
Keyword	N	19
Sep	,	20
Digit	4	21
Haf	-	22
Keyword	=	23
Keyword	N	24
Semi	;	25
End		26
AST:
CPO #1:
  Interface L (connect):
    Poses: 0
  Core: N C N C N
  Subs: entry attach
    Poses: 1
    Sub Core:
      Core: Me
    Next:
      Subs: entry attach
        Poses: 1
        Sub Core:
          Core: Me
        Next:
          Subs: entry attach
            Poses: 2
            Sub Core:
              Core: = N
            Next:
              Subs: entry attach
                Poses: 4
                Sub Core:
                  Core: = N
  Interface R (connect):
    Poses: 0
IR:
N(1,2,6,7,0,0,0)
C(2,1,3,8,8,0,0)
N(3,2,4,0,0,0,0)
C(4,3,5,9,9,0,0)
N(5,4,0,0,0,0,0)
C(6,1,0,0,0,0,0)
C(7,1,0,0,0,0,0)
N(8,2,2,0,0,0,0)
N(9,4,4,0,0,0,0)
SVG:
<?xml version='1.0' encoding='iso-8859-1'?>
<svg version='1.1' baseProfile='full'
              xmlns='http://www.w3.org/2000/svg'
                      xmlns:rdkit='http://www.rdkit.org/xml'
                      xmlns:xlink='http://www.w3.org/1999/xlink'
                  xml:space='preserve'
width='450px' height='320px' viewBox='0 0 450 320'>
<!-- END OF HEADER -->
<rect style='opacity:1.0;fill:#FFFFFF;stroke:none' width='450.0' height='320.0' x='0.0' y='0.0'> </rect>
<path class='bond-0 atom-0 atom-1' d='M 225.0,262.1 L 225.0,236.5' style='fill:none;fill-rule:evenodd;stroke:#0000FF;stroke-width:2.0px;stroke-linecap:butt;stroke-linejoin:miter;stroke-opacity:1' />
<path class='bond-0 atom-0 atom-1' d='M 225.0,236.5 L 225.0,210.9' style='fill:none;fill-rule:evenodd;stroke:#000000;stroke-width:2.0px;stroke-linecap:butt;stroke-linejoin:miter;stroke-opacity:1' />
<path class='bond-1 atom-0 atom-5' d='M 216.3,278.0 L 193.8,291.0' style='fill:none;fill-rule:evenodd;stroke:#0000FF;stroke-width:2.0px;stroke-linecap:butt;stroke-linejoin:miter;stroke-opacity:1' />
<path class='bond-1 atom-0 atom-5' d='M 193.8,291.0 L 171.3,304.0' style='fill:none;fill-rule:evenodd;stroke:#000000;stroke-width:2.0px;stroke-linecap:butt;stroke-linejoin:miter;stroke-opacity:1' />
<path class='bond-2 atom-0 atom-6' d='M 233.7,278.0 L 256.2,291.0' style='fill:none;fill-rule:evenodd;stroke:#0000FF;stroke-width:2.0px;stroke-linecap:butt;stroke-linejoin:miter;stroke-opacity:1' />
<path class='bond-2 atom-0 atom-6' d='M 256.2,291.0 L 278.7,304.0' style='fill:none;fill-rule:evenodd;stroke:#000000;stroke-width:2.0px;stroke-linecap:butt;stroke-linejoin:miter;stroke-opacity:1' />
<path class='bond-3 atom-1 atom-2' d='M 225.0,210.9 L 202.5,197.9' style='fill:none;fill-rule:evenodd;stroke:#000000;stroke-width:2.0px;stroke-linecap:butt;stroke-linejoin:miter;stroke-opacity:1' />
<path class='bond-3 atom-1 atom-2' d='M 202.5,197.9 L 180.0,184.9' style='fill:none;fill-rule:evenodd;stroke:#0000FF;stroke-width:2.0px;stroke-linecap:butt;stroke-linejoin:miter;stroke-opacity:1' />
<path class='bond-4 atom-1 atom-7' d='M 225.0,210.9 L 247.5,197.9' style='fill:none;fill-rule:evenodd;stroke:#000000;stroke-width:2.0px;stroke-linecap:butt;stroke-linejoin:miter;stroke-opacity:1' />
<path class='bond-4 atom-1 atom-7' d='M 247.5,197.9 L 270.0,184.9' style='fill:none;fill-rule:evenodd;stroke:#0000FF;stroke-width:2.0px;stroke-linecap:butt;stroke-linejoin:miter;stroke-opacity:1' />
<path class='bond-4 atom-1 atom-7' d='M 234.3,216.3 L 254.5,204.6' style='fill:none;fill-rule:evenodd;stroke:#000000;stroke-width:2.0px;stroke-linecap:butt;stroke-linejoin:miter;stroke-opacity:1' />
<path class='bond-4 atom-1 atom-7' d='M 254.5,204.6 L 274.7,193.0' style='fill:none;fill-rule:evenodd;stroke:#0000FF;stroke-width:2.0px;stroke-linecap:butt;stroke-linejoin:miter;stroke-opacity:1' />
<path class='bond-5 atom-2 atom-3' d='M 171.3,169.1 L 171.3,143.5' style='fill:none;fill-rule:evenodd;stroke:#0000FF;stroke-width:2.0px;stroke-linecap:butt;stroke-linejoin:miter;stroke-opacity:1' />
<path class='bond-5 atom-2 atom-3' d='M 171.3,143.5 L 171.3,117.9' style='fill:none;fill-rule:evenodd;stroke:#000000;stroke-width:2.0px;stroke-linecap:butt;stroke-linejoin:miter;stroke-opacity:1' />
<path class='bond-6 atom-3 atom-4' d='M 171.3,117.9 L 193.8,104.9' style='fill:none;fill-rule:evenodd;stroke:#000000;stroke-width:2.0px;stroke-linecap:butt;stroke-linejoin:miter;stroke-opacity:1' />
<path class='bond-6 atom-3 atom-4' d='M 193.8,104.9 L 216.3,91.9' style='fill:none;fill-rule:evenodd;stroke:#0000FF;stroke-width:2.0px;stroke-linecap:butt;stroke-linejoin:miter;stroke-opacity:1' />
<path class='bond-7 atom-3 atom-8' d='M 171.3,117.9 L 148.8,104.9' style='fill:none;fill-rule:evenodd;stroke:#000000;stroke-width:2.0px;stroke-linecap:butt;stroke-linejoin:miter;stroke-opacity:1' />
<path class='bond-7 atom-3 atom-8' d='M 148.8,104.9 L 126.2,91.9' style='fill:none;fill-rule:evenodd;stroke:#0000FF;stroke-width:2.0px;stroke-linecap:butt;stroke-linejoin:miter;stroke-opacity:1' />
<path class='bond-7 atom-3 atom-8' d='M 175.9,109.8 L 153.4,96.8' style='fill:none;fill-rule:evenodd;stroke:#000000;stroke-width:2.0px;stroke-linecap:butt;stroke-linejoin:miter;stroke-opacity:1' />
<path class='bond-7 atom-3 atom-8' d='M 153.4,96.8 L 130.9,83.8' style='fill:none;fill-rule:evenodd;stroke:#0000FF;stroke-width:2.0px;stroke-linecap:butt;stroke-linejoin:miter;stroke-opacity:1' />
<path class='bond-8 atom-2 atom-9' d='M 162.6,184.9 L 144.5,195.4' style='fill:none;fill-rule:evenodd;stroke:#0000FF;stroke-width:2.0px;stroke-linecap:butt;stroke-linejoin:miter;stroke-opacity:1' />
<path class='bond-8 atom-2 atom-9' d='M 144.5,195.4 L 126.5,205.8' style='fill:none;fill-rule:evenodd;stroke:#000000;stroke-width:2.0px;stroke-linecap:butt;stroke-linejoin:miter;stroke-opacity:1' />
<path class='bond-9 atom-4 atom-10' d='M 225.0,76.0 L 225.0,55.8' style='fill:none;fill-rule:evenodd;stroke:#0000FF;stroke-width:2.0px;stroke-linecap:butt;stroke-linejoin:miter;stroke-opacity:1' />
<path class='bond-9 atom-4 atom-10' d='M 225.0,55.8 L 225.0,35.6' style='fill:none;fill-rule:evenodd;stroke:#000000;stroke-width:2.0px;stroke-linecap:butt;stroke-linejoin:miter;stroke-opacity:1' />
<path class='bond-10 atom-4 atom-11' d='M 233.7,91.9 L 251.8,102.3' style='fill:none;fill-rule:evenodd;stroke:#0000FF;stroke-width:2.0px;stroke-linecap:butt;stroke-linejoin:miter;stroke-opacity:1' />
<path class='bond-10 atom-4 atom-11' d='M 251.8,102.3 L 269.8,112.7' style='fill:none;fill-rule:evenodd;stroke:#000000;stroke-width:2.0px;stroke-linecap:butt;stroke-linejoin:miter;stroke-opacity:1' />
<path class='bond-11 atom-7 atom-12' d='M 287.4,184.9 L 305.5,195.4' style='fill:none;fill-rule:evenodd;stroke:#0000FF;stroke-width:2.0px;stroke-linecap:butt;stroke-linejoin:miter;stroke-opacity:1' />
<path class='bond-11 atom-7 atom-12' d='M 305.5,195.4 L 323.5,205.8' style='fill:none;fill-rule:evenodd;stroke:#000000;stroke-width:2.0px;stroke-linecap:butt;stroke-linejoin:miter;stroke-opacity:1' />
<path class='bond-12 atom-8 atom-13' d='M 117.5,76.0 L 117.5,55.8' style='fill:none;fill-rule:evenodd;stroke:#0000FF;stroke-width:2.0px;stroke-linecap:butt;stroke-linejoin:miter;stroke-opacity:1' />
<path class='bond-12 atom-8 atom-13' d='M 117.5,55.8 L 117.5,35.6' style='fill:none;fill-rule:evenodd;stroke:#000000;stroke-width:2.0px;stroke-linecap:butt;stroke-linejoin:miter;stroke-opacity:1' />
<path class='atom-0' d='M 221.1 264.2
L 226.9 273.5
Q 227.4 274.4, 228.4 276.1
Q 229.3 277.7, 229.3 277.8
L 229.3 264.2
L 231.7 264.2
L 231.7 281.8
L 229.3 281.8
L 223.1 271.6
Q 222.4 270.4, 221.6 269.0
Q 220.8 267.7, 220.6 267.2
L 220.6 281.8
L 218.3 281.8
L 218.3 264.2
L 221.1 264.2
' fill='#0000FF'/>
<path class='atom-2' d='M 167.4 171.1
L 173.1 180.4
Q 173.7 181.3, 174.6 183.0
Q 175.5 184.7, 175.6 184.8
L 175.6 171.1
L 177.9 171.1
L 177.9 188.7
L 175.5 188.7
L 169.3 178.5
Q 168.6 177.3, 167.9 176.0
Q 167.1 174.6, 166.9 174.2
L 166.9 188.7
L 164.6 188.7
L 164.6 171.1
L 167.4 171.1
' fill='#0000FF'/>
<path class='atom-4' d='M 221.1 78.0
L 226.9 87.4
Q 227.4 88.3, 228.4 89.9
Q 229.3 91.6, 229.3 91.7
L 229.3 78.0
L 231.7 78.0
L 231.7 95.6
L 229.3 95.6
L 223.1 85.4
Q 222.4 84.3, 221.6 82.9
Q 220.8 81.5, 220.6 81.1
L 220.6 95.6
L 218.3 95.6
L 218.3 78.0
L 221.1 78.0
' fill='#0000FF'/>
<path class='atom-7' d='M 274.9 171.1
L 280.6 180.4
Q 281.2 181.3, 282.1 183.0
Q 283.0 184.7, 283.1 184.8
L 283.1 171.1
L 285.4 171.1
L 285.4 188.7
L 283.0 188.7
L 276.8 178.5
Q 276.1 177.3, 275.3 176.0
Q 274.6 174.6, 274.4 174.2
L 274.4 188.7
L 272.1 188.7
L 272.1 171.1
L 274.9 171.1
' fill='#0000FF'/>
<path class='atom-8' d='M 113.6 78.0
L 119.4 87.4
Q 120.0 88.3, 120.9 89.9
Q 121.8 91.6, 121.9 91.7
L 121.9 78.0
L 124.2 78.0
L 124.2 95.6
L 121.8 95.6
L 115.6 85.4
Q 114.9 84.3, 114.1 82.9
Q 113.4 81.5, 113.1 81.1
L 113.1 95.6
L 110.9 95.6
L 110.9 78.0
L 113.6 78.0
' fill='#0000FF'/>
<path class='atom-9' d='M 110.7 202.1
L 113.0 202.1
L 113.0 209.6
L 122.0 209.6
L 122.0 202.1
L 124.4 202.1
L 124.4 219.7
L 122.0 219.7
L 122.0 211.6
L 113.0 211.6
L 113.0 219.7
L 110.7 219.7
L 110.7 202.1
' fill='#000000'/>
<path class='atom-10' d='M 218.1 16.0
L 220.5 16.0
L 220.5 23.5
L 229.5 23.5
L 229.5 16.0
L 231.9 16.0
L 231.9 33.6
L 229.5 33.6
L 229.5 25.5
L 220.5 25.5
L 220.5 33.6
L 218.1 33.6
L 218.1 16.0
' fill='#000000'/>
<path class='atom-11' d='M 271.9 109.1
L 274.2 109.1
L 274.2 116.5
L 283.2 116.5
L 283.2 109.1
L 285.6 109.1
L 285.6 126.6
L 283.2 126.6
L 283.2 118.5
L 274.2 118.5
L 274.2 126.6
L 271.9 126.6
L 271.9 109.1
' fill='#000000'/>
<path class='atom-12' d='M 325.6 202.1
L 328.0 202.1
L 328.0 209.6
L 337.0 209.6
L 337.0 202.1
L 339.3 202.1
L 339.3 219.7
L 337.0 219.7
L 337.0 211.6
L 328.0 211.6
L 328.0 219.7
L 325.6 219.7
L 325.6 202.1
' fill='#000000'/>
<path class='atom-13' d='M 110.7 16.0
L 113.0 16.0
L 113.0 23.5
L 122.0 23.5
L 122.0 16.0
L 124.4 16.0
L 124.4 33.6
L 122.0 33.6
L 122.0 25.5
L 113.0 25.5
L 113.0 33.6
L 110.7 33.6
L 110.7 16.0
' fill='#000000'/>
</svg>

