Tokens:
Keyword	6R	0
Sep	,	2
Digit	2	3
Haf	-	4
Keyword	=	5
Sep	,	6
LParen	(	7
Digit	1	8
Sep	,	9
Digit	4	10
RParen	)	11
Semi	;	12
LParen	(	13
Digit	1	14
Sep	,	15
Digit	1	16
RParen	)	17
Keyword	C	18
Semi	;	19
End		20
AST:
CPO #1:
  Interface L (connect):
    Poses: 0
  Core: 6R
  Subs: entry attach
    Poses: 2
    Sub Core:
      Core: =
  Interface R (connect):
    Poses: 1, 4
CPO #2:
  Interface L (connect):
    Poses: 1, 1
  Core: C
  Subs: empty
  Interface R (connect):
    Poses: 0
IR:
C(1,2,6,7,0,0,0)
C(2,3,1,3,0,0,0)
C(3,4,2,2,0,0,0)
C(4,5,3,7,0,0,0)
C(5,6,4,0,0,0,0)
C(6,1,5,0,0,0,0)
C(7,1,4,0,0,0,0)
SVG:
<?xml version='1.0' encoding='iso-8859-1'?>
<svg version='1.1' baseProfile='full'
              xmlns='http://www.w3.org/2000/svg'
                      xmlns:rdkit='http://www.rdkit.org/xml'
                      xmlns:xlink='http://www.w3.org/1999/xlink'
                  xml:space='preserve'
width='450px' height='320px' viewBox='0 0 450 320'>
<!-- END OF HEADER -->
<rect style='opacity:1.0;fill:#FFFFFF;stroke:none' width='450.0' height='320.0' x='0.0' y='0.0'> </rect>
<path class='bond-0 atom-0 atom-1' d='M 296.1,62.2 L 383.9,183.1' style='fill:none;fill-rule:evenodd;stroke:#000000;stroke-width:2.0px;stroke-linecap:butt;stroke-linejoin:miter;stroke-opacity:1' />
<path class='bond-1 atom-0 atom-5' d='M 296.1,62.2 L 153.9,16.0' style='fill:none;fill-rule:evenodd;stroke:#000000;stroke-width:2.0px;stroke-linecap:butt;stroke-linejoin:miter;stroke-opacity:1' />
<path class='bond-2 atom-0 atom-6' d='M 296.1,62.2 L 153.9,108.4' style='fill:none;fill-rule:evenodd;stroke:#000000;stroke-width:2.0px;stroke-linecap:butt;stroke-linejoin:miter;stroke-opacity:1' />
<path class='bond-3 atom-1 atom-2' d='M 383.9,183.1 L 296.1,304.0' style='fill:none;fill-rule:evenodd;stroke:#000000;stroke-width:2.0px;stroke-linecap:butt;stroke-linejoin:miter;stroke-opacity:1' />
<path class='bond-3 atom-1 atom-2' d='M 356.2,183.1 L 287.5,277.6' style='fill:none;fill-rule:evenodd;stroke:#000000;stroke-width:2.0px;stroke-linecap:butt;stroke-linejoin:miter;stroke-opacity:1' />
<path class='bond-4 atom-2 atom-3' d='M 296.1,304.0 L 153.9,257.8' style='fill:none;fill-rule:evenodd;stroke:#000000;stroke-width:2.0px;stroke-linecap:butt;stroke-linejoin:miter;stroke-opacity:1' />
<path class='bond-5 atom-3 atom-4' d='M 153.9,257.8 L 66.1,136.9' style='fill:none;fill-rule:evenodd;stroke:#000000;stroke-width:2.0px;stroke-linecap:butt;stroke-linejoin:miter;stroke-opacity:1' />
<path class='bond-6 atom-3 atom-6' d='M 153.9,257.8 L 153.9,108.4' style='fill:none;fill-rule:evenodd;stroke:#000000;stroke-width:2.0px;stroke-linecap:butt;stroke-linejoin:miter;stroke-opacity:1' />
<path class='bond-7 atom-4 atom-5' d='M 66.1,136.9 L 153.9,16.0' style='fill:none;fill-rule:evenodd;stroke:#000000;stroke-width:2.0px;stroke-linecap:butt;stroke-linejoin:miter;stroke-opacity:1' />
<path d='M 379.5,177.0 L 383.9,183.1 L 379.5,189.1' style='fill:none;stroke:#000000;stroke-width:2.0px;stroke-linecap:butt;stroke-linejoin:miter;stroke-opacity:1;' />
<path d='M 300.5,298.0 L 296.1,304.0 L 289.0,301.7' style='fill:none;stroke:#000000;stroke-width:2.0px;stroke-linecap:butt;stroke-linejoin:miter;stroke-opacity:1;' />
<path d='M 70.5,143.0 L 66.1,136.9 L 70.5,130.9' style='fill:none;stroke:#000000;stroke-width:2.0px;stroke-linecap:butt;stroke-linejoin:miter;stroke-opacity:1;' />
<path d='M 161.0,18.3 L 153.9,16.0 L 149.5,22.0' style='fill:none;stroke:#000000;stroke-width:2.0px;stroke-linecap:butt;stroke-linejoin:miter;stroke-opacity:1;' />
<path d='M 161.0,106.1 L 153.9,108.4 L 153.9,115.8' style='fill:none;stroke:#000000;stroke-width:2.0px;stroke-linecap:butt;stroke-linejoin:miter;stroke-opacity:1;' />
</svg>

