Tokens:
LParen	(	0
Digit	0	1
RParen	)	2
Keyword	Ox5	3
Sep	,	6
Digit	2	7
Haf	-	8
Keyword	=O	9
Sep	,	11
Digit	3	12
Haf	-	13
Keyword	=	14
Sep	,	15
Digit	3	16
Haf	-	17
Keyword	OH	18
Sep	,	20
Digit	4	21
Haf	-	22
Keyword	OH	23
Sep	,	25
Digit	5	26
Haf	-	27
LStr	[	28
LParen	(	29
Digit	1	30
RParen	)	31
Keyword	C	32
Keyword	C	33
Sep	,	34
Digit	1	35
Haf	-	36
Keyword	OH	37
Sep	,	39
Digit	2	40
Haf	-	41
Keyword	OH	42
Sep	,	44
LParen	(	45
Digit	0	46
RParen	)	47
RStr	]	48
Sep	,	49
LParen	(	50
Digit	0	51
RParen	)	52
Semi	;	53
End		54
AST:
CPO #1:
  Interface L (connect):
    Poses: 0
  Core: Ox5
  Subs: entry attach
    Poses: 2
    Sub Core:
      Core: =O
    Next:
      Subs: entry attach
        Poses: 3
        Sub Core:
          Core: =
        Next:
          Subs: entry attach
            Poses: 3
            Sub Core:
              Core: OH
            Next:
              Subs: entry attach
                Poses: 4
                Sub Core:
                  Core: OH
                Next:
                  Subs: entry attach
                    Poses: 5
                    Group:
                      Interface L (connect):
                        Poses: 1
                      Core: C C
                      Subs: entry attach
                        Poses: 1
                        Sub Core:
                          Core: OH
                        Next:
                          Subs: entry attach
                            Poses: 2
                            Sub Core:
                              Core: OH
                      Interface R (connect):
                        Poses: 0
  Interface R (connect):
    Poses: 0
IR:
O(1,2,5,0,0,0,0)
C(2,1,3,6,6,0,0)
C(3,2,4,4,7,0,0)
C(4,3,5,3,9,0,0)
C(5,4,1,11,0,0,0)
O(6,2,2,0,0,0,0)
O(7,8,3,0,0,0,0)
H(8,7,0,0,0,0,0)
O(9,10,4,0,0,0,0)
H(10,9,0,0,0,0,0)
C(11,12,13,5,0,0,0)
C(12,11,15,0,0,0,0)
O(13,14,11,0,0,0,0)
H(14,13,0,0,0,0,0)
O(15,16,12,0,0,0,0)
H(16,15,0,0,0,0,0)
SVG:
<?xml version='1.0' encoding='iso-8859-1'?>
<svg version='1.1' baseProfile='full'
              xmlns='http://www.w3.org/2000/svg'
                      xmlns:rdkit='http://www.rdkit.org/xml'
                      xmlns:xlink='http://www.w3.org/1999/xlink'
                  xml:space='preserve'
width='450px' height='320px' viewBox='0 0 450 320'>
<!-- END OF HEADER -->
<rect style='opacity:1.0;fill:#FFFFFF;stroke:none' width='450.0' height='320.0' x='0.0' y='0.0'> </rect>
<path class='bond-0 atom-0 atom-1' d='M 251.7,106.4 L 239.6,89.9' style='fill:none;fill-rule:evenodd;stroke:#FF0000;stroke-width:2.0px;stroke-linecap:butt;stroke-linejoin:miter;stroke-opacity:1' />
<path class='bond-0 atom-0 atom-1' d='M 239.6,89.9 L 227.6,73.3' style='fill:none;fill-rule:evenodd;stroke:#000000;stroke-width:2.0px;stroke-linecap:butt;stroke-linejoin:miter;stroke-opacity:1' />
<path class='bond-1 atom-0 atom-4' d='M 251.5,125.1 L 239.6,141.6' style='fill:none;fill-rule:evenodd;stroke:#FF0000;stroke-width:2.0px;stroke-linecap:butt;stroke-linejoin:miter;stroke-opacity:1' />
<path class='bond-1 atom-0 atom-4' d='M 239.6,141.6 L 227.6,158.0' style='fill:none;fill-rule:evenodd;stroke:#000000;stroke-width:2.0px;stroke-linecap:butt;stroke-linejoin:miter;stroke-opacity:1' />
<path class='bond-2 atom-1 atom-2' d='M 227.6,73.3 L 177.8,89.5' style='fill:none;fill-rule:evenodd;stroke:#000000;stroke-width:2.0px;stroke-linecap:butt;stroke-linejoin:miter;stroke-opacity:1' />
<path class='bond-3 atom-1 atom-5' d='M 230.5,77.2 L 237.4,55.7' style='fill:none;fill-rule:evenodd;stroke:#000000;stroke-width:2.0px;stroke-linecap:butt;stroke-linejoin:miter;stroke-opacity:1' />
<path class='bond-3 atom-1 atom-5' d='M 237.4,55.7 L 244.4,34.2' style='fill:none;fill-rule:evenodd;stroke:#FF0000;stroke-width:2.0px;stroke-linecap:butt;stroke-linejoin:miter;stroke-opacity:1' />
<path class='bond-3 atom-1 atom-5' d='M 223.0,74.8 L 230.0,53.3' style='fill:none;fill-rule:evenodd;stroke:#000000;stroke-width:2.0px;stroke-linecap:butt;stroke-linejoin:miter;stroke-opacity:1' />
<path class='bond-3 atom-1 atom-5' d='M 230.0,53.3 L 237.0,31.7' style='fill:none;fill-rule:evenodd;stroke:#FF0000;stroke-width:2.0px;stroke-linecap:butt;stroke-linejoin:miter;stroke-opacity:1' />
<path class='bond-4 atom-2 atom-3' d='M 177.8,89.5 L 177.8,141.9' style='fill:none;fill-rule:evenodd;stroke:#000000;stroke-width:2.0px;stroke-linecap:butt;stroke-linejoin:miter;stroke-opacity:1' />
<path class='bond-4 atom-2 atom-3' d='M 185.6,95.2 L 185.6,136.2' style='fill:none;fill-rule:evenodd;stroke:#000000;stroke-width:2.0px;stroke-linecap:butt;stroke-linejoin:miter;stroke-opacity:1' />
<path class='bond-5 atom-2 atom-6' d='M 177.8,89.5 L 160.9,77.2' style='fill:none;fill-rule:evenodd;stroke:#000000;stroke-width:2.0px;stroke-linecap:butt;stroke-linejoin:miter;stroke-opacity:1' />
<path class='bond-5 atom-2 atom-6' d='M 160.9,77.2 L 144.0,64.9' style='fill:none;fill-rule:evenodd;stroke:#FF0000;stroke-width:2.0px;stroke-linecap:butt;stroke-linejoin:miter;stroke-opacity:1' />
<path class='bond-6 atom-3 atom-4' d='M 177.8,141.9 L 227.6,158.0' style='fill:none;fill-rule:evenodd;stroke:#000000;stroke-width:2.0px;stroke-linecap:butt;stroke-linejoin:miter;stroke-opacity:1' />
<path class='bond-7 atom-3 atom-8' d='M 177.8,141.9 L 160.9,154.2' style='fill:none;fill-rule:evenodd;stroke:#000000;stroke-width:2.0px;stroke-linecap:butt;stroke-linejoin:miter;stroke-opacity:1' />
<path class='bond-7 atom-3 atom-8' d='M 160.9,154.2 L 144.0,166.4' style='fill:none;fill-rule:evenodd;stroke:#FF0000;stroke-width:2.0px;stroke-linecap:butt;stroke-linejoin:miter;stroke-opacity:1' />
<path class='bond-8 atom-4 atom-10' d='M 227.6,158.0 L 243.8,207.9' style='fill:none;fill-rule:evenodd;stroke:#000000;stroke-width:2.0px;stroke-linecap:butt;stroke-linejoin:miter;stroke-opacity:1' />
<path class='bond-9 atom-6 atom-7' d='M 126.9,62.5 L 111.0,69.6' style='fill:none;fill-rule:evenodd;stroke:#FF0000;stroke-width:2.0px;stroke-linecap:butt;stroke-linejoin:miter;stroke-opacity:1' />
<path class='bond-9 atom-6 atom-7' d='M 111.0,69.6 L 95.1,76.7' style='fill:none;fill-rule:evenodd;stroke:#000000;stroke-width:2.0px;stroke-linecap:butt;stroke-linejoin:miter;stroke-opacity:1' />
<path class='bond-10 atom-8 atom-9' d='M 136.4,182.1 L 138.2,198.8' style='fill:none;fill-rule:evenodd;stroke:#FF0000;stroke-width:2.0px;stroke-linecap:butt;stroke-linejoin:miter;stroke-opacity:1' />
<path class='bond-10 atom-8 atom-9' d='M 138.2,198.8 L 139.9,215.6' style='fill:none;fill-rule:evenodd;stroke:#000000;stroke-width:2.0px;stroke-linecap:butt;stroke-linejoin:miter;stroke-opacity:1' />
<path class='bond-11 atom-10 atom-11' d='M 243.8,207.9 L 295.0,218.7' style='fill:none;fill-rule:evenodd;stroke:#000000;stroke-width:2.0px;stroke-linecap:butt;stroke-linejoin:miter;stroke-opacity:1' />
<path class='bond-12 atom-10 atom-12' d='M 243.8,207.9 L 230.4,222.7' style='fill:none;fill-rule:evenodd;stroke:#000000;stroke-width:2.0px;stroke-linecap:butt;stroke-linejoin:miter;stroke-opacity:1' />
<path class='bond-12 atom-10 atom-12' d='M 230.4,222.7 L 217.0,237.5' style='fill:none;fill-rule:evenodd;stroke:#FF0000;stroke-width:2.0px;stroke-linecap:butt;stroke-linejoin:miter;stroke-opacity:1' />
<path class='bond-13 atom-11 atom-14' d='M 295.0,218.7 L 301.6,239.0' style='fill:none;fill-rule:evenodd;stroke:#000000;stroke-width:2.0px;stroke-linecap:butt;stroke-linejoin:miter;stroke-opacity:1' />
<path class='bond-13 atom-11 atom-14' d='M 301.6,239.0 L 308.2,259.3' style='fill:none;fill-rule:evenodd;stroke:#FF0000;stroke-width:2.0px;stroke-linecap:butt;stroke-linejoin:miter;stroke-opacity:1' />
<path class='bond-14 atom-12 atom-13' d='M 211.8,256.2 L 216.9,271.8' style='fill:none;fill-rule:evenodd;stroke:#FF0000;stroke-width:2.0px;stroke-linecap:butt;stroke-linejoin:miter;stroke-opacity:1' />
<path class='bond-14 atom-12 atom-13' d='M 216.9,271.8 L 222.0,287.4' style='fill:none;fill-rule:evenodd;stroke:#000000;stroke-width:2.0px;stroke-linecap:butt;stroke-linejoin:miter;stroke-opacity:1' />
<path class='bond-15 atom-14 atom-15' d='M 319.7,270.4 L 337.3,274.1' style='fill:none;fill-rule:evenodd;stroke:#FF0000;stroke-width:2.0px;stroke-linecap:butt;stroke-linejoin:miter;stroke-opacity:1' />
<path class='bond-15 atom-14 atom-15' d='M 337.3,274.1 L 354.9,277.8' style='fill:none;fill-rule:evenodd;stroke:#000000;stroke-width:2.0px;stroke-linecap:butt;stroke-linejoin:miter;stroke-opacity:1' />
<path d='M 228.2,74.1 L 227.6,73.3 L 225.1,74.1' style='fill:none;stroke:#000000;stroke-width:2.0px;stroke-linecap:butt;stroke-linejoin:miter;stroke-opacity:1;' />
<path d='M 292.4,218.2 L 295.0,218.7 L 295.3,219.8' style='fill:none;stroke:#000000;stroke-width:2.0px;stroke-linecap:butt;stroke-linejoin:miter;stroke-opacity:1;' />
<path class='atom-0' d='M 251.6 115.7
Q 251.6 112.2, 253.3 110.2
Q 255.1 108.2, 258.4 108.2
Q 261.7 108.2, 263.4 110.2
Q 265.2 112.2, 265.2 115.7
Q 265.2 119.3, 263.4 121.4
Q 261.6 123.4, 258.4 123.4
Q 255.1 123.4, 253.3 121.4
Q 251.6 119.3, 251.6 115.7
M 258.4 121.7
Q 260.6 121.7, 261.9 120.2
Q 263.1 118.7, 263.1 115.7
Q 263.1 112.8, 261.9 111.3
Q 260.6 109.9, 258.4 109.9
Q 256.1 109.9, 254.9 111.3
Q 253.7 112.8, 253.7 115.7
Q 253.7 118.7, 254.9 120.2
Q 256.1 121.7, 258.4 121.7
' fill='#FF0000'/>
<path class='atom-5' d='M 237.0 23.5
Q 237.0 20.0, 238.7 18.0
Q 240.5 16.0, 243.8 16.0
Q 247.1 16.0, 248.8 18.0
Q 250.6 20.0, 250.6 23.5
Q 250.6 27.1, 248.8 29.2
Q 247.0 31.2, 243.8 31.2
Q 240.5 31.2, 238.7 29.2
Q 237.0 27.2, 237.0 23.5
M 243.8 29.6
Q 246.0 29.6, 247.3 28.0
Q 248.5 26.5, 248.5 23.5
Q 248.5 20.6, 247.3 19.2
Q 246.0 17.7, 243.8 17.7
Q 241.5 17.7, 240.3 19.1
Q 239.1 20.6, 239.1 23.5
Q 239.1 26.5, 240.3 28.0
Q 241.5 29.6, 243.8 29.6
' fill='#FF0000'/>
<path class='atom-6' d='M 128.6 58.8
Q 128.6 55.2, 130.4 53.2
Q 132.1 51.2, 135.4 51.2
Q 138.7 51.2, 140.5 53.2
Q 142.2 55.2, 142.2 58.8
Q 142.2 62.4, 140.4 64.4
Q 138.7 66.4, 135.4 66.4
Q 132.2 66.4, 130.4 64.4
Q 128.6 62.4, 128.6 58.8
M 135.4 64.8
Q 137.7 64.8, 138.9 63.3
Q 140.1 61.7, 140.1 58.8
Q 140.1 55.8, 138.9 54.4
Q 137.7 52.9, 135.4 52.9
Q 133.2 52.9, 131.9 54.4
Q 130.7 55.8, 130.7 58.8
Q 130.7 61.7, 131.9 63.3
Q 133.2 64.8, 135.4 64.8
' fill='#FF0000'/>
<path class='atom-7' d='M 81.8 72.6
L 83.8 72.6
L 83.8 78.9
L 91.4 78.9
L 91.4 72.6
L 93.4 72.6
L 93.4 87.4
L 91.4 87.4
L 91.4 80.6
L 83.8 80.6
L 83.8 87.4
L 81.8 87.4
L 81.8 72.6
' fill='#000000'/>
<path class='atom-8' d='M 128.6 172.7
Q 128.6 169.1, 130.4 167.1
Q 132.1 165.1, 135.4 165.1
Q 138.7 165.1, 140.5 167.1
Q 142.2 169.1, 142.2 172.7
Q 142.2 176.3, 140.4 178.3
Q 138.7 180.4, 135.4 180.4
Q 132.2 180.4, 130.4 178.3
Q 128.6 176.3, 128.6 172.7
M 135.4 178.7
Q 137.7 178.7, 138.9 177.2
Q 140.1 175.7, 140.1 172.7
Q 140.1 169.8, 138.9 168.3
Q 137.7 166.8, 135.4 166.8
Q 133.2 166.8, 131.9 168.3
Q 130.7 169.8, 130.7 172.7
Q 130.7 175.7, 131.9 177.2
Q 133.2 178.7, 135.4 178.7
' fill='#FF0000'/>
<path class='atom-9' d='M 135.1 217.3
L 137.1 217.3
L 137.1 223.6
L 144.7 223.6
L 144.7 217.3
L 146.7 217.3
L 146.7 232.1
L 144.7 232.1
L 144.7 225.3
L 137.1 225.3
L 137.1 232.1
L 135.1 232.1
L 135.1 217.3
' fill='#000000'/>
<path class='atom-12' d='M 201.9 246.8
Q 201.9 243.3, 203.7 241.3
Q 205.5 239.3, 208.7 239.3
Q 212.0 239.3, 213.8 241.3
Q 215.5 243.3, 215.5 246.8
Q 215.5 250.4, 213.8 252.5
Q 212.0 254.5, 208.7 254.5
Q 205.5 254.5, 203.7 252.5
Q 201.9 250.4, 201.9 246.8
M 208.7 252.8
Q 211.0 252.8, 212.2 251.3
Q 213.5 249.8, 213.5 246.8
Q 213.5 243.9, 212.2 242.4
Q 211.0 241.0, 208.7 241.0
Q 206.5 241.0, 205.2 242.4
Q 204.0 243.9, 204.0 246.8
Q 204.0 249.8, 205.2 251.3
Q 206.5 252.8, 208.7 252.8
' fill='#FF0000'/>
<path class='atom-13' d='M 219.1 289.2
L 221.1 289.2
L 221.1 295.5
L 228.7 295.5
L 228.7 289.2
L 230.7 289.2
L 230.7 304.0
L 228.7 304.0
L 228.7 297.1
L 221.1 297.1
L 221.1 304.0
L 219.1 304.0
L 219.1 289.2
' fill='#000000'/>
<path class='atom-14' d='M 304.4 268.6
Q 304.4 265.0, 306.1 263.0
Q 307.9 261.1, 311.2 261.1
Q 314.5 261.1, 316.2 263.0
Q 318.0 265.0, 318.0 268.6
Q 318.0 272.2, 316.2 274.3
Q 314.4 276.3, 311.2 276.3
Q 307.9 276.3, 306.1 274.3
Q 304.4 272.2, 304.4 268.6
M 311.2 274.6
Q 313.5 274.6, 314.7 273.1
Q 315.9 271.6, 315.9 268.6
Q 315.9 265.7, 314.7 264.2
Q 313.5 262.7, 311.2 262.7
Q 308.9 262.7, 307.7 264.2
Q 306.5 265.7, 306.5 268.6
Q 306.5 271.6, 307.7 273.1
Q 308.9 274.6, 311.2 274.6
' fill='#FF0000'/>
<path class='atom-15' d='M 356.6 272.0
L 358.6 272.0
L 358.6 278.3
L 366.2 278.3
L 366.2 272.0
L 368.2 272.0
L 368.2 286.9
L 366.2 286.9
L 366.2 280.0
L 358.6 280.0
L 358.6 286.9
L 356.6 286.9
L 356.6 272.0
' fill='#000000'/>
</svg>

